[ 2013-02-26T14:35:14+08:00 ] 127.0.0.1 /ikphp/
INFO: [ app_begin ] --START--
INFO: Run ReadHtmlCache Behavior [ RunTime:0.042332s ]
INFO: Run load_lang Behavior [ RunTime:0.017943s ]
INFO: [ app_begin ] --END-- [ RunTime:0.060533s ]
INFO: [ view_template ] --START--
INFO: Run LocationTemplate Behavior [ RunTime:0.011686s ]
INFO: [ view_template ] --END-- [ RunTime:0.011829s ]
INFO: [ view_parse ] --START--
NOTIC: [8] Use of undefined constant base - assumed 'base' D:\APMServ5.2.6\www\htdocs\IKPHP\data\runtime\Cache\home\fd296fa28a1e3de4b4b086da2abdf505.php 第 74 行.
NOTIC: [8] Use of undefined constant site_title - assumed 'site_title' D:\APMServ5.2.6\www\htdocs\IKPHP\data\runtime\Cache\home\fd296fa28a1e3de4b4b086da2abdf505.php 第 74 行.
NOTIC: [8] Undefined variable: IK_SITE D:\APMServ5.2.6\www\htdocs\IKPHP\data\runtime\Cache\home\fd296fa28a1e3de4b4b086da2abdf505.php 第 74 行.
NOTIC: [8] Use of undefined constant base - assumed 'base' D:\APMServ5.2.6\www\htdocs\IKPHP\data\runtime\Cache\home\fd296fa28a1e3de4b4b086da2abdf505.php 第 74 行.
NOTIC: [8] Use of undefined constant site_title - assumed 'site_title' D:\APMServ5.2.6\www\htdocs\IKPHP\data\runtime\Cache\home\fd296fa28a1e3de4b4b086da2abdf505.php 第 74 行.
NOTIC: [8] Undefined variable: IK_SITE D:\APMServ5.2.6\www\htdocs\IKPHP\data\runtime\Cache\home\fd296fa28a1e3de4b4b086da2abdf505.php 第 74 行.
NOTIC: [8] Use of undefined constant info - assumed 'info' D:\APMServ5.2.6\www\htdocs\IKPHP\data\runtime\Cache\home\fd296fa28a1e3de4b4b086da2abdf505.php 第 107 行.
NOTIC: [8] Use of undefined constant url - assumed 'url' D:\APMServ5.2.6\www\htdocs\IKPHP\data\runtime\Cache\home\fd296fa28a1e3de4b4b086da2abdf505.php 第 107 行.
NOTIC: [8] Undefined variable: IK_SOFT D:\APMServ5.2.6\www\htdocs\IKPHP\data\runtime\Cache\home\fd296fa28a1e3de4b4b086da2abdf505.php 第 107 行.
NOTIC: [8] Use of undefined constant info - assumed 'info' D:\APMServ5.2.6\www\htdocs\IKPHP\data\runtime\Cache\home\fd296fa28a1e3de4b4b086da2abdf505.php 第 107 行.
NOTIC: [8] Use of undefined constant name - assumed 'name' D:\APMServ5.2.6\www\htdocs\IKPHP\data\runtime\Cache\home\fd296fa28a1e3de4b4b086da2abdf505.php 第 107 行.
NOTIC: [8] Undefined variable: IK_SOFT D:\APMServ5.2.6\www\htdocs\IKPHP\data\runtime\Cache\home\fd296fa28a1e3de4b4b086da2abdf505.php 第 107 行.
NOTIC: [8] Use of undefined constant info - assumed 'info' D:\APMServ5.2.6\www\htdocs\IKPHP\data\runtime\Cache\home\fd296fa28a1e3de4b4b086da2abdf505.php 第 107 行.
NOTIC: [8] Use of undefined constant version - assumed 'version' D:\APMServ5.2.6\www\htdocs\IKPHP\data\runtime\Cache\home\fd296fa28a1e3de4b4b086da2abdf505.php 第 107 行.
NOTIC: [8] Undefined variable: IK_SOFT D:\APMServ5.2.6\www\htdocs\IKPHP\data\runtime\Cache\home\fd296fa28a1e3de4b4b086da2abdf505.php 第 107 行.
NOTIC: [8] Use of undefined constant info - assumed 'info' D:\APMServ5.2.6\www\htdocs\IKPHP\data\runtime\Cache\home\fd296fa28a1e3de4b4b086da2abdf505.php 第 107 行.
NOTIC: [8] Use of undefined constant year - assumed 'year' D:\APMServ5.2.6\www\htdocs\IKPHP\data\runtime\Cache\home\fd296fa28a1e3de4b4b086da2abdf505.php 第 107 行.
NOTIC: [8] Undefined variable: IK_SOFT D:\APMServ5.2.6\www\htdocs\IKPHP\data\runtime\Cache\home\fd296fa28a1e3de4b4b086da2abdf505.php 第 107 行.
NOTIC: [8] Use of undefined constant base - assumed 'base' D:\APMServ5.2.6\www\htdocs\IKPHP\data\runtime\Cache\home\fd296fa28a1e3de4b4b086da2abdf505.php 第 107 行.
NOTIC: [8] Use of undefined constant site_icp - assumed 'site_icp' D:\APMServ5.2.6\www\htdocs\IKPHP\data\runtime\Cache\home\fd296fa28a1e3de4b4b086da2abdf505.php 第 107 行.
NOTIC: [8] Undefined variable: IK_SITE D:\APMServ5.2.6\www\htdocs\IKPHP\data\runtime\Cache\home\fd296fa28a1e3de4b4b086da2abdf505.php 第 107 行.
NOTIC: [8] Undefined variable: runTime D:\APMServ5.2.6\www\htdocs\IKPHP\data\runtime\Cache\home\fd296fa28a1e3de4b4b086da2abdf505.php 第 107 行.
INFO: Run ParseTemplate Behavior [ RunTime:0.091541s ]
INFO: [ view_parse ] --END-- [ RunTime:0.091646s ]
INFO: [ view_filter ] --START--
INFO: Run ContentReplace Behavior [ RunTime:0.003577s ]
INFO: Run TokenBuild Behavior [ RunTime:0.003211s ]
INFO: Run WriteHtmlCache Behavior [ RunTime:0.003544s ]
INFO: Run ShowRuntime Behavior [ RunTime:0.011843s ]
INFO: Run content_replace Behavior [ RunTime:0.013894s ]
INFO: [ view_filter ] --END-- [ RunTime:0.036488s ]
INFO: [ view_end ] --START--
INFO: Run ShowPageTrace Behavior [ RunTime:0.002298s ]
INFO: [ view_end ] --END-- [ RunTime:0.002405s ]

[ 2013-02-26T14:35:17+08:00 ] 127.0.0.1 /ikphp/index.php?g=home&m=user&a=login
INFO: [ app_begin ] --START--
INFO: Run ReadHtmlCache Behavior [ RunTime:0.001092s ]
INFO: Run load_lang Behavior [ RunTime:0.027418s ]
INFO: [ app_begin ] --END-- [ RunTime:0.028737s ]
INFO: [ view_template ] --START--
INFO: Run LocationTemplate Behavior [ RunTime:0.002342s ]
INFO: [ view_template ] --END-- [ RunTime:0.002462s ]
INFO: [ view_parse ] --START--
NOTIC: [8] Use of undefined constant base - assumed 'base' D:\APMServ5.2.6\www\htdocs\IKPHP\data\runtime\Cache\home\0c23d7b0e810a9dfdb8a1e37d6243ddb.php 第 75 行.
NOTIC: [8] Use of undefined constant site_title - assumed 'site_title' D:\APMServ5.2.6\www\htdocs\IKPHP\data\runtime\Cache\home\0c23d7b0e810a9dfdb8a1e37d6243ddb.php 第 75 行.
NOTIC: [8] Undefined variable: IK_SITE D:\APMServ5.2.6\www\htdocs\IKPHP\data\runtime\Cache\home\0c23d7b0e810a9dfdb8a1e37d6243ddb.php 第 75 行.
NOTIC: [8] Use of undefined constant base - assumed 'base' D:\APMServ5.2.6\www\htdocs\IKPHP\data\runtime\Cache\home\0c23d7b0e810a9dfdb8a1e37d6243ddb.php 第 75 行.
NOTIC: [8] Use of undefined constant site_title - assumed 'site_title' D:\APMServ5.2.6\www\htdocs\IKPHP\data\runtime\Cache\home\0c23d7b0e810a9dfdb8a1e37d6243ddb.php 第 75 行.
NOTIC: [8] Undefined variable: IK_SITE D:\APMServ5.2.6\www\htdocs\IKPHP\data\runtime\Cache\home\0c23d7b0e810a9dfdb8a1e37d6243ddb.php 第 75 行.
NOTIC: [8] Use of undefined constant info - assumed 'info' D:\APMServ5.2.6\www\htdocs\IKPHP\data\runtime\Cache\home\0c23d7b0e810a9dfdb8a1e37d6243ddb.php 第 138 行.
NOTIC: [8] Use of undefined constant url - assumed 'url' D:\APMServ5.2.6\www\htdocs\IKPHP\data\runtime\Cache\home\0c23d7b0e810a9dfdb8a1e37d6243ddb.php 第 138 行.
NOTIC: [8] Undefined variable: IK_SOFT D:\APMServ5.2.6\www\htdocs\IKPHP\data\runtime\Cache\home\0c23d7b0e810a9dfdb8a1e37d6243ddb.php 第 138 行.
NOTIC: [8] Use of undefined constant info - assumed 'info' D:\APMServ5.2.6\www\htdocs\IKPHP\data\runtime\Cache\home\0c23d7b0e810a9dfdb8a1e37d6243ddb.php 第 138 行.
NOTIC: [8] Use of undefined constant name - assumed 'name' D:\APMServ5.2.6\www\htdocs\IKPHP\data\runtime\Cache\home\0c23d7b0e810a9dfdb8a1e37d6243ddb.php 第 138 行.
NOTIC: [8] Undefined variable: IK_SOFT D:\APMServ5.2.6\www\htdocs\IKPHP\data\runtime\Cache\home\0c23d7b0e810a9dfdb8a1e37d6243ddb.php 第 138 行.
NOTIC: [8] Use of undefined constant info - assumed 'info' D:\APMServ5.2.6\www\htdocs\IKPHP\data\runtime\Cache\home\0c23d7b0e810a9dfdb8a1e37d6243ddb.php 第 138 行.
NOTIC: [8] Use of undefined constant version - assumed 'version' D:\APMServ5.2.6\www\htdocs\IKPHP\data\runtime\Cache\home\0c23d7b0e810a9dfdb8a1e37d6243ddb.php 第 138 行.
NOTIC: [8] Undefined variable: IK_SOFT D:\APMServ5.2.6\www\htdocs\IKPHP\data\runtime\Cache\home\0c23d7b0e810a9dfdb8a1e37d6243ddb.php 第 138 行.
NOTIC: [8] Use of undefined constant info - assumed 'info' D:\APMServ5.2.6\www\htdocs\IKPHP\data\runtime\Cache\home\0c23d7b0e810a9dfdb8a1e37d6243ddb.php 第 138 行.
NOTIC: [8] Use of undefined constant year - assumed 'year' D:\APMServ5.2.6\www\htdocs\IKPHP\data\runtime\Cache\home\0c23d7b0e810a9dfdb8a1e37d6243ddb.php 第 138 行.
NOTIC: [8] Undefined variable: IK_SOFT D:\APMServ5.2.6\www\htdocs\IKPHP\data\runtime\Cache\home\0c23d7b0e810a9dfdb8a1e37d6243ddb.php 第 138 行.
NOTIC: [8] Use of undefined constant base - assumed 'base' D:\APMServ5.2.6\www\htdocs\IKPHP\data\runtime\Cache\home\0c23d7b0e810a9dfdb8a1e37d6243ddb.php 第 138 行.
NOTIC: [8] Use of undefined constant site_icp - assumed 'site_icp' D:\APMServ5.2.6\www\htdocs\IKPHP\data\runtime\Cache\home\0c23d7b0e810a9dfdb8a1e37d6243ddb.php 第 138 行.
NOTIC: [8] Undefined variable: IK_SITE D:\APMServ5.2.6\www\htdocs\IKPHP\data\runtime\Cache\home\0c23d7b0e810a9dfdb8a1e37d6243ddb.php 第 138 行.
NOTIC: [8] Undefined variable: runTime D:\APMServ5.2.6\www\htdocs\IKPHP\data\runtime\Cache\home\0c23d7b0e810a9dfdb8a1e37d6243ddb.php 第 138 行.
INFO: Run ParseTemplate Behavior [ RunTime:0.031212s ]
INFO: [ view_parse ] --END-- [ RunTime:0.031323s ]
INFO: [ view_filter ] --START--
INFO: Run ContentReplace Behavior [ RunTime:0.001457s ]
INFO: Run TokenBuild Behavior [ RunTime:0.001321s ]
INFO: Run WriteHtmlCache Behavior [ RunTime:0.001238s ]
INFO: Run ShowRuntime Behavior [ RunTime:0.000635s ]
INFO: Run content_replace Behavior [ RunTime:0.002795s ]
INFO: [ view_filter ] --END-- [ RunTime:0.007810s ]
INFO: [ view_end ] --START--
INFO: Run ShowPageTrace Behavior [ RunTime:0.000634s ]
INFO: [ view_end ] --END-- [ RunTime:0.000731s ]

