[ 2013-02-06T13:15:49+08:00 ] ERR: (ThinkException) 无法加载模块:user
[ 2013-02-06T13:15:56+08:00 ] 127.0.0.1 /ikphp/index.php?m=User&a=index
INFO: [ app_begin ] --START--
INFO: Run ReadHtmlCache Behavior [ RunTime:0.000422s ]
INFO: [ app_begin ] --END-- [ RunTime:0.000571s ]
INFO: [ view_template ] --START--
INFO: Run LocationTemplate Behavior [ RunTime:0.001581s ]
INFO: [ view_template ] --END-- [ RunTime:0.001718s ]
INFO: [ view_parse ] --START--
INFO: Run ParseTemplate Behavior [ RunTime:0.030684s ]
INFO: [ view_parse ] --END-- [ RunTime:0.030817s ]
INFO: [ view_filter ] --START--
INFO: Run ContentReplace Behavior [ RunTime:0.000932s ]
INFO: Run TokenBuild Behavior [ RunTime:0.000842s ]
INFO: Run WriteHtmlCache Behavior [ RunTime:0.000763s ]
INFO: Run ShowRuntime Behavior [ RunTime:0.000844s ]
INFO: [ view_filter ] --END-- [ RunTime:0.003654s ]
INFO: [ view_end ] --START--
INFO: Run ShowPageTrace Behavior [ RunTime:0.000852s ]
INFO: [ view_end ] --END-- [ RunTime:0.000946s ]

[ 2013-02-06T13:16:09+08:00 ] 127.0.0.1 /ikphp/index.php?m=User&a=index
INFO: [ app_begin ] --START--
INFO: Run ReadHtmlCache Behavior [ RunTime:0.000396s ]
INFO: [ app_begin ] --END-- [ RunTime:0.000520s ]
INFO: [ view_template ] --START--
INFO: Run LocationTemplate Behavior [ RunTime:0.000399s ]
INFO: [ view_template ] --END-- [ RunTime:0.000516s ]
INFO: [ view_parse ] --START--
INFO: Run ParseTemplate Behavior [ RunTime:0.007189s ]
INFO: [ view_parse ] --END-- [ RunTime:0.007325s ]
INFO: [ view_filter ] --START--
INFO: Run ContentReplace Behavior [ RunTime:0.000423s ]
INFO: Run TokenBuild Behavior [ RunTime:0.000350s ]
INFO: Run WriteHtmlCache Behavior [ RunTime:0.000258s ]
INFO: Run ShowRuntime Behavior [ RunTime:0.000345s ]
INFO: [ view_filter ] --END-- [ RunTime:0.001623s ]
INFO: [ view_end ] --START--
INFO: Run ShowPageTrace Behavior [ RunTime:0.000337s ]
INFO: [ view_end ] --END-- [ RunTime:0.000424s ]

[ 2013-02-06T13:16:10+08:00 ] 127.0.0.1 /ikphp/index.php?m=User&a=index
INFO: [ app_begin ] --START--
INFO: Run ReadHtmlCache Behavior [ RunTime:0.000410s ]
INFO: [ app_begin ] --END-- [ RunTime:0.000567s ]
INFO: [ view_template ] --START--
INFO: Run LocationTemplate Behavior [ RunTime:0.000366s ]
INFO: [ view_template ] --END-- [ RunTime:0.000474s ]
INFO: [ view_parse ] --START--
INFO: Run ParseTemplate Behavior [ RunTime:0.006789s ]
INFO: [ view_parse ] --END-- [ RunTime:0.006920s ]
INFO: [ view_filter ] --START--
INFO: Run ContentReplace Behavior [ RunTime:0.000410s ]
INFO: Run TokenBuild Behavior [ RunTime:0.000318s ]
INFO: Run WriteHtmlCache Behavior [ RunTime:0.000257s ]
INFO: Run ShowRuntime Behavior [ RunTime:0.000324s ]
INFO: [ view_filter ] --END-- [ RunTime:0.001548s ]
INFO: [ view_end ] --START--
INFO: Run ShowPageTrace Behavior [ RunTime:0.000326s ]
INFO: [ view_end ] --END-- [ RunTime:0.000411s ]

[ 2013-02-06T13:16:10+08:00 ] 127.0.0.1 /ikphp/index.php?m=User&a=index
INFO: [ app_begin ] --START--
INFO: Run ReadHtmlCache Behavior [ RunTime:0.000355s ]
INFO: [ app_begin ] --END-- [ RunTime:0.000470s ]
INFO: [ view_template ] --START--
INFO: Run LocationTemplate Behavior [ RunTime:0.000417s ]
INFO: [ view_template ] --END-- [ RunTime:0.000535s ]
INFO: [ view_parse ] --START--
INFO: Run ParseTemplate Behavior [ RunTime:0.003306s ]
INFO: [ view_parse ] --END-- [ RunTime:0.003427s ]
INFO: [ view_filter ] --START--
INFO: Run ContentReplace Behavior [ RunTime:0.000387s ]
INFO: Run TokenBuild Behavior [ RunTime:0.000319s ]
INFO: Run WriteHtmlCache Behavior [ RunTime:0.000244s ]
INFO: Run ShowRuntime Behavior [ RunTime:0.000345s ]
INFO: [ view_filter ] --END-- [ RunTime:0.001538s ]
INFO: [ view_end ] --START--
INFO: Run ShowPageTrace Behavior [ RunTime:0.000319s ]
INFO: [ view_end ] --END-- [ RunTime:0.000403s ]

[ 2013-02-06T13:16:10+08:00 ] 127.0.0.1 /ikphp/index.php?m=User&a=index
INFO: [ app_begin ] --START--
INFO: Run ReadHtmlCache Behavior [ RunTime:0.000523s ]
INFO: [ app_begin ] --END-- [ RunTime:0.000657s ]
INFO: [ view_template ] --START--
INFO: Run LocationTemplate Behavior [ RunTime:0.000398s ]
INFO: [ view_template ] --END-- [ RunTime:0.000510s ]
INFO: [ view_parse ] --START--
INFO: Run ParseTemplate Behavior [ RunTime:0.003353s ]
INFO: [ view_parse ] --END-- [ RunTime:0.003472s ]
INFO: [ view_filter ] --START--
INFO: Run ContentReplace Behavior [ RunTime:0.000379s ]
INFO: Run TokenBuild Behavior [ RunTime:0.000322s ]
INFO: Run WriteHtmlCache Behavior [ RunTime:0.000261s ]
INFO: Run ShowRuntime Behavior [ RunTime:0.000354s ]
INFO: [ view_filter ] --END-- [ RunTime:0.001567s ]
INFO: [ view_end ] --START--
INFO: Run ShowPageTrace Behavior [ RunTime:0.000336s ]
INFO: [ view_end ] --END-- [ RunTime:0.000423s ]

[ 2013-02-06T13:16:10+08:00 ] 127.0.0.1 /ikphp/index.php?m=User&a=index
INFO: [ app_begin ] --START--
INFO: Run ReadHtmlCache Behavior [ RunTime:0.000372s ]
INFO: [ app_begin ] --END-- [ RunTime:0.000484s ]
INFO: [ view_template ] --START--
INFO: Run LocationTemplate Behavior [ RunTime:0.000381s ]
INFO: [ view_template ] --END-- [ RunTime:0.000491s ]
INFO: [ view_parse ] --START--
INFO: Run ParseTemplate Behavior [ RunTime:0.003302s ]
INFO: [ view_parse ] --END-- [ RunTime:0.003425s ]
INFO: [ view_filter ] --START--
INFO: Run ContentReplace Behavior [ RunTime:0.000370s ]
INFO: Run TokenBuild Behavior [ RunTime:0.000336s ]
INFO: Run WriteHtmlCache Behavior [ RunTime:0.000243s ]
INFO: Run ShowRuntime Behavior [ RunTime:0.000325s ]
INFO: [ view_filter ] --END-- [ RunTime:0.001525s ]
INFO: [ view_end ] --START--
INFO: Run ShowPageTrace Behavior [ RunTime:0.000467s ]
INFO: [ view_end ] --END-- [ RunTime:0.000579s ]

[ 2013-02-06T13:16:10+08:00 ] 127.0.0.1 /ikphp/index.php?m=User&a=index
INFO: [ app_begin ] --START--
INFO: Run ReadHtmlCache Behavior [ RunTime:0.000363s ]
INFO: [ app_begin ] --END-- [ RunTime:0.000474s ]
INFO: [ view_template ] --START--
INFO: Run LocationTemplate Behavior [ RunTime:0.000386s ]
INFO: [ view_template ] --END-- [ RunTime:0.000497s ]
INFO: [ view_parse ] --START--
INFO: Run ParseTemplate Behavior [ RunTime:0.003344s ]
INFO: [ view_parse ] --END-- [ RunTime:0.003471s ]
INFO: [ view_filter ] --START--
INFO: Run ContentReplace Behavior [ RunTime:0.000465s ]
INFO: Run TokenBuild Behavior [ RunTime:0.000328s ]
INFO: Run WriteHtmlCache Behavior [ RunTime:0.000244s ]
INFO: Run ShowRuntime Behavior [ RunTime:0.000322s ]
INFO: [ view_filter ] --END-- [ RunTime:0.001659s ]
INFO: [ view_end ] --START--
INFO: Run ShowPageTrace Behavior [ RunTime:0.000343s ]
INFO: [ view_end ] --END-- [ RunTime:0.000429s ]

[ 2013-02-06T13:16:10+08:00 ] 127.0.0.1 /ikphp/index.php?m=User&a=index
INFO: [ app_begin ] --START--
INFO: Run ReadHtmlCache Behavior [ RunTime:0.000349s ]
INFO: [ app_begin ] --END-- [ RunTime:0.000459s ]
INFO: [ view_template ] --START--
INFO: Run LocationTemplate Behavior [ RunTime:0.000367s ]
INFO: [ view_template ] --END-- [ RunTime:0.000478s ]
INFO: [ view_parse ] --START--
INFO: Run ParseTemplate Behavior [ RunTime:0.003345s ]
INFO: [ view_parse ] --END-- [ RunTime:0.003484s ]
INFO: [ view_filter ] --START--
INFO: Run ContentReplace Behavior [ RunTime:0.000352s ]
INFO: Run TokenBuild Behavior [ RunTime:0.000307s ]
INFO: Run WriteHtmlCache Behavior [ RunTime:0.000266s ]
INFO: Run ShowRuntime Behavior [ RunTime:0.000334s ]
INFO: [ view_filter ] --END-- [ RunTime:0.001492s ]
INFO: [ view_end ] --START--
INFO: Run ShowPageTrace Behavior [ RunTime:0.000338s ]
INFO: [ view_end ] --END-- [ RunTime:0.000425s ]

[ 2013-02-06T13:17:33+08:00 ] 127.0.0.1 /ikphp/index.php?m=User&a=index
INFO: [ app_begin ] --START--
INFO: Run ReadHtmlCache Behavior [ RunTime:0.000422s ]
INFO: [ app_begin ] --END-- [ RunTime:0.000555s ]
INFO: [ view_template ] --START--
INFO: Run LocationTemplate Behavior [ RunTime:0.000403s ]
INFO: [ view_template ] --END-- [ RunTime:0.000523s ]
INFO: [ view_parse ] --START--
INFO: Run ParseTemplate Behavior [ RunTime:0.006949s ]
INFO: [ view_parse ] --END-- [ RunTime:0.007088s ]
INFO: [ view_filter ] --START--
INFO: Run ContentReplace Behavior [ RunTime:0.000457s ]
INFO: Run TokenBuild Behavior [ RunTime:0.000325s ]
INFO: Run WriteHtmlCache Behavior [ RunTime:0.000274s ]
INFO: Run ShowRuntime Behavior [ RunTime:0.000337s ]
INFO: [ view_filter ] --END-- [ RunTime:0.001642s ]
INFO: [ view_end ] --START--
INFO: Run ShowPageTrace Behavior [ RunTime:0.000349s ]
INFO: [ view_end ] --END-- [ RunTime:0.000435s ]

[ 2013-02-06T13:17:33+08:00 ] 127.0.0.1 /ikphp/index.php?m=User&a=index
INFO: [ app_begin ] --START--
INFO: Run ReadHtmlCache Behavior [ RunTime:0.000348s ]
INFO: [ app_begin ] --END-- [ RunTime:0.000463s ]
INFO: [ view_template ] --START--
INFO: Run LocationTemplate Behavior [ RunTime:0.000388s ]
INFO: [ view_template ] --END-- [ RunTime:0.000498s ]
INFO: [ view_parse ] --START--
INFO: Run ParseTemplate Behavior [ RunTime:0.003283s ]
INFO: [ view_parse ] --END-- [ RunTime:0.003400s ]
INFO: [ view_filter ] --START--
INFO: Run ContentReplace Behavior [ RunTime:0.000369s ]
INFO: Run TokenBuild Behavior [ RunTime:0.000314s ]
INFO: Run WriteHtmlCache Behavior [ RunTime:0.000241s ]
INFO: Run ShowRuntime Behavior [ RunTime:0.000337s ]
INFO: [ view_filter ] --END-- [ RunTime:0.001492s ]
INFO: [ view_end ] --START--
INFO: Run ShowPageTrace Behavior [ RunTime:0.000322s ]
INFO: [ view_end ] --END-- [ RunTime:0.000406s ]

[ 2013-02-06T13:17:34+08:00 ] 127.0.0.1 /ikphp/index.php?m=User&a=index
INFO: [ app_begin ] --START--
INFO: Run ReadHtmlCache Behavior [ RunTime:0.000353s ]
INFO: [ app_begin ] --END-- [ RunTime:0.000466s ]
INFO: [ view_template ] --START--
INFO: Run LocationTemplate Behavior [ RunTime:0.000380s ]
INFO: [ view_template ] --END-- [ RunTime:0.000498s ]
INFO: [ view_parse ] --START--
INFO: Run ParseTemplate Behavior [ RunTime:0.003548s ]
INFO: [ view_parse ] --END-- [ RunTime:0.003672s ]
INFO: [ view_filter ] --START--
INFO: Run ContentReplace Behavior [ RunTime:0.000358s ]
INFO: Run TokenBuild Behavior [ RunTime:0.000323s ]
INFO: Run WriteHtmlCache Behavior [ RunTime:0.000251s ]
INFO: Run ShowRuntime Behavior [ RunTime:0.000328s ]
INFO: [ view_filter ] --END-- [ RunTime:0.001495s ]
INFO: [ view_end ] --START--
INFO: Run ShowPageTrace Behavior [ RunTime:0.000326s ]
INFO: [ view_end ] --END-- [ RunTime:0.000423s ]

[ 2013-02-06T13:17:37+08:00 ] 127.0.0.1 /ikphp/index.php?m=User&a=index
INFO: [ app_begin ] --START--
INFO: Run ReadHtmlCache Behavior [ RunTime:0.000362s ]
INFO: [ app_begin ] --END-- [ RunTime:0.000475s ]
INFO: [ view_template ] --START--
INFO: Run LocationTemplate Behavior [ RunTime:0.000377s ]
INFO: [ view_template ] --END-- [ RunTime:0.000490s ]
INFO: [ view_parse ] --START--
INFO: Run ParseTemplate Behavior [ RunTime:0.006719s ]
INFO: [ view_parse ] --END-- [ RunTime:0.006866s ]
INFO: [ view_filter ] --START--
INFO: Run ContentReplace Behavior [ RunTime:0.000438s ]
INFO: Run TokenBuild Behavior [ RunTime:0.000334s ]
INFO: Run WriteHtmlCache Behavior [ RunTime:0.000256s ]
INFO: Run ShowRuntime Behavior [ RunTime:0.000352s ]
INFO: [ view_filter ] --END-- [ RunTime:0.001628s ]
INFO: [ view_end ] --START--
INFO: Run ShowPageTrace Behavior [ RunTime:0.000338s ]
INFO: [ view_end ] --END-- [ RunTime:0.000422s ]

[ 2013-02-06T13:17:37+08:00 ] 127.0.0.1 /ikphp/index.php?m=User&a=index
INFO: [ app_begin ] --START--
INFO: Run ReadHtmlCache Behavior [ RunTime:0.000349s ]
INFO: [ app_begin ] --END-- [ RunTime:0.000459s ]
INFO: [ view_template ] --START--
INFO: Run LocationTemplate Behavior [ RunTime:0.000366s ]
INFO: [ view_template ] --END-- [ RunTime:0.000478s ]
INFO: [ view_parse ] --START--
INFO: Run ParseTemplate Behavior [ RunTime:0.003238s ]
INFO: [ view_parse ] --END-- [ RunTime:0.003373s ]
INFO: [ view_filter ] --START--
INFO: Run ContentReplace Behavior [ RunTime:0.000441s ]
INFO: Run TokenBuild Behavior [ RunTime:0.000329s ]
INFO: Run WriteHtmlCache Behavior [ RunTime:0.000249s ]
INFO: Run ShowRuntime Behavior [ RunTime:0.000327s ]
INFO: [ view_filter ] --END-- [ RunTime:0.001633s ]
INFO: [ view_end ] --START--
INFO: Run ShowPageTrace Behavior [ RunTime:0.000351s ]
INFO: [ view_end ] --END-- [ RunTime:0.000439s ]

[ 2013-02-06T13:17:37+08:00 ] 127.0.0.1 /ikphp/index.php?m=User&a=index
INFO: [ app_begin ] --START--
INFO: Run ReadHtmlCache Behavior [ RunTime:0.000344s ]
INFO: [ app_begin ] --END-- [ RunTime:0.000456s ]
INFO: [ view_template ] --START--
INFO: Run LocationTemplate Behavior [ RunTime:0.000376s ]
INFO: [ view_template ] --END-- [ RunTime:0.000486s ]
INFO: [ view_parse ] --START--
INFO: Run ParseTemplate Behavior [ RunTime:0.003517s ]
INFO: [ view_parse ] --END-- [ RunTime:0.003644s ]
INFO: [ view_filter ] --START--
INFO: Run ContentReplace Behavior [ RunTime:0.000357s ]
INFO: Run TokenBuild Behavior [ RunTime:0.000335s ]
INFO: Run WriteHtmlCache Behavior [ RunTime:0.000261s ]
INFO: Run ShowRuntime Behavior [ RunTime:0.000326s ]
INFO: [ view_filter ] --END-- [ RunTime:0.001517s ]
INFO: [ view_end ] --START--
INFO: Run ShowPageTrace Behavior [ RunTime:0.000320s ]
INFO: [ view_end ] --END-- [ RunTime:0.000403s ]

[ 2013-02-06T13:17:37+08:00 ] 127.0.0.1 /ikphp/index.php?m=User&a=index
INFO: [ app_begin ] --START--
INFO: Run ReadHtmlCache Behavior [ RunTime:0.000349s ]
INFO: [ app_begin ] --END-- [ RunTime:0.000460s ]
INFO: [ view_template ] --START--
INFO: Run LocationTemplate Behavior [ RunTime:0.000398s ]
INFO: [ view_template ] --END-- [ RunTime:0.000511s ]
INFO: [ view_parse ] --START--
INFO: Run ParseTemplate Behavior [ RunTime:0.003288s ]
INFO: [ view_parse ] --END-- [ RunTime:0.003406s ]
INFO: [ view_filter ] --START--
INFO: Run ContentReplace Behavior [ RunTime:0.000367s ]
INFO: Run TokenBuild Behavior [ RunTime:0.000311s ]
INFO: Run WriteHtmlCache Behavior [ RunTime:0.000247s ]
INFO: Run ShowRuntime Behavior [ RunTime:0.000412s ]
INFO: [ view_filter ] --END-- [ RunTime:0.001598s ]
INFO: [ view_end ] --START--
INFO: Run ShowPageTrace Behavior [ RunTime:0.000336s ]
INFO: [ view_end ] --END-- [ RunTime:0.000422s ]

[ 2013-02-06T13:18:27+08:00 ] 127.0.0.1 /ikphp/index.php?m=User&a=index
INFO: [ app_begin ] --START--
INFO: Run ReadHtmlCache Behavior [ RunTime:0.000848s ]
INFO: [ app_begin ] --END-- [ RunTime:0.000969s ]
INFO: [ view_template ] --START--
INFO: Run LocationTemplate Behavior [ RunTime:0.001486s ]
INFO: [ view_template ] --END-- [ RunTime:0.001624s ]
INFO: [ view_parse ] --START--
INFO: Run ParseTemplate Behavior [ RunTime:0.009553s ]
INFO: [ view_parse ] --END-- [ RunTime:0.009686s ]
INFO: [ view_filter ] --START--
INFO: Run ContentReplace Behavior [ RunTime:0.000943s ]
INFO: Run TokenBuild Behavior [ RunTime:0.000840s ]
INFO: Run WriteHtmlCache Behavior [ RunTime:0.000800s ]
INFO: Run ShowRuntime Behavior [ RunTime:0.000901s ]
INFO: [ view_filter ] --END-- [ RunTime:0.003767s ]
INFO: [ view_end ] --START--
INFO: Run ShowPageTrace Behavior [ RunTime:0.000849s ]
INFO: [ view_end ] --END-- [ RunTime:0.000941s ]

[ 2013-02-06T13:18:27+08:00 ] 127.0.0.1 /ikphp/index.php?m=User&a=index
INFO: [ app_begin ] --START--
INFO: Run ReadHtmlCache Behavior [ RunTime:0.000346s ]
INFO: [ app_begin ] --END-- [ RunTime:0.000456s ]
INFO: [ view_template ] --START--
INFO: Run LocationTemplate Behavior [ RunTime:0.000419s ]
INFO: [ view_template ] --END-- [ RunTime:0.000533s ]
INFO: [ view_parse ] --START--
INFO: Run ParseTemplate Behavior [ RunTime:0.003338s ]
INFO: [ view_parse ] --END-- [ RunTime:0.003459s ]
INFO: [ view_filter ] --START--
INFO: Run ContentReplace Behavior [ RunTime:0.000370s ]
INFO: Run TokenBuild Behavior [ RunTime:0.000306s ]
INFO: Run WriteHtmlCache Behavior [ RunTime:0.000246s ]
INFO: Run ShowRuntime Behavior [ RunTime:0.000329s ]
INFO: [ view_filter ] --END-- [ RunTime:0.001498s ]
INFO: [ view_end ] --START--
INFO: Run ShowPageTrace Behavior [ RunTime:0.000323s ]
INFO: [ view_end ] --END-- [ RunTime:0.000407s ]

[ 2013-02-06T13:18:28+08:00 ] 127.0.0.1 /ikphp/index.php?m=User&a=index
INFO: [ app_begin ] --START--
INFO: Run ReadHtmlCache Behavior [ RunTime:0.000370s ]
INFO: [ app_begin ] --END-- [ RunTime:0.000482s ]
INFO: [ view_template ] --START--
INFO: Run LocationTemplate Behavior [ RunTime:0.000362s ]
INFO: [ view_template ] --END-- [ RunTime:0.000478s ]
INFO: [ view_parse ] --START--
INFO: Run ParseTemplate Behavior [ RunTime:0.006731s ]
INFO: [ view_parse ] --END-- [ RunTime:0.006867s ]
INFO: [ view_filter ] --START--
INFO: Run ContentReplace Behavior [ RunTime:0.000442s ]
INFO: Run TokenBuild Behavior [ RunTime:0.000314s ]
INFO: Run WriteHtmlCache Behavior [ RunTime:0.000241s ]
INFO: Run ShowRuntime Behavior [ RunTime:0.000328s ]
INFO: [ view_filter ] --END-- [ RunTime:0.001578s ]
INFO: [ view_end ] --START--
INFO: Run ShowPageTrace Behavior [ RunTime:0.000324s ]
INFO: [ view_end ] --END-- [ RunTime:0.000408s ]

[ 2013-02-06T13:18:32+08:00 ] ERR: (ThinkException) 无法加载模块:user
[ 2013-02-06T13:18:33+08:00 ] ERR: (ThinkException) 无法加载模块:user
[ 2013-02-06T13:18:39+08:00 ] ERR: (ThinkException) 无法加载模块:user
[ 2013-02-06T13:18:40+08:00 ] ERR: (ThinkException) 无法加载模块:user
[ 2013-02-06T13:18:40+08:00 ] ERR: (ThinkException) 无法加载模块:user
[ 2013-02-06T13:18:40+08:00 ] ERR: (ThinkException) 无法加载模块:user
[ 2013-02-06T13:18:41+08:00 ] ERR: (ThinkException) 无法加载模块:user
[ 2013-02-06T13:18:43+08:00 ] ERR: (ThinkException) 无法加载模块:user
[ 2013-02-06T13:18:44+08:00 ] ERR: (ThinkException) 无法加载模块:user
[ 2013-02-06T13:18:44+08:00 ] ERR: (ThinkException) 无法加载模块:user
[ 2013-02-06T13:18:44+08:00 ] ERR: (ThinkException) 无法加载模块:user
[ 2013-02-06T13:18:44+08:00 ] ERR: (ThinkException) 无法加载模块:user
[ 2013-02-06T13:19:59+08:00 ] ERR: (ThinkException) 无法加载模块:user
[ 2013-02-06T13:20:00+08:00 ] ERR: (ThinkException) 无法加载模块:user
[ 2013-02-06T13:20:29+08:00 ] ERR: (ThinkException) 无法加载模块:user
[ 2013-02-06T13:20:29+08:00 ] ERR: (ThinkException) 无法加载模块:user
[ 2013-02-06T13:20:30+08:00 ] ERR: (ThinkException) 无法加载模块:user
[ 2013-02-06T13:20:30+08:00 ] ERR: (ThinkException) 无法加载模块:user
[ 2013-02-06T13:20:30+08:00 ] ERR: (ThinkException) 无法加载模块:user
[ 2013-02-06T13:20:31+08:00 ] ERR: (ThinkException) 无法加载模块:user
[ 2013-02-06T13:21:09+08:00 ] 127.0.0.1 /ikphp/index.php?m=user&a=index
INFO: [ app_begin ] --START--
INFO: Run ReadHtmlCache Behavior [ RunTime:0.000388s ]
INFO: [ app_begin ] --END-- [ RunTime:0.000531s ]
INFO: [ view_template ] --START--
INFO: Run LocationTemplate Behavior [ RunTime:0.001691s ]
INFO: [ view_template ] --END-- [ RunTime:0.001847s ]
INFO: [ view_parse ] --START--
INFO: Run ParseTemplate Behavior [ RunTime:0.029919s ]
INFO: [ view_parse ] --END-- [ RunTime:0.030113s ]
INFO: [ view_filter ] --START--
INFO: Run ContentReplace Behavior [ RunTime:0.001117s ]
INFO: Run TokenBuild Behavior [ RunTime:0.001032s ]
INFO: Run WriteHtmlCache Behavior [ RunTime:0.000915s ]
INFO: Run ShowRuntime Behavior [ RunTime:0.001044s ]
INFO: [ view_filter ] --END-- [ RunTime:0.004403s ]
INFO: [ view_end ] --START--
INFO: Run ShowPageTrace Behavior [ RunTime:0.001136s ]
INFO: [ view_end ] --END-- [ RunTime:0.001260s ]

[ 2013-02-06T13:21:10+08:00 ] 127.0.0.1 /ikphp/index.php?m=user&a=index
INFO: [ app_begin ] --START--
INFO: Run ReadHtmlCache Behavior [ RunTime:0.000376s ]
INFO: [ app_begin ] --END-- [ RunTime:0.000491s ]
INFO: [ view_template ] --START--
INFO: Run LocationTemplate Behavior [ RunTime:0.000427s ]
INFO: [ view_template ] --END-- [ RunTime:0.000554s ]
INFO: [ view_parse ] --START--
INFO: Run ParseTemplate Behavior [ RunTime:0.007095s ]
INFO: [ view_parse ] --END-- [ RunTime:0.007242s ]
INFO: [ view_filter ] --START--
INFO: Run ContentReplace Behavior [ RunTime:0.000431s ]
INFO: Run TokenBuild Behavior [ RunTime:0.000335s ]
INFO: Run WriteHtmlCache Behavior [ RunTime:0.000252s ]
INFO: Run ShowRuntime Behavior [ RunTime:0.000349s ]
INFO: [ view_filter ] --END-- [ RunTime:0.001609s ]
INFO: [ view_end ] --START--
INFO: Run ShowPageTrace Behavior [ RunTime:0.000460s ]
INFO: [ view_end ] --END-- [ RunTime:0.000619s ]

[ 2013-02-06T13:25:04+08:00 ] 127.0.0.1 /ikphp/index.php?m=user&a=index
INFO: [ app_begin ] --START--
INFO: Run ReadHtmlCache Behavior [ RunTime:0.000861s ]
INFO: [ app_begin ] --END-- [ RunTime:0.000986s ]
INFO: [ view_template ] --START--
INFO: Run LocationTemplate Behavior [ RunTime:0.001588s ]
INFO: [ view_template ] --END-- [ RunTime:0.001726s ]
INFO: [ view_parse ] --START--
INFO: Run ParseTemplate Behavior [ RunTime:0.010475s ]
INFO: [ view_parse ] --END-- [ RunTime:0.010659s ]
INFO: [ view_filter ] --START--
INFO: Run ContentReplace Behavior [ RunTime:0.001081s ]
INFO: Run TokenBuild Behavior [ RunTime:0.001227s ]
INFO: Run WriteHtmlCache Behavior [ RunTime:0.000965s ]
INFO: Run ShowRuntime Behavior [ RunTime:0.001328s ]
INFO: [ view_filter ] --END-- [ RunTime:0.004984s ]
INFO: [ view_end ] --START--
INFO: Run ShowPageTrace Behavior [ RunTime:0.001019s ]
INFO: [ view_end ] --END-- [ RunTime:0.001127s ]

[ 2013-02-06T13:25:04+08:00 ] 127.0.0.1 /ikphp/index.php?m=user&a=index
INFO: [ app_begin ] --START--
INFO: Run ReadHtmlCache Behavior [ RunTime:0.000371s ]
INFO: [ app_begin ] --END-- [ RunTime:0.000486s ]
INFO: [ view_template ] --START--
INFO: Run LocationTemplate Behavior [ RunTime:0.000401s ]
INFO: [ view_template ] --END-- [ RunTime:0.000525s ]
INFO: [ view_parse ] --START--
INFO: Run ParseTemplate Behavior [ RunTime:0.003480s ]
INFO: [ view_parse ] --END-- [ RunTime:0.003609s ]
INFO: [ view_filter ] --START--
INFO: Run ContentReplace Behavior [ RunTime:0.000365s ]
INFO: Run TokenBuild Behavior [ RunTime:0.000332s ]
INFO: Run WriteHtmlCache Behavior [ RunTime:0.000261s ]
INFO: Run ShowRuntime Behavior [ RunTime:0.000354s ]
INFO: [ view_filter ] --END-- [ RunTime:0.001554s ]
INFO: [ view_end ] --START--
INFO: Run ShowPageTrace Behavior [ RunTime:0.000348s ]
INFO: [ view_end ] --END-- [ RunTime:0.000434s ]

[ 2013-02-06T13:25:04+08:00 ] 127.0.0.1 /ikphp/index.php?m=user&a=index
INFO: [ app_begin ] --START--
INFO: Run ReadHtmlCache Behavior [ RunTime:0.000363s ]
INFO: [ app_begin ] --END-- [ RunTime:0.000481s ]
INFO: [ view_template ] --START--
INFO: Run LocationTemplate Behavior [ RunTime:0.000396s ]
INFO: [ view_template ] --END-- [ RunTime:0.000516s ]
INFO: [ view_parse ] --START--
INFO: Run ParseTemplate Behavior [ RunTime:0.003538s ]
INFO: [ view_parse ] --END-- [ RunTime:0.003675s ]
INFO: [ view_filter ] --START--
INFO: Run ContentReplace Behavior [ RunTime:0.000362s ]
INFO: Run TokenBuild Behavior [ RunTime:0.000308s ]
INFO: Run WriteHtmlCache Behavior [ RunTime:0.000260s ]
INFO: Run ShowRuntime Behavior [ RunTime:0.000337s ]
INFO: [ view_filter ] --END-- [ RunTime:0.001494s ]
INFO: [ view_end ] --START--
INFO: Run ShowPageTrace Behavior [ RunTime:0.000346s ]
INFO: [ view_end ] --END-- [ RunTime:0.000430s ]

[ 2013-02-06T13:25:05+08:00 ] 127.0.0.1 /ikphp/index.php?m=user&a=index
INFO: [ app_begin ] --START--
INFO: Run ReadHtmlCache Behavior [ RunTime:0.000394s ]
INFO: [ app_begin ] --END-- [ RunTime:0.000512s ]
INFO: [ view_template ] --START--
INFO: Run LocationTemplate Behavior [ RunTime:0.000420s ]
INFO: [ view_template ] --END-- [ RunTime:0.000542s ]
INFO: [ view_parse ] --START--
INFO: Run ParseTemplate Behavior [ RunTime:0.006978s ]
INFO: [ view_parse ] --END-- [ RunTime:0.007126s ]
INFO: [ view_filter ] --START--
INFO: Run ContentReplace Behavior [ RunTime:0.000416s ]
INFO: Run TokenBuild Behavior [ RunTime:0.000311s ]
INFO: Run WriteHtmlCache Behavior [ RunTime:0.000240s ]
INFO: Run ShowRuntime Behavior [ RunTime:0.000324s ]
INFO: [ view_filter ] --END-- [ RunTime:0.001535s ]
INFO: [ view_end ] --START--
INFO: Run ShowPageTrace Behavior [ RunTime:0.000331s ]
INFO: [ view_end ] --END-- [ RunTime:0.000415s ]

[ 2013-02-06T13:25:05+08:00 ] 127.0.0.1 /ikphp/index.php?m=user&a=index
INFO: [ app_begin ] --START--
INFO: Run ReadHtmlCache Behavior [ RunTime:0.000365s ]
INFO: [ app_begin ] --END-- [ RunTime:0.000478s ]
INFO: [ view_template ] --START--
INFO: Run LocationTemplate Behavior [ RunTime:0.000385s ]
INFO: [ view_template ] --END-- [ RunTime:0.000520s ]
INFO: [ view_parse ] --START--
INFO: Run ParseTemplate Behavior [ RunTime:0.003655s ]
INFO: [ view_parse ] --END-- [ RunTime:0.003787s ]
INFO: [ view_filter ] --START--
INFO: Run ContentReplace Behavior [ RunTime:0.000355s ]
INFO: Run TokenBuild Behavior [ RunTime:0.000317s ]
INFO: Run WriteHtmlCache Behavior [ RunTime:0.000244s ]
INFO: Run ShowRuntime Behavior [ RunTime:0.000325s ]
INFO: [ view_filter ] --END-- [ RunTime:0.001473s ]
INFO: [ view_end ] --START--
INFO: Run ShowPageTrace Behavior [ RunTime:0.000333s ]
INFO: [ view_end ] --END-- [ RunTime:0.000416s ]

[ 2013-02-06T13:25:05+08:00 ] 127.0.0.1 /ikphp/index.php?m=user&a=index
INFO: [ app_begin ] --START--
INFO: Run ReadHtmlCache Behavior [ RunTime:0.000357s ]
INFO: [ app_begin ] --END-- [ RunTime:0.000469s ]
INFO: [ view_template ] --START--
INFO: Run LocationTemplate Behavior [ RunTime:0.000391s ]
INFO: [ view_template ] --END-- [ RunTime:0.000533s ]
INFO: [ view_parse ] --START--
INFO: Run ParseTemplate Behavior [ RunTime:0.003435s ]
INFO: [ view_parse ] --END-- [ RunTime:0.003566s ]
INFO: [ view_filter ] --START--
INFO: Run ContentReplace Behavior [ RunTime:0.000346s ]
INFO: Run TokenBuild Behavior [ RunTime:0.000299s ]
INFO: Run WriteHtmlCache Behavior [ RunTime:0.000258s ]
INFO: Run ShowRuntime Behavior [ RunTime:0.000328s ]
INFO: [ view_filter ] --END-- [ RunTime:0.001462s ]
INFO: [ view_end ] --START--
INFO: Run ShowPageTrace Behavior [ RunTime:0.000339s ]
INFO: [ view_end ] --END-- [ RunTime:0.000424s ]

[ 2013-02-06T13:25:10+08:00 ] ERR: (ThinkException) 无法加载模块:user
[ 2013-02-06T13:25:11+08:00 ] ERR: (ThinkException) 无法加载模块:user
[ 2013-02-06T13:25:11+08:00 ] ERR: (ThinkException) 无法加载模块:user
[ 2013-02-06T13:25:28+08:00 ] ERR: (ThinkException) 无法加载模块:user
[ 2013-02-06T13:25:40+08:00 ] 127.0.0.1 /ikphp/index.php?m=user&a=index
INFO: [ app_begin ] --START--
INFO: Run ReadHtmlCache Behavior [ RunTime:0.000396s ]
INFO: [ app_begin ] --END-- [ RunTime:0.000515s ]
INFO: [ view_template ] --START--
INFO: Run LocationTemplate Behavior [ RunTime:0.000582s ]
INFO: [ view_template ] --END-- [ RunTime:0.000730s ]
INFO: [ view_parse ] --START--
INFO: Run ParseTemplate Behavior [ RunTime:0.007084s ]
INFO: [ view_parse ] --END-- [ RunTime:0.007232s ]
INFO: [ view_filter ] --START--
INFO: Run ContentReplace Behavior [ RunTime:0.000455s ]
INFO: Run TokenBuild Behavior [ RunTime:0.000325s ]
INFO: Run WriteHtmlCache Behavior [ RunTime:0.000253s ]
INFO: Run ShowRuntime Behavior [ RunTime:0.000349s ]
INFO: [ view_filter ] --END-- [ RunTime:0.001641s ]
INFO: [ view_end ] --START--
INFO: Run ShowPageTrace Behavior [ RunTime:0.000349s ]
INFO: [ view_end ] --END-- [ RunTime:0.000436s ]

[ 2013-02-06T13:25:41+08:00 ] 127.0.0.1 /ikphp/index.php?m=user&a=index
INFO: [ app_begin ] --START--
INFO: Run ReadHtmlCache Behavior [ RunTime:0.000356s ]
INFO: [ app_begin ] --END-- [ RunTime:0.000467s ]
INFO: [ view_template ] --START--
INFO: Run LocationTemplate Behavior [ RunTime:0.000387s ]
INFO: [ view_template ] --END-- [ RunTime:0.000541s ]
INFO: [ view_parse ] --START--
INFO: Run ParseTemplate Behavior [ RunTime:0.006970s ]
INFO: [ view_parse ] --END-- [ RunTime:0.007120s ]
INFO: [ view_filter ] --START--
INFO: Run ContentReplace Behavior [ RunTime:0.000421s ]
INFO: Run TokenBuild Behavior [ RunTime:0.000305s ]
INFO: Run WriteHtmlCache Behavior [ RunTime:0.000244s ]
INFO: Run ShowRuntime Behavior [ RunTime:0.000356s ]
INFO: [ view_filter ] --END-- [ RunTime:0.001559s ]
INFO: [ view_end ] --START--
INFO: Run ShowPageTrace Behavior [ RunTime:0.000325s ]
INFO: [ view_end ] --END-- [ RunTime:0.000407s ]

[ 2013-02-06T13:25:47+08:00 ] 127.0.0.1 /ikphp/index.php?m=user&a=index
INFO: [ app_begin ] --START--
INFO: Run ReadHtmlCache Behavior [ RunTime:0.000369s ]
INFO: [ app_begin ] --END-- [ RunTime:0.000485s ]
INFO: [ view_template ] --START--
INFO: Run LocationTemplate Behavior [ RunTime:0.000415s ]
INFO: [ view_template ] --END-- [ RunTime:0.000538s ]
INFO: [ view_parse ] --START--
INFO: Run ParseTemplate Behavior [ RunTime:0.007129s ]
INFO: [ view_parse ] --END-- [ RunTime:0.007286s ]
INFO: [ view_filter ] --START--
INFO: Run ContentReplace Behavior [ RunTime:0.000425s ]
INFO: Run TokenBuild Behavior [ RunTime:0.000350s ]
INFO: Run WriteHtmlCache Behavior [ RunTime:0.000270s ]
INFO: Run ShowRuntime Behavior [ RunTime:0.000351s ]
INFO: [ view_filter ] --END-- [ RunTime:0.001660s ]
INFO: [ view_end ] --START--
INFO: Run ShowPageTrace Behavior [ RunTime:0.000355s ]
INFO: [ view_end ] --END-- [ RunTime:0.000440s ]

[ 2013-02-06T13:28:17+08:00 ] 127.0.0.1 /ikphp/index.php?m=user&a=index
INFO: [ app_begin ] --START--
INFO: Run ReadHtmlCache Behavior [ RunTime:0.000871s ]
INFO: [ app_begin ] --END-- [ RunTime:0.001012s ]
INFO: [ view_template ] --START--
INFO: Run LocationTemplate Behavior [ RunTime:0.001513s ]
INFO: [ view_template ] --END-- [ RunTime:0.001635s ]
INFO: [ view_parse ] --START--
INFO: Run ParseTemplate Behavior [ RunTime:0.010031s ]
INFO: [ view_parse ] --END-- [ RunTime:0.010221s ]
INFO: [ view_filter ] --START--
INFO: Run ContentReplace Behavior [ RunTime:0.001123s ]
INFO: Run TokenBuild Behavior [ RunTime:0.001363s ]
INFO: Run WriteHtmlCache Behavior [ RunTime:0.001003s ]
INFO: Run ShowRuntime Behavior [ RunTime:0.001060s ]
INFO: [ view_filter ] --END-- [ RunTime:0.004962s ]
INFO: [ view_end ] --START--
INFO: Run ShowPageTrace Behavior [ RunTime:0.000998s ]
INFO: [ view_end ] --END-- [ RunTime:0.001112s ]

[ 2013-02-06T13:31:51+08:00 ] ERR: (ThinkException) 模板不存在[./app/Tpl/Home/default/User/index.html]
[ 2013-02-06T13:31:53+08:00 ] ERR: (ThinkException) 模板不存在[./app/Tpl/Home/default/User/index.html]
[ 2013-02-06T13:31:59+08:00 ] 127.0.0.1 /ikphp/index.php?m=user&a=register
INFO: [ app_begin ] --START--
INFO: Run ReadHtmlCache Behavior [ RunTime:0.000384s ]
INFO: [ app_begin ] --END-- [ RunTime:0.000519s ]
INFO: [ view_template ] --START--
INFO: Run LocationTemplate Behavior [ RunTime:0.001266s ]
INFO: [ view_template ] --END-- [ RunTime:0.001383s ]
INFO: [ view_parse ] --START--
INFO: Run ParseTemplate Behavior [ RunTime:0.031016s ]
INFO: [ view_parse ] --END-- [ RunTime:0.031189s ]
INFO: [ view_filter ] --START--
INFO: Run ContentReplace Behavior [ RunTime:0.000934s ]
INFO: Run TokenBuild Behavior [ RunTime:0.000841s ]
INFO: Run WriteHtmlCache Behavior [ RunTime:0.000775s ]
INFO: Run ShowRuntime Behavior [ RunTime:0.000861s ]
INFO: [ view_filter ] --END-- [ RunTime:0.003687s ]
INFO: [ view_end ] --START--
INFO: Run ShowPageTrace Behavior [ RunTime:0.001116s ]
INFO: [ view_end ] --END-- [ RunTime:0.001229s ]

[ 2013-02-06T13:32:03+08:00 ] ERR: (ThinkException) 非法操作:register.html
[ 2013-02-06T13:32:08+08:00 ] 127.0.0.1 /ikphp/index.php?m=user&a=register
INFO: [ app_begin ] --START--
INFO: Run ReadHtmlCache Behavior [ RunTime:0.000423s ]
INFO: [ app_begin ] --END-- [ RunTime:0.000588s ]
INFO: [ view_template ] --START--
INFO: Run LocationTemplate Behavior [ RunTime:0.001260s ]
INFO: [ view_template ] --END-- [ RunTime:0.001395s ]
INFO: [ view_parse ] --START--
INFO: Run ParseTemplate Behavior [ RunTime:0.010022s ]
INFO: [ view_parse ] --END-- [ RunTime:0.010169s ]
INFO: [ view_filter ] --START--
INFO: Run ContentReplace Behavior [ RunTime:0.000703s ]
INFO: Run TokenBuild Behavior [ RunTime:0.000323s ]
INFO: Run WriteHtmlCache Behavior [ RunTime:0.000307s ]
INFO: Run ShowRuntime Behavior [ RunTime:0.000645s ]
INFO: [ view_filter ] --END-- [ RunTime:0.002289s ]
INFO: [ view_end ] --START--
INFO: Run ShowPageTrace Behavior [ RunTime:0.000370s ]
INFO: [ view_end ] --END-- [ RunTime:0.000458s ]

[ 2013-02-06T13:33:31+08:00 ] 127.0.0.1 /ikphp/index.php?m=user&a=register
INFO: [ app_begin ] --START--
INFO: Run ReadHtmlCache Behavior [ RunTime:0.000429s ]
INFO: [ app_begin ] --END-- [ RunTime:0.000557s ]

[ 2013-02-06T13:33:33+08:00 ] 127.0.0.1 /ikphp/index.php?m=user&a=register
INFO: [ app_begin ] --START--
INFO: Run ReadHtmlCache Behavior [ RunTime:0.000369s ]
INFO: [ app_begin ] --END-- [ RunTime:0.000499s ]

[ 2013-02-06T13:33:43+08:00 ] 127.0.0.1 /ikphp/index.php?m=user&a=register
INFO: [ app_begin ] --START--
INFO: Run ReadHtmlCache Behavior [ RunTime:0.000390s ]
INFO: [ app_begin ] --END-- [ RunTime:0.000521s ]
INFO: [ view_template ] --START--
INFO: Run LocationTemplate Behavior [ RunTime:0.001366s ]
INFO: [ view_template ] --END-- [ RunTime:0.001488s ]
INFO: [ view_parse ] --START--
INFO: Run ParseTemplate Behavior [ RunTime:0.010678s ]
INFO: [ view_parse ] --END-- [ RunTime:0.010850s ]
INFO: [ view_filter ] --START--
INFO: Run ContentReplace Behavior [ RunTime:0.000696s ]
INFO: Run TokenBuild Behavior [ RunTime:0.000354s ]
INFO: Run WriteHtmlCache Behavior [ RunTime:0.000441s ]
INFO: Run ShowRuntime Behavior [ RunTime:0.000716s ]
INFO: [ view_filter ] --END-- [ RunTime:0.002506s ]
INFO: [ view_end ] --START--
INFO: Run ShowPageTrace Behavior [ RunTime:0.000423s ]
INFO: [ view_end ] --END-- [ RunTime:0.000525s ]

[ 2013-02-06T13:33:53+08:00 ] 127.0.0.1 /ikphp/index.php?m=user&a=register
INFO: [ app_begin ] --START--
INFO: Run ReadHtmlCache Behavior [ RunTime:0.000864s ]
INFO: [ app_begin ] --END-- [ RunTime:0.001006s ]
NOTIC: [8] Use of undefined constant date - assumed 'date' D:\APMServ5.2.6\www\htdocs\IKPHP\app\Lib\Action\home\UserAction.class.php 第 8 行.
INFO: [ view_template ] --START--
INFO: Run LocationTemplate Behavior [ RunTime:0.001870s ]
INFO: [ view_template ] --END-- [ RunTime:0.001987s ]
INFO: [ view_parse ] --START--
INFO: Run ParseTemplate Behavior [ RunTime:0.011527s ]
INFO: [ view_parse ] --END-- [ RunTime:0.011712s ]
INFO: [ view_filter ] --START--
INFO: Run ContentReplace Behavior [ RunTime:0.000889s ]
INFO: Run TokenBuild Behavior [ RunTime:0.000355s ]
INFO: Run WriteHtmlCache Behavior [ RunTime:0.000267s ]
INFO: Run ShowRuntime Behavior [ RunTime:0.000629s ]
INFO: [ view_filter ] --END-- [ RunTime:0.002437s ]
INFO: [ view_end ] --START--
INFO: Run ShowPageTrace Behavior [ RunTime:0.000562s ]
INFO: [ view_end ] --END-- [ RunTime:0.000683s ]

[ 2013-02-06T13:34:03+08:00 ] 127.0.0.1 /ikphp/index.php?m=user&a=register
INFO: [ app_begin ] --START--
INFO: Run ReadHtmlCache Behavior [ RunTime:0.000402s ]
INFO: [ app_begin ] --END-- [ RunTime:0.000544s ]
INFO: [ view_template ] --START--
INFO: Run LocationTemplate Behavior [ RunTime:0.001336s ]
INFO: [ view_template ] --END-- [ RunTime:0.001457s ]
INFO: [ view_parse ] --START--
INFO: Run ParseTemplate Behavior [ RunTime:0.010843s ]
INFO: [ view_parse ] --END-- [ RunTime:0.010986s ]
INFO: [ view_filter ] --START--
INFO: Run ContentReplace Behavior [ RunTime:0.000964s ]
INFO: Run TokenBuild Behavior [ RunTime:0.000827s ]
INFO: Run WriteHtmlCache Behavior [ RunTime:0.000774s ]
INFO: Run ShowRuntime Behavior [ RunTime:0.000898s ]
INFO: [ view_filter ] --END-- [ RunTime:0.003737s ]
INFO: [ view_end ] --START--
INFO: Run ShowPageTrace Behavior [ RunTime:0.000921s ]
INFO: [ view_end ] --END-- [ RunTime:0.001038s ]

[ 2013-02-06T13:34:25+08:00 ] 127.0.0.1 /ikphp/index.php?m=user&a=register
INFO: [ app_begin ] --START--
INFO: Run ReadHtmlCache Behavior [ RunTime:0.000391s ]
INFO: [ app_begin ] --END-- [ RunTime:0.000527s ]
INFO: [ view_template ] --START--
INFO: Run LocationTemplate Behavior [ RunTime:0.001016s ]
INFO: [ view_template ] --END-- [ RunTime:0.001144s ]
INFO: [ view_parse ] --START--
INFO: Run ParseTemplate Behavior [ RunTime:0.009630s ]
INFO: [ view_parse ] --END-- [ RunTime:0.009771s ]
INFO: [ view_filter ] --START--
INFO: Run ContentReplace Behavior [ RunTime:0.000701s ]
INFO: Run TokenBuild Behavior [ RunTime:0.000343s ]
INFO: Run WriteHtmlCache Behavior [ RunTime:0.000272s ]
INFO: Run ShowRuntime Behavior [ RunTime:0.000879s ]
INFO: [ view_filter ] --END-- [ RunTime:0.002501s ]
INFO: [ view_end ] --START--
INFO: Run ShowPageTrace Behavior [ RunTime:0.000381s ]
INFO: [ view_end ] --END-- [ RunTime:0.000471s ]

[ 2013-02-06T13:34:26+08:00 ] 127.0.0.1 /ikphp/index.php?m=user&a=register
INFO: [ app_begin ] --START--
INFO: Run ReadHtmlCache Behavior [ RunTime:0.000421s ]
INFO: [ app_begin ] --END-- [ RunTime:0.000551s ]
INFO: [ view_template ] --START--
INFO: Run LocationTemplate Behavior [ RunTime:0.000995s ]
INFO: [ view_template ] --END-- [ RunTime:0.001115s ]
INFO: [ view_parse ] --START--
INFO: Run ParseTemplate Behavior [ RunTime:0.009672s ]
INFO: [ view_parse ] --END-- [ RunTime:0.009816s ]
INFO: [ view_filter ] --START--
INFO: Run ContentReplace Behavior [ RunTime:0.000700s ]
INFO: Run TokenBuild Behavior [ RunTime:0.000363s ]
INFO: Run WriteHtmlCache Behavior [ RunTime:0.000283s ]
INFO: Run ShowRuntime Behavior [ RunTime:0.000629s ]
INFO: [ view_filter ] --END-- [ RunTime:0.002234s ]
INFO: [ view_end ] --START--
INFO: Run ShowPageTrace Behavior [ RunTime:0.000353s ]
INFO: [ view_end ] --END-- [ RunTime:0.000454s ]

[ 2013-02-06T13:34:26+08:00 ] 127.0.0.1 /ikphp/index.php?m=user&a=register
INFO: [ app_begin ] --START--
INFO: Run ReadHtmlCache Behavior [ RunTime:0.000381s ]
INFO: [ app_begin ] --END-- [ RunTime:0.000507s ]
INFO: [ view_template ] --START--
INFO: Run LocationTemplate Behavior [ RunTime:0.000977s ]
INFO: [ view_template ] --END-- [ RunTime:0.001092s ]
INFO: [ view_parse ] --START--
INFO: Run ParseTemplate Behavior [ RunTime:0.005538s ]
INFO: [ view_parse ] --END-- [ RunTime:0.005668s ]
INFO: [ view_filter ] --START--
INFO: Run ContentReplace Behavior [ RunTime:0.000627s ]
INFO: Run TokenBuild Behavior [ RunTime:0.000320s ]
INFO: Run WriteHtmlCache Behavior [ RunTime:0.000244s ]
INFO: Run ShowRuntime Behavior [ RunTime:0.000621s ]
INFO: [ view_filter ] --END-- [ RunTime:0.002057s ]
INFO: [ view_end ] --START--
INFO: Run ShowPageTrace Behavior [ RunTime:0.000344s ]
INFO: [ view_end ] --END-- [ RunTime:0.000427s ]

[ 2013-02-06T13:34:28+08:00 ] ERR: (ThinkException) 模板不存在[./app/Tpl/Home/default/User/index.html]
[ 2013-02-06T13:37:27+08:00 ] 127.0.0.1 /ikphp/index.php?m=user&a=register
INFO: [ app_begin ] --START--
INFO: Run ReadHtmlCache Behavior [ RunTime:0.000866s ]
INFO: [ app_begin ] --END-- [ RunTime:0.001009s ]
INFO: [ view_template ] --START--
INFO: Run LocationTemplate Behavior [ RunTime:0.001543s ]
INFO: [ view_template ] --END-- [ RunTime:0.001674s ]
INFO: [ view_parse ] --START--
NOTIC: [2] file_get_contents(./app/Tpl/Home/default/public/head.html) [<a href='function.file-get-contents'>function.file-get-contents</a>]: failed to open stream: No such file or directory D:\APMServ5.2.6\www\htdocs\IKPHP\core\Lib\Template\ThinkTemplate.class.php 第 686 行.
INFO: Run ParseTemplate Behavior [ RunTime:0.012037s ]
INFO: [ view_parse ] --END-- [ RunTime:0.012242s ]
INFO: [ view_filter ] --START--
INFO: Run ContentReplace Behavior [ RunTime:0.001110s ]
INFO: Run TokenBuild Behavior [ RunTime:0.001192s ]
INFO: Run WriteHtmlCache Behavior [ RunTime:0.000934s ]
INFO: Run ShowRuntime Behavior [ RunTime:0.000898s ]
INFO: [ view_filter ] --END-- [ RunTime:0.004491s ]
INFO: [ view_end ] --START--
INFO: Run ShowPageTrace Behavior [ RunTime:0.000898s ]
INFO: [ view_end ] --END-- [ RunTime:0.000994s ]

[ 2013-02-06T13:37:28+08:00 ] 127.0.0.1 /ikphp/index.php?m=user&a=register
INFO: [ app_begin ] --START--
INFO: Run ReadHtmlCache Behavior [ RunTime:0.000367s ]
INFO: [ app_begin ] --END-- [ RunTime:0.000495s ]
INFO: [ view_template ] --START--
INFO: Run LocationTemplate Behavior [ RunTime:0.001002s ]
INFO: [ view_template ] --END-- [ RunTime:0.001169s ]
INFO: [ view_parse ] --START--
NOTIC: [2] file_get_contents(./app/Tpl/Home/default/public/head.html) [<a href='function.file-get-contents'>function.file-get-contents</a>]: failed to open stream: No such file or directory D:\APMServ5.2.6\www\htdocs\IKPHP\core\Lib\Template\ThinkTemplate.class.php 第 686 行.
INFO: Run ParseTemplate Behavior [ RunTime:0.009673s ]
INFO: [ view_parse ] --END-- [ RunTime:0.009831s ]
INFO: [ view_filter ] --START--
INFO: Run ContentReplace Behavior [ RunTime:0.000696s ]
INFO: Run TokenBuild Behavior [ RunTime:0.000342s ]
INFO: Run WriteHtmlCache Behavior [ RunTime:0.000262s ]
INFO: Run ShowRuntime Behavior [ RunTime:0.000624s ]
INFO: [ view_filter ] --END-- [ RunTime:0.002180s ]
INFO: [ view_end ] --START--
INFO: Run ShowPageTrace Behavior [ RunTime:0.000356s ]
INFO: [ view_end ] --END-- [ RunTime:0.000448s ]

[ 2013-02-06T13:44:03+08:00 ] 127.0.0.1 /ikphp/index.php?m=user&a=register
INFO: [ app_begin ] --START--
INFO: Run ReadHtmlCache Behavior [ RunTime:0.000865s ]
INFO: [ app_begin ] --END-- [ RunTime:0.000992s ]
INFO: [ view_template ] --START--
INFO: Run LocationTemplate Behavior [ RunTime:0.001533s ]
INFO: [ view_template ] --END-- [ RunTime:0.001661s ]
INFO: [ view_parse ] --START--
NOTIC: [8] Undefined variable: page_seo D:\APMServ5.2.6\www\htdocs\IKPHP\data\runtime\Cache\home\1575eea83b5aed81b3b6a9a6345b38b8.php 第 5 行.
INFO: Run ParseTemplate Behavior [ RunTime:0.012007s ]
INFO: [ view_parse ] --END-- [ RunTime:0.012131s ]
INFO: [ view_filter ] --START--
INFO: Run ContentReplace Behavior [ RunTime:0.001109s ]
INFO: Run TokenBuild Behavior [ RunTime:0.000887s ]
INFO: Run WriteHtmlCache Behavior [ RunTime:0.000798s ]
INFO: Run ShowRuntime Behavior [ RunTime:0.001022s ]
INFO: [ view_filter ] --END-- [ RunTime:0.004112s ]
INFO: [ view_end ] --START--
INFO: Run ShowPageTrace Behavior [ RunTime:0.000877s ]
INFO: [ view_end ] --END-- [ RunTime:0.000968s ]

[ 2013-02-06T13:44:05+08:00 ] 127.0.0.1 /ikphp/index.php?m=user&a=register
INFO: [ app_begin ] --START--
INFO: Run ReadHtmlCache Behavior [ RunTime:0.000363s ]
INFO: [ app_begin ] --END-- [ RunTime:0.000493s ]
INFO: [ view_template ] --START--
INFO: Run LocationTemplate Behavior [ RunTime:0.000973s ]
INFO: [ view_template ] --END-- [ RunTime:0.001111s ]
INFO: [ view_parse ] --START--
NOTIC: [8] Undefined variable: page_seo D:\APMServ5.2.6\www\htdocs\IKPHP\data\runtime\Cache\home\1575eea83b5aed81b3b6a9a6345b38b8.php 第 5 行.
INFO: Run ParseTemplate Behavior [ RunTime:0.010622s ]
INFO: [ view_parse ] --END-- [ RunTime:0.010726s ]
INFO: [ view_filter ] --START--
INFO: Run ContentReplace Behavior [ RunTime:0.000570s ]
INFO: Run TokenBuild Behavior [ RunTime:0.000336s ]
INFO: Run WriteHtmlCache Behavior [ RunTime:0.000275s ]
INFO: Run ShowRuntime Behavior [ RunTime:0.000650s ]
INFO: [ view_filter ] --END-- [ RunTime:0.002092s ]
INFO: [ view_end ] --START--
INFO: Run ShowPageTrace Behavior [ RunTime:0.000380s ]
INFO: [ view_end ] --END-- [ RunTime:0.000466s ]

[ 2013-02-06T13:44:21+08:00 ] 127.0.0.1 /ikphp/index.php?m=user&a=register
INFO: [ app_begin ] --START--
INFO: Run ReadHtmlCache Behavior [ RunTime:0.000390s ]
INFO: [ app_begin ] --END-- [ RunTime:0.000518s ]
INFO: [ view_template ] --START--
INFO: Run LocationTemplate Behavior [ RunTime:0.001010s ]
INFO: [ view_template ] --END-- [ RunTime:0.001143s ]
INFO: [ view_parse ] --START--
NOTIC: [8] Undefined variable: page_seo D:\APMServ5.2.6\www\htdocs\IKPHP\data\runtime\Cache\home\1575eea83b5aed81b3b6a9a6345b38b8.php 第 5 行.
INFO: Run ParseTemplate Behavior [ RunTime:0.010698s ]
INFO: [ view_parse ] --END-- [ RunTime:0.010803s ]
INFO: [ view_filter ] --START--
INFO: Run ContentReplace Behavior [ RunTime:0.000453s ]
INFO: Run TokenBuild Behavior [ RunTime:0.000331s ]
INFO: Run WriteHtmlCache Behavior [ RunTime:0.000269s ]
INFO: Run ShowRuntime Behavior [ RunTime:0.000646s ]
INFO: [ view_filter ] --END-- [ RunTime:0.001992s ]
INFO: [ view_end ] --START--
INFO: Run ShowPageTrace Behavior [ RunTime:0.000443s ]
INFO: [ view_end ] --END-- [ RunTime:0.000546s ]

[ 2013-02-06T13:47:11+08:00 ] 127.0.0.1 /ikphp/index.php?m=user&a=register
INFO: [ app_begin ] --START--
INFO: Run ReadHtmlCache Behavior [ RunTime:0.000853s ]
INFO: [ app_begin ] --END-- [ RunTime:0.000997s ]
INFO: [ view_template ] --START--
INFO: Run LocationTemplate Behavior [ RunTime:0.001510s ]
INFO: [ view_template ] --END-- [ RunTime:0.001631s ]
INFO: [ view_parse ] --START--
NOTIC: [8] Undefined variable: page_seo D:\APMServ5.2.6\www\htdocs\IKPHP\data\runtime\Cache\home\1575eea83b5aed81b3b6a9a6345b38b8.php 第 5 行.
NOTIC: [8] Use of undefined constant info - assumed 'info' D:\APMServ5.2.6\www\htdocs\IKPHP\data\runtime\Cache\home\1575eea83b5aed81b3b6a9a6345b38b8.php 第 25 行.
NOTIC: [8] Use of undefined constant url - assumed 'url' D:\APMServ5.2.6\www\htdocs\IKPHP\data\runtime\Cache\home\1575eea83b5aed81b3b6a9a6345b38b8.php 第 25 行.
NOTIC: [8] Undefined variable: IK_SOFT D:\APMServ5.2.6\www\htdocs\IKPHP\data\runtime\Cache\home\1575eea83b5aed81b3b6a9a6345b38b8.php 第 25 行.
NOTIC: [8] Use of undefined constant info - assumed 'info' D:\APMServ5.2.6\www\htdocs\IKPHP\data\runtime\Cache\home\1575eea83b5aed81b3b6a9a6345b38b8.php 第 25 行.
NOTIC: [8] Use of undefined constant name - assumed 'name' D:\APMServ5.2.6\www\htdocs\IKPHP\data\runtime\Cache\home\1575eea83b5aed81b3b6a9a6345b38b8.php 第 25 行.
NOTIC: [8] Undefined variable: IK_SOFT D:\APMServ5.2.6\www\htdocs\IKPHP\data\runtime\Cache\home\1575eea83b5aed81b3b6a9a6345b38b8.php 第 25 行.
NOTIC: [8] Use of undefined constant info - assumed 'info' D:\APMServ5.2.6\www\htdocs\IKPHP\data\runtime\Cache\home\1575eea83b5aed81b3b6a9a6345b38b8.php 第 25 行.
NOTIC: [8] Use of undefined constant version - assumed 'version' D:\APMServ5.2.6\www\htdocs\IKPHP\data\runtime\Cache\home\1575eea83b5aed81b3b6a9a6345b38b8.php 第 25 行.
NOTIC: [8] Undefined variable: IK_SOFT D:\APMServ5.2.6\www\htdocs\IKPHP\data\runtime\Cache\home\1575eea83b5aed81b3b6a9a6345b38b8.php 第 25 行.
NOTIC: [8] Use of undefined constant info - assumed 'info' D:\APMServ5.2.6\www\htdocs\IKPHP\data\runtime\Cache\home\1575eea83b5aed81b3b6a9a6345b38b8.php 第 25 行.
NOTIC: [8] Use of undefined constant year - assumed 'year' D:\APMServ5.2.6\www\htdocs\IKPHP\data\runtime\Cache\home\1575eea83b5aed81b3b6a9a6345b38b8.php 第 25 行.
NOTIC: [8] Undefined variable: IK_SOFT D:\APMServ5.2.6\www\htdocs\IKPHP\data\runtime\Cache\home\1575eea83b5aed81b3b6a9a6345b38b8.php 第 25 行.
NOTIC: [8] Use of undefined constant base - assumed 'base' D:\APMServ5.2.6\www\htdocs\IKPHP\data\runtime\Cache\home\1575eea83b5aed81b3b6a9a6345b38b8.php 第 25 行.
NOTIC: [8] Use of undefined constant site_icp - assumed 'site_icp' D:\APMServ5.2.6\www\htdocs\IKPHP\data\runtime\Cache\home\1575eea83b5aed81b3b6a9a6345b38b8.php 第 25 行.
NOTIC: [8] Undefined variable: IK_SITE D:\APMServ5.2.6\www\htdocs\IKPHP\data\runtime\Cache\home\1575eea83b5aed81b3b6a9a6345b38b8.php 第 25 行.
NOTIC: [8] Undefined variable: runTime D:\APMServ5.2.6\www\htdocs\IKPHP\data\runtime\Cache\home\1575eea83b5aed81b3b6a9a6345b38b8.php 第 25 行.
INFO: Run ParseTemplate Behavior [ RunTime:0.015268s ]
INFO: [ view_parse ] --END-- [ RunTime:0.015371s ]
INFO: [ view_filter ] --START--
INFO: Run ContentReplace Behavior [ RunTime:0.001099s ]
INFO: Run TokenBuild Behavior [ RunTime:0.001045s ]
INFO: Run WriteHtmlCache Behavior [ RunTime:0.000954s ]
INFO: Run ShowRuntime Behavior [ RunTime:0.000879s ]
INFO: [ view_filter ] --END-- [ RunTime:0.004350s ]
INFO: [ view_end ] --START--
INFO: Run ShowPageTrace Behavior [ RunTime:0.000875s ]
INFO: [ view_end ] --END-- [ RunTime:0.000970s ]

[ 2013-02-06T13:47:45+08:00 ] 127.0.0.1 /ikphp/index.php?m=user&a=register
INFO: [ app_begin ] --START--
INFO: Run ReadHtmlCache Behavior [ RunTime:0.000421s ]
INFO: [ app_begin ] --END-- [ RunTime:0.000549s ]
INFO: [ view_template ] --START--
INFO: Run LocationTemplate Behavior [ RunTime:0.001015s ]
INFO: [ view_template ] --END-- [ RunTime:0.001137s ]
INFO: [ view_parse ] --START--
NOTIC: [8] Undefined variable: page_seo D:\APMServ5.2.6\www\htdocs\IKPHP\data\runtime\Cache\home\1575eea83b5aed81b3b6a9a6345b38b8.php 第 5 行.
NOTIC: [8] Use of undefined constant info - assumed 'info' D:\APMServ5.2.6\www\htdocs\IKPHP\data\runtime\Cache\home\1575eea83b5aed81b3b6a9a6345b38b8.php 第 25 行.
NOTIC: [8] Use of undefined constant url - assumed 'url' D:\APMServ5.2.6\www\htdocs\IKPHP\data\runtime\Cache\home\1575eea83b5aed81b3b6a9a6345b38b8.php 第 25 行.
NOTIC: [8] Undefined variable: IK_SOFT D:\APMServ5.2.6\www\htdocs\IKPHP\data\runtime\Cache\home\1575eea83b5aed81b3b6a9a6345b38b8.php 第 25 行.
NOTIC: [8] Use of undefined constant info - assumed 'info' D:\APMServ5.2.6\www\htdocs\IKPHP\data\runtime\Cache\home\1575eea83b5aed81b3b6a9a6345b38b8.php 第 25 行.
NOTIC: [8] Use of undefined constant name - assumed 'name' D:\APMServ5.2.6\www\htdocs\IKPHP\data\runtime\Cache\home\1575eea83b5aed81b3b6a9a6345b38b8.php 第 25 行.
NOTIC: [8] Undefined variable: IK_SOFT D:\APMServ5.2.6\www\htdocs\IKPHP\data\runtime\Cache\home\1575eea83b5aed81b3b6a9a6345b38b8.php 第 25 行.
NOTIC: [8] Use of undefined constant info - assumed 'info' D:\APMServ5.2.6\www\htdocs\IKPHP\data\runtime\Cache\home\1575eea83b5aed81b3b6a9a6345b38b8.php 第 25 行.
NOTIC: [8] Use of undefined constant version - assumed 'version' D:\APMServ5.2.6\www\htdocs\IKPHP\data\runtime\Cache\home\1575eea83b5aed81b3b6a9a6345b38b8.php 第 25 行.
NOTIC: [8] Undefined variable: IK_SOFT D:\APMServ5.2.6\www\htdocs\IKPHP\data\runtime\Cache\home\1575eea83b5aed81b3b6a9a6345b38b8.php 第 25 行.
NOTIC: [8] Use of undefined constant info - assumed 'info' D:\APMServ5.2.6\www\htdocs\IKPHP\data\runtime\Cache\home\1575eea83b5aed81b3b6a9a6345b38b8.php 第 25 行.
NOTIC: [8] Use of undefined constant year - assumed 'year' D:\APMServ5.2.6\www\htdocs\IKPHP\data\runtime\Cache\home\1575eea83b5aed81b3b6a9a6345b38b8.php 第 25 行.
NOTIC: [8] Undefined variable: IK_SOFT D:\APMServ5.2.6\www\htdocs\IKPHP\data\runtime\Cache\home\1575eea83b5aed81b3b6a9a6345b38b8.php 第 25 行.
NOTIC: [8] Use of undefined constant base - assumed 'base' D:\APMServ5.2.6\www\htdocs\IKPHP\data\runtime\Cache\home\1575eea83b5aed81b3b6a9a6345b38b8.php 第 25 行.
NOTIC: [8] Use of undefined constant site_icp - assumed 'site_icp' D:\APMServ5.2.6\www\htdocs\IKPHP\data\runtime\Cache\home\1575eea83b5aed81b3b6a9a6345b38b8.php 第 25 行.
NOTIC: [8] Undefined variable: IK_SITE D:\APMServ5.2.6\www\htdocs\IKPHP\data\runtime\Cache\home\1575eea83b5aed81b3b6a9a6345b38b8.php 第 25 行.
NOTIC: [8] Undefined variable: runTime D:\APMServ5.2.6\www\htdocs\IKPHP\data\runtime\Cache\home\1575eea83b5aed81b3b6a9a6345b38b8.php 第 25 行.
INFO: Run ParseTemplate Behavior [ RunTime:0.013732s ]
INFO: [ view_parse ] --END-- [ RunTime:0.013833s ]
INFO: [ view_filter ] --START--
INFO: Run ContentReplace Behavior [ RunTime:0.000436s ]
INFO: Run TokenBuild Behavior [ RunTime:0.000327s ]
INFO: Run WriteHtmlCache Behavior [ RunTime:0.000265s ]
INFO: Run ShowRuntime Behavior [ RunTime:0.000670s ]
INFO: [ view_filter ] --END-- [ RunTime:0.001952s ]
INFO: [ view_end ] --START--
INFO: Run ShowPageTrace Behavior [ RunTime:0.000392s ]
INFO: [ view_end ] --END-- [ RunTime:0.000482s ]

[ 2013-02-06T13:48:38+08:00 ] 127.0.0.1 /ikphp/index.php?m=user&a=register
INFO: [ app_begin ] --START--
INFO: Run ReadHtmlCache Behavior [ RunTime:0.000435s ]
INFO: [ app_begin ] --END-- [ RunTime:0.000568s ]
INFO: [ view_template ] --START--
INFO: Run LocationTemplate Behavior [ RunTime:0.001022s ]
INFO: [ view_template ] --END-- [ RunTime:0.001151s ]
INFO: [ view_parse ] --START--
NOTIC: [8] Undefined variable: page_seo D:\APMServ5.2.6\www\htdocs\IKPHP\data\runtime\Cache\home\1575eea83b5aed81b3b6a9a6345b38b8.php 第 5 行.
NOTIC: [8] Use of undefined constant info - assumed 'info' D:\APMServ5.2.6\www\htdocs\IKPHP\data\runtime\Cache\home\1575eea83b5aed81b3b6a9a6345b38b8.php 第 25 行.
NOTIC: [8] Use of undefined constant url - assumed 'url' D:\APMServ5.2.6\www\htdocs\IKPHP\data\runtime\Cache\home\1575eea83b5aed81b3b6a9a6345b38b8.php 第 25 行.
NOTIC: [8] Undefined variable: IK_SOFT D:\APMServ5.2.6\www\htdocs\IKPHP\data\runtime\Cache\home\1575eea83b5aed81b3b6a9a6345b38b8.php 第 25 行.
NOTIC: [8] Use of undefined constant info - assumed 'info' D:\APMServ5.2.6\www\htdocs\IKPHP\data\runtime\Cache\home\1575eea83b5aed81b3b6a9a6345b38b8.php 第 25 行.
NOTIC: [8] Use of undefined constant name - assumed 'name' D:\APMServ5.2.6\www\htdocs\IKPHP\data\runtime\Cache\home\1575eea83b5aed81b3b6a9a6345b38b8.php 第 25 行.
NOTIC: [8] Undefined variable: IK_SOFT D:\APMServ5.2.6\www\htdocs\IKPHP\data\runtime\Cache\home\1575eea83b5aed81b3b6a9a6345b38b8.php 第 25 行.
NOTIC: [8] Use of undefined constant info - assumed 'info' D:\APMServ5.2.6\www\htdocs\IKPHP\data\runtime\Cache\home\1575eea83b5aed81b3b6a9a6345b38b8.php 第 25 行.
NOTIC: [8] Use of undefined constant version - assumed 'version' D:\APMServ5.2.6\www\htdocs\IKPHP\data\runtime\Cache\home\1575eea83b5aed81b3b6a9a6345b38b8.php 第 25 行.
NOTIC: [8] Undefined variable: IK_SOFT D:\APMServ5.2.6\www\htdocs\IKPHP\data\runtime\Cache\home\1575eea83b5aed81b3b6a9a6345b38b8.php 第 25 行.
NOTIC: [8] Use of undefined constant info - assumed 'info' D:\APMServ5.2.6\www\htdocs\IKPHP\data\runtime\Cache\home\1575eea83b5aed81b3b6a9a6345b38b8.php 第 25 行.
NOTIC: [8] Use of undefined constant year - assumed 'year' D:\APMServ5.2.6\www\htdocs\IKPHP\data\runtime\Cache\home\1575eea83b5aed81b3b6a9a6345b38b8.php 第 25 行.
NOTIC: [8] Undefined variable: IK_SOFT D:\APMServ5.2.6\www\htdocs\IKPHP\data\runtime\Cache\home\1575eea83b5aed81b3b6a9a6345b38b8.php 第 25 行.
NOTIC: [8] Use of undefined constant base - assumed 'base' D:\APMServ5.2.6\www\htdocs\IKPHP\data\runtime\Cache\home\1575eea83b5aed81b3b6a9a6345b38b8.php 第 25 行.
NOTIC: [8] Use of undefined constant site_icp - assumed 'site_icp' D:\APMServ5.2.6\www\htdocs\IKPHP\data\runtime\Cache\home\1575eea83b5aed81b3b6a9a6345b38b8.php 第 25 行.
NOTIC: [8] Undefined variable: IK_SITE D:\APMServ5.2.6\www\htdocs\IKPHP\data\runtime\Cache\home\1575eea83b5aed81b3b6a9a6345b38b8.php 第 25 行.
NOTIC: [8] Undefined variable: runTime D:\APMServ5.2.6\www\htdocs\IKPHP\data\runtime\Cache\home\1575eea83b5aed81b3b6a9a6345b38b8.php 第 25 行.
INFO: Run ParseTemplate Behavior [ RunTime:0.013894s ]
INFO: [ view_parse ] --END-- [ RunTime:0.013998s ]
INFO: [ view_filter ] --START--
INFO: Run ContentReplace Behavior [ RunTime:0.000465s ]
INFO: Run TokenBuild Behavior [ RunTime:0.000330s ]
INFO: Run WriteHtmlCache Behavior [ RunTime:0.000287s ]
INFO: Run ShowRuntime Behavior [ RunTime:0.000632s ]
INFO: [ view_filter ] --END-- [ RunTime:0.001974s ]
INFO: [ view_end ] --START--
INFO: Run ShowPageTrace Behavior [ RunTime:0.000368s ]
INFO: [ view_end ] --END-- [ RunTime:0.000457s ]

[ 2013-02-06T13:48:39+08:00 ] 127.0.0.1 /ikphp/index.php?m=user&a=register
INFO: [ app_begin ] --START--
INFO: Run ReadHtmlCache Behavior [ RunTime:0.000360s ]
INFO: [ app_begin ] --END-- [ RunTime:0.000490s ]
INFO: [ view_template ] --START--
INFO: Run LocationTemplate Behavior [ RunTime:0.001015s ]
INFO: [ view_template ] --END-- [ RunTime:0.001136s ]
INFO: [ view_parse ] --START--
NOTIC: [8] Undefined variable: page_seo D:\APMServ5.2.6\www\htdocs\IKPHP\data\runtime\Cache\home\1575eea83b5aed81b3b6a9a6345b38b8.php 第 5 行.
NOTIC: [8] Use of undefined constant info - assumed 'info' D:\APMServ5.2.6\www\htdocs\IKPHP\data\runtime\Cache\home\1575eea83b5aed81b3b6a9a6345b38b8.php 第 25 行.
NOTIC: [8] Use of undefined constant url - assumed 'url' D:\APMServ5.2.6\www\htdocs\IKPHP\data\runtime\Cache\home\1575eea83b5aed81b3b6a9a6345b38b8.php 第 25 行.
NOTIC: [8] Undefined variable: IK_SOFT D:\APMServ5.2.6\www\htdocs\IKPHP\data\runtime\Cache\home\1575eea83b5aed81b3b6a9a6345b38b8.php 第 25 行.
NOTIC: [8] Use of undefined constant info - assumed 'info' D:\APMServ5.2.6\www\htdocs\IKPHP\data\runtime\Cache\home\1575eea83b5aed81b3b6a9a6345b38b8.php 第 25 行.
NOTIC: [8] Use of undefined constant name - assumed 'name' D:\APMServ5.2.6\www\htdocs\IKPHP\data\runtime\Cache\home\1575eea83b5aed81b3b6a9a6345b38b8.php 第 25 行.
NOTIC: [8] Undefined variable: IK_SOFT D:\APMServ5.2.6\www\htdocs\IKPHP\data\runtime\Cache\home\1575eea83b5aed81b3b6a9a6345b38b8.php 第 25 行.
NOTIC: [8] Use of undefined constant info - assumed 'info' D:\APMServ5.2.6\www\htdocs\IKPHP\data\runtime\Cache\home\1575eea83b5aed81b3b6a9a6345b38b8.php 第 25 行.
NOTIC: [8] Use of undefined constant version - assumed 'version' D:\APMServ5.2.6\www\htdocs\IKPHP\data\runtime\Cache\home\1575eea83b5aed81b3b6a9a6345b38b8.php 第 25 行.
NOTIC: [8] Undefined variable: IK_SOFT D:\APMServ5.2.6\www\htdocs\IKPHP\data\runtime\Cache\home\1575eea83b5aed81b3b6a9a6345b38b8.php 第 25 行.
NOTIC: [8] Use of undefined constant info - assumed 'info' D:\APMServ5.2.6\www\htdocs\IKPHP\data\runtime\Cache\home\1575eea83b5aed81b3b6a9a6345b38b8.php 第 25 行.
NOTIC: [8] Use of undefined constant year - assumed 'year' D:\APMServ5.2.6\www\htdocs\IKPHP\data\runtime\Cache\home\1575eea83b5aed81b3b6a9a6345b38b8.php 第 25 行.
NOTIC: [8] Undefined variable: IK_SOFT D:\APMServ5.2.6\www\htdocs\IKPHP\data\runtime\Cache\home\1575eea83b5aed81b3b6a9a6345b38b8.php 第 25 行.
NOTIC: [8] Use of undefined constant base - assumed 'base' D:\APMServ5.2.6\www\htdocs\IKPHP\data\runtime\Cache\home\1575eea83b5aed81b3b6a9a6345b38b8.php 第 25 行.
NOTIC: [8] Use of undefined constant site_icp - assumed 'site_icp' D:\APMServ5.2.6\www\htdocs\IKPHP\data\runtime\Cache\home\1575eea83b5aed81b3b6a9a6345b38b8.php 第 25 行.
NOTIC: [8] Undefined variable: IK_SITE D:\APMServ5.2.6\www\htdocs\IKPHP\data\runtime\Cache\home\1575eea83b5aed81b3b6a9a6345b38b8.php 第 25 行.
NOTIC: [8] Undefined variable: runTime D:\APMServ5.2.6\www\htdocs\IKPHP\data\runtime\Cache\home\1575eea83b5aed81b3b6a9a6345b38b8.php 第 25 行.
INFO: Run ParseTemplate Behavior [ RunTime:0.013646s ]
INFO: [ view_parse ] --END-- [ RunTime:0.013752s ]
INFO: [ view_filter ] --START--
INFO: Run ContentReplace Behavior [ RunTime:0.000498s ]
INFO: Run TokenBuild Behavior [ RunTime:0.000341s ]
INFO: Run WriteHtmlCache Behavior [ RunTime:0.000268s ]
INFO: Run ShowRuntime Behavior [ RunTime:0.000819s ]
INFO: [ view_filter ] --END-- [ RunTime:0.002221s ]
INFO: [ view_end ] --START--
INFO: Run ShowPageTrace Behavior [ RunTime:0.000470s ]
INFO: [ view_end ] --END-- [ RunTime:0.000571s ]

[ 2013-02-06T13:49:59+08:00 ] 127.0.0.1 /ikphp/index.php?m=user&a=register
INFO: [ app_begin ] --START--
INFO: Run ReadHtmlCache Behavior [ RunTime:0.000855s ]
INFO: [ app_begin ] --END-- [ RunTime:0.000988s ]
INFO: [ view_template ] --START--
INFO: Run LocationTemplate Behavior [ RunTime:0.001731s ]
INFO: [ view_template ] --END-- [ RunTime:0.001863s ]
INFO: [ view_parse ] --START--
NOTIC: [8] Undefined variable: page_seo D:\APMServ5.2.6\www\htdocs\IKPHP\data\runtime\Cache\home\1575eea83b5aed81b3b6a9a6345b38b8.php 第 5 行.
NOTIC: [8] Use of undefined constant info - assumed 'info' D:\APMServ5.2.6\www\htdocs\IKPHP\data\runtime\Cache\home\1575eea83b5aed81b3b6a9a6345b38b8.php 第 25 行.
NOTIC: [8] Use of undefined constant url - assumed 'url' D:\APMServ5.2.6\www\htdocs\IKPHP\data\runtime\Cache\home\1575eea83b5aed81b3b6a9a6345b38b8.php 第 25 行.
NOTIC: [8] Undefined variable: IK_SOFT D:\APMServ5.2.6\www\htdocs\IKPHP\data\runtime\Cache\home\1575eea83b5aed81b3b6a9a6345b38b8.php 第 25 行.
NOTIC: [8] Use of undefined constant info - assumed 'info' D:\APMServ5.2.6\www\htdocs\IKPHP\data\runtime\Cache\home\1575eea83b5aed81b3b6a9a6345b38b8.php 第 25 行.
NOTIC: [8] Use of undefined constant name - assumed 'name' D:\APMServ5.2.6\www\htdocs\IKPHP\data\runtime\Cache\home\1575eea83b5aed81b3b6a9a6345b38b8.php 第 25 行.
NOTIC: [8] Undefined variable: IK_SOFT D:\APMServ5.2.6\www\htdocs\IKPHP\data\runtime\Cache\home\1575eea83b5aed81b3b6a9a6345b38b8.php 第 25 行.
NOTIC: [8] Use of undefined constant info - assumed 'info' D:\APMServ5.2.6\www\htdocs\IKPHP\data\runtime\Cache\home\1575eea83b5aed81b3b6a9a6345b38b8.php 第 25 行.
NOTIC: [8] Use of undefined constant version - assumed 'version' D:\APMServ5.2.6\www\htdocs\IKPHP\data\runtime\Cache\home\1575eea83b5aed81b3b6a9a6345b38b8.php 第 25 行.
NOTIC: [8] Undefined variable: IK_SOFT D:\APMServ5.2.6\www\htdocs\IKPHP\data\runtime\Cache\home\1575eea83b5aed81b3b6a9a6345b38b8.php 第 25 行.
NOTIC: [8] Use of undefined constant info - assumed 'info' D:\APMServ5.2.6\www\htdocs\IKPHP\data\runtime\Cache\home\1575eea83b5aed81b3b6a9a6345b38b8.php 第 25 行.
NOTIC: [8] Use of undefined constant year - assumed 'year' D:\APMServ5.2.6\www\htdocs\IKPHP\data\runtime\Cache\home\1575eea83b5aed81b3b6a9a6345b38b8.php 第 25 行.
NOTIC: [8] Undefined variable: IK_SOFT D:\APMServ5.2.6\www\htdocs\IKPHP\data\runtime\Cache\home\1575eea83b5aed81b3b6a9a6345b38b8.php 第 25 行.
NOTIC: [8] Use of undefined constant base - assumed 'base' D:\APMServ5.2.6\www\htdocs\IKPHP\data\runtime\Cache\home\1575eea83b5aed81b3b6a9a6345b38b8.php 第 25 行.
NOTIC: [8] Use of undefined constant site_icp - assumed 'site_icp' D:\APMServ5.2.6\www\htdocs\IKPHP\data\runtime\Cache\home\1575eea83b5aed81b3b6a9a6345b38b8.php 第 25 行.
NOTIC: [8] Undefined variable: IK_SITE D:\APMServ5.2.6\www\htdocs\IKPHP\data\runtime\Cache\home\1575eea83b5aed81b3b6a9a6345b38b8.php 第 25 行.
NOTIC: [8] Undefined variable: runTime D:\APMServ5.2.6\www\htdocs\IKPHP\data\runtime\Cache\home\1575eea83b5aed81b3b6a9a6345b38b8.php 第 25 行.
INFO: Run ParseTemplate Behavior [ RunTime:0.015470s ]
INFO: [ view_parse ] --END-- [ RunTime:0.015575s ]
INFO: [ view_filter ] --START--
INFO: Run ContentReplace Behavior [ RunTime:0.000937s ]
INFO: Run TokenBuild Behavior [ RunTime:0.000837s ]
INFO: Run WriteHtmlCache Behavior [ RunTime:0.000777s ]
INFO: Run ShowRuntime Behavior [ RunTime:0.000857s ]
INFO: [ view_filter ] --END-- [ RunTime:0.003697s ]
INFO: [ view_end ] --START--
INFO: Run ShowPageTrace Behavior [ RunTime:0.000855s ]
INFO: [ view_end ] --END-- [ RunTime:0.000953s ]

[ 2013-02-06T13:50:00+08:00 ] 127.0.0.1 /ikphp/index.php?m=user&a=register
INFO: [ app_begin ] --START--
INFO: Run ReadHtmlCache Behavior [ RunTime:0.000452s ]
INFO: [ app_begin ] --END-- [ RunTime:0.000571s ]
INFO: [ view_template ] --START--
INFO: Run LocationTemplate Behavior [ RunTime:0.001003s ]
INFO: [ view_template ] --END-- [ RunTime:0.001130s ]
INFO: [ view_parse ] --START--
NOTIC: [8] Undefined variable: page_seo D:\APMServ5.2.6\www\htdocs\IKPHP\data\runtime\Cache\home\1575eea83b5aed81b3b6a9a6345b38b8.php 第 5 行.
NOTIC: [8] Use of undefined constant info - assumed 'info' D:\APMServ5.2.6\www\htdocs\IKPHP\data\runtime\Cache\home\1575eea83b5aed81b3b6a9a6345b38b8.php 第 25 行.
NOTIC: [8] Use of undefined constant url - assumed 'url' D:\APMServ5.2.6\www\htdocs\IKPHP\data\runtime\Cache\home\1575eea83b5aed81b3b6a9a6345b38b8.php 第 25 行.
NOTIC: [8] Undefined variable: IK_SOFT D:\APMServ5.2.6\www\htdocs\IKPHP\data\runtime\Cache\home\1575eea83b5aed81b3b6a9a6345b38b8.php 第 25 行.
NOTIC: [8] Use of undefined constant info - assumed 'info' D:\APMServ5.2.6\www\htdocs\IKPHP\data\runtime\Cache\home\1575eea83b5aed81b3b6a9a6345b38b8.php 第 25 行.
NOTIC: [8] Use of undefined constant name - assumed 'name' D:\APMServ5.2.6\www\htdocs\IKPHP\data\runtime\Cache\home\1575eea83b5aed81b3b6a9a6345b38b8.php 第 25 行.
NOTIC: [8] Undefined variable: IK_SOFT D:\APMServ5.2.6\www\htdocs\IKPHP\data\runtime\Cache\home\1575eea83b5aed81b3b6a9a6345b38b8.php 第 25 行.
NOTIC: [8] Use of undefined constant info - assumed 'info' D:\APMServ5.2.6\www\htdocs\IKPHP\data\runtime\Cache\home\1575eea83b5aed81b3b6a9a6345b38b8.php 第 25 行.
NOTIC: [8] Use of undefined constant version - assumed 'version' D:\APMServ5.2.6\www\htdocs\IKPHP\data\runtime\Cache\home\1575eea83b5aed81b3b6a9a6345b38b8.php 第 25 行.
NOTIC: [8] Undefined variable: IK_SOFT D:\APMServ5.2.6\www\htdocs\IKPHP\data\runtime\Cache\home\1575eea83b5aed81b3b6a9a6345b38b8.php 第 25 行.
NOTIC: [8] Use of undefined constant info - assumed 'info' D:\APMServ5.2.6\www\htdocs\IKPHP\data\runtime\Cache\home\1575eea83b5aed81b3b6a9a6345b38b8.php 第 25 行.
NOTIC: [8] Use of undefined constant year - assumed 'year' D:\APMServ5.2.6\www\htdocs\IKPHP\data\runtime\Cache\home\1575eea83b5aed81b3b6a9a6345b38b8.php 第 25 行.
NOTIC: [8] Undefined variable: IK_SOFT D:\APMServ5.2.6\www\htdocs\IKPHP\data\runtime\Cache\home\1575eea83b5aed81b3b6a9a6345b38b8.php 第 25 行.
NOTIC: [8] Use of undefined constant base - assumed 'base' D:\APMServ5.2.6\www\htdocs\IKPHP\data\runtime\Cache\home\1575eea83b5aed81b3b6a9a6345b38b8.php 第 25 行.
NOTIC: [8] Use of undefined constant site_icp - assumed 'site_icp' D:\APMServ5.2.6\www\htdocs\IKPHP\data\runtime\Cache\home\1575eea83b5aed81b3b6a9a6345b38b8.php 第 25 行.
NOTIC: [8] Undefined variable: IK_SITE D:\APMServ5.2.6\www\htdocs\IKPHP\data\runtime\Cache\home\1575eea83b5aed81b3b6a9a6345b38b8.php 第 25 行.
NOTIC: [8] Undefined variable: runTime D:\APMServ5.2.6\www\htdocs\IKPHP\data\runtime\Cache\home\1575eea83b5aed81b3b6a9a6345b38b8.php 第 25 行.
INFO: Run ParseTemplate Behavior [ RunTime:0.013648s ]
INFO: [ view_parse ] --END-- [ RunTime:0.013754s ]
INFO: [ view_filter ] --START--
INFO: Run ContentReplace Behavior [ RunTime:0.000452s ]
INFO: Run TokenBuild Behavior [ RunTime:0.000342s ]
INFO: Run WriteHtmlCache Behavior [ RunTime:0.000286s ]
INFO: Run ShowRuntime Behavior [ RunTime:0.000684s ]
INFO: [ view_filter ] --END-- [ RunTime:0.002036s ]
INFO: [ view_end ] --START--
INFO: Run ShowPageTrace Behavior [ RunTime:0.000366s ]
INFO: [ view_end ] --END-- [ RunTime:0.000455s ]

[ 2013-02-06T13:50:00+08:00 ] 127.0.0.1 /ikphp/index.php?m=user&a=register
INFO: [ app_begin ] --START--
INFO: Run ReadHtmlCache Behavior [ RunTime:0.000352s ]
INFO: [ app_begin ] --END-- [ RunTime:0.000466s ]
INFO: [ view_template ] --START--
INFO: Run LocationTemplate Behavior [ RunTime:0.000980s ]
INFO: [ view_template ] --END-- [ RunTime:0.001119s ]
INFO: [ view_parse ] --START--
NOTIC: [8] Undefined variable: page_seo D:\APMServ5.2.6\www\htdocs\IKPHP\data\runtime\Cache\home\1575eea83b5aed81b3b6a9a6345b38b8.php 第 5 行.
NOTIC: [8] Use of undefined constant info - assumed 'info' D:\APMServ5.2.6\www\htdocs\IKPHP\data\runtime\Cache\home\1575eea83b5aed81b3b6a9a6345b38b8.php 第 25 行.
NOTIC: [8] Use of undefined constant url - assumed 'url' D:\APMServ5.2.6\www\htdocs\IKPHP\data\runtime\Cache\home\1575eea83b5aed81b3b6a9a6345b38b8.php 第 25 行.
NOTIC: [8] Undefined variable: IK_SOFT D:\APMServ5.2.6\www\htdocs\IKPHP\data\runtime\Cache\home\1575eea83b5aed81b3b6a9a6345b38b8.php 第 25 行.
NOTIC: [8] Use of undefined constant info - assumed 'info' D:\APMServ5.2.6\www\htdocs\IKPHP\data\runtime\Cache\home\1575eea83b5aed81b3b6a9a6345b38b8.php 第 25 行.
NOTIC: [8] Use of undefined constant name - assumed 'name' D:\APMServ5.2.6\www\htdocs\IKPHP\data\runtime\Cache\home\1575eea83b5aed81b3b6a9a6345b38b8.php 第 25 行.
NOTIC: [8] Undefined variable: IK_SOFT D:\APMServ5.2.6\www\htdocs\IKPHP\data\runtime\Cache\home\1575eea83b5aed81b3b6a9a6345b38b8.php 第 25 行.
NOTIC: [8] Use of undefined constant info - assumed 'info' D:\APMServ5.2.6\www\htdocs\IKPHP\data\runtime\Cache\home\1575eea83b5aed81b3b6a9a6345b38b8.php 第 25 行.
NOTIC: [8] Use of undefined constant version - assumed 'version' D:\APMServ5.2.6\www\htdocs\IKPHP\data\runtime\Cache\home\1575eea83b5aed81b3b6a9a6345b38b8.php 第 25 行.
NOTIC: [8] Undefined variable: IK_SOFT D:\APMServ5.2.6\www\htdocs\IKPHP\data\runtime\Cache\home\1575eea83b5aed81b3b6a9a6345b38b8.php 第 25 行.
NOTIC: [8] Use of undefined constant info - assumed 'info' D:\APMServ5.2.6\www\htdocs\IKPHP\data\runtime\Cache\home\1575eea83b5aed81b3b6a9a6345b38b8.php 第 25 行.
NOTIC: [8] Use of undefined constant year - assumed 'year' D:\APMServ5.2.6\www\htdocs\IKPHP\data\runtime\Cache\home\1575eea83b5aed81b3b6a9a6345b38b8.php 第 25 行.
NOTIC: [8] Undefined variable: IK_SOFT D:\APMServ5.2.6\www\htdocs\IKPHP\data\runtime\Cache\home\1575eea83b5aed81b3b6a9a6345b38b8.php 第 25 行.
NOTIC: [8] Use of undefined constant base - assumed 'base' D:\APMServ5.2.6\www\htdocs\IKPHP\data\runtime\Cache\home\1575eea83b5aed81b3b6a9a6345b38b8.php 第 25 行.
NOTIC: [8] Use of undefined constant site_icp - assumed 'site_icp' D:\APMServ5.2.6\www\htdocs\IKPHP\data\runtime\Cache\home\1575eea83b5aed81b3b6a9a6345b38b8.php 第 25 行.
NOTIC: [8] Undefined variable: IK_SITE D:\APMServ5.2.6\www\htdocs\IKPHP\data\runtime\Cache\home\1575eea83b5aed81b3b6a9a6345b38b8.php 第 25 行.
NOTIC: [8] Undefined variable: runTime D:\APMServ5.2.6\www\htdocs\IKPHP\data\runtime\Cache\home\1575eea83b5aed81b3b6a9a6345b38b8.php 第 25 行.
INFO: Run ParseTemplate Behavior [ RunTime:0.009595s ]
INFO: [ view_parse ] --END-- [ RunTime:0.009702s ]
INFO: [ view_filter ] --START--
INFO: Run ContentReplace Behavior [ RunTime:0.000392s ]
INFO: Run TokenBuild Behavior [ RunTime:0.000309s ]
INFO: Run WriteHtmlCache Behavior [ RunTime:0.000263s ]
INFO: Run ShowRuntime Behavior [ RunTime:0.000606s ]
INFO: [ view_filter ] --END-- [ RunTime:0.001817s ]
INFO: [ view_end ] --START--
INFO: Run ShowPageTrace Behavior [ RunTime:0.000375s ]
INFO: [ view_end ] --END-- [ RunTime:0.000468s ]

[ 2013-02-06T13:50:00+08:00 ] 127.0.0.1 /ikphp/index.php?m=user&a=register
INFO: [ app_begin ] --START--
INFO: Run ReadHtmlCache Behavior [ RunTime:0.000364s ]
INFO: [ app_begin ] --END-- [ RunTime:0.000478s ]
INFO: [ view_template ] --START--
INFO: Run LocationTemplate Behavior [ RunTime:0.001112s ]
INFO: [ view_template ] --END-- [ RunTime:0.001408s ]
INFO: [ view_parse ] --START--
NOTIC: [8] Undefined variable: page_seo D:\APMServ5.2.6\www\htdocs\IKPHP\data\runtime\Cache\home\1575eea83b5aed81b3b6a9a6345b38b8.php 第 5 行.
NOTIC: [8] Use of undefined constant info - assumed 'info' D:\APMServ5.2.6\www\htdocs\IKPHP\data\runtime\Cache\home\1575eea83b5aed81b3b6a9a6345b38b8.php 第 25 行.
NOTIC: [8] Use of undefined constant url - assumed 'url' D:\APMServ5.2.6\www\htdocs\IKPHP\data\runtime\Cache\home\1575eea83b5aed81b3b6a9a6345b38b8.php 第 25 行.
NOTIC: [8] Undefined variable: IK_SOFT D:\APMServ5.2.6\www\htdocs\IKPHP\data\runtime\Cache\home\1575eea83b5aed81b3b6a9a6345b38b8.php 第 25 行.
NOTIC: [8] Use of undefined constant info - assumed 'info' D:\APMServ5.2.6\www\htdocs\IKPHP\data\runtime\Cache\home\1575eea83b5aed81b3b6a9a6345b38b8.php 第 25 行.
NOTIC: [8] Use of undefined constant name - assumed 'name' D:\APMServ5.2.6\www\htdocs\IKPHP\data\runtime\Cache\home\1575eea83b5aed81b3b6a9a6345b38b8.php 第 25 行.
NOTIC: [8] Undefined variable: IK_SOFT D:\APMServ5.2.6\www\htdocs\IKPHP\data\runtime\Cache\home\1575eea83b5aed81b3b6a9a6345b38b8.php 第 25 行.
NOTIC: [8] Use of undefined constant info - assumed 'info' D:\APMServ5.2.6\www\htdocs\IKPHP\data\runtime\Cache\home\1575eea83b5aed81b3b6a9a6345b38b8.php 第 25 行.
NOTIC: [8] Use of undefined constant version - assumed 'version' D:\APMServ5.2.6\www\htdocs\IKPHP\data\runtime\Cache\home\1575eea83b5aed81b3b6a9a6345b38b8.php 第 25 行.
NOTIC: [8] Undefined variable: IK_SOFT D:\APMServ5.2.6\www\htdocs\IKPHP\data\runtime\Cache\home\1575eea83b5aed81b3b6a9a6345b38b8.php 第 25 行.
NOTIC: [8] Use of undefined constant info - assumed 'info' D:\APMServ5.2.6\www\htdocs\IKPHP\data\runtime\Cache\home\1575eea83b5aed81b3b6a9a6345b38b8.php 第 25 行.
NOTIC: [8] Use of undefined constant year - assumed 'year' D:\APMServ5.2.6\www\htdocs\IKPHP\data\runtime\Cache\home\1575eea83b5aed81b3b6a9a6345b38b8.php 第 25 行.
NOTIC: [8] Undefined variable: IK_SOFT D:\APMServ5.2.6\www\htdocs\IKPHP\data\runtime\Cache\home\1575eea83b5aed81b3b6a9a6345b38b8.php 第 25 行.
NOTIC: [8] Use of undefined constant base - assumed 'base' D:\APMServ5.2.6\www\htdocs\IKPHP\data\runtime\Cache\home\1575eea83b5aed81b3b6a9a6345b38b8.php 第 25 行.
NOTIC: [8] Use of undefined constant site_icp - assumed 'site_icp' D:\APMServ5.2.6\www\htdocs\IKPHP\data\runtime\Cache\home\1575eea83b5aed81b3b6a9a6345b38b8.php 第 25 行.
NOTIC: [8] Undefined variable: IK_SITE D:\APMServ5.2.6\www\htdocs\IKPHP\data\runtime\Cache\home\1575eea83b5aed81b3b6a9a6345b38b8.php 第 25 行.
NOTIC: [8] Undefined variable: runTime D:\APMServ5.2.6\www\htdocs\IKPHP\data\runtime\Cache\home\1575eea83b5aed81b3b6a9a6345b38b8.php 第 25 行.
INFO: Run ParseTemplate Behavior [ RunTime:0.009567s ]
INFO: [ view_parse ] --END-- [ RunTime:0.009673s ]
INFO: [ view_filter ] --START--
INFO: Run ContentReplace Behavior [ RunTime:0.000387s ]
INFO: Run TokenBuild Behavior [ RunTime:0.000324s ]
INFO: Run WriteHtmlCache Behavior [ RunTime:0.000270s ]
INFO: Run ShowRuntime Behavior [ RunTime:0.000636s ]
INFO: [ view_filter ] --END-- [ RunTime:0.001867s ]
INFO: [ view_end ] --START--
INFO: Run ShowPageTrace Behavior [ RunTime:0.000381s ]
INFO: [ view_end ] --END-- [ RunTime:0.000474s ]

[ 2013-02-06T13:50:12+08:00 ] 127.0.0.1 /ikphp/index.php?m=user&a=register
INFO: [ app_begin ] --START--
INFO: Run ReadHtmlCache Behavior [ RunTime:0.000395s ]
INFO: [ app_begin ] --END-- [ RunTime:0.000521s ]
INFO: [ view_template ] --START--
INFO: Run LocationTemplate Behavior [ RunTime:0.001032s ]
INFO: [ view_template ] --END-- [ RunTime:0.001163s ]
INFO: [ view_parse ] --START--
NOTIC: [8] Undefined variable: page_seo D:\APMServ5.2.6\www\htdocs\IKPHP\data\runtime\Cache\home\1575eea83b5aed81b3b6a9a6345b38b8.php 第 5 行.
NOTIC: [8] Use of undefined constant username - assumed 'username' D:\APMServ5.2.6\www\htdocs\IKPHP\data\runtime\Cache\home\1575eea83b5aed81b3b6a9a6345b38b8.php 第 21 行.
NOTIC: [8] Undefined variable: globalUser D:\APMServ5.2.6\www\htdocs\IKPHP\data\runtime\Cache\home\1575eea83b5aed81b3b6a9a6345b38b8.php 第 21 行.
NOTIC: [8] Use of undefined constant base - assumed 'base' D:\APMServ5.2.6\www\htdocs\IKPHP\data\runtime\Cache\home\1575eea83b5aed81b3b6a9a6345b38b8.php 第 67 行.
NOTIC: [8] Use of undefined constant site_title - assumed 'site_title' D:\APMServ5.2.6\www\htdocs\IKPHP\data\runtime\Cache\home\1575eea83b5aed81b3b6a9a6345b38b8.php 第 67 行.
NOTIC: [8] Undefined variable: IK_SITE D:\APMServ5.2.6\www\htdocs\IKPHP\data\runtime\Cache\home\1575eea83b5aed81b3b6a9a6345b38b8.php 第 67 行.
NOTIC: [8] Use of undefined constant base - assumed 'base' D:\APMServ5.2.6\www\htdocs\IKPHP\data\runtime\Cache\home\1575eea83b5aed81b3b6a9a6345b38b8.php 第 67 行.
NOTIC: [8] Use of undefined constant site_title - assumed 'site_title' D:\APMServ5.2.6\www\htdocs\IKPHP\data\runtime\Cache\home\1575eea83b5aed81b3b6a9a6345b38b8.php 第 67 行.
NOTIC: [8] Undefined variable: IK_SITE D:\APMServ5.2.6\www\htdocs\IKPHP\data\runtime\Cache\home\1575eea83b5aed81b3b6a9a6345b38b8.php 第 67 行.
NOTIC: [8] Undefined variable: item D:\APMServ5.2.6\www\htdocs\IKPHP\data\runtime\Cache\home\1575eea83b5aed81b3b6a9a6345b38b8.php 第 78 行.
NOTIC: [8] Use of undefined constant info - assumed 'info' D:\APMServ5.2.6\www\htdocs\IKPHP\data\runtime\Cache\home\1575eea83b5aed81b3b6a9a6345b38b8.php 第 157 行.
NOTIC: [8] Use of undefined constant url - assumed 'url' D:\APMServ5.2.6\www\htdocs\IKPHP\data\runtime\Cache\home\1575eea83b5aed81b3b6a9a6345b38b8.php 第 157 行.
NOTIC: [8] Undefined variable: IK_SOFT D:\APMServ5.2.6\www\htdocs\IKPHP\data\runtime\Cache\home\1575eea83b5aed81b3b6a9a6345b38b8.php 第 157 行.
NOTIC: [8] Use of undefined constant info - assumed 'info' D:\APMServ5.2.6\www\htdocs\IKPHP\data\runtime\Cache\home\1575eea83b5aed81b3b6a9a6345b38b8.php 第 157 行.
NOTIC: [8] Use of undefined constant name - assumed 'name' D:\APMServ5.2.6\www\htdocs\IKPHP\data\runtime\Cache\home\1575eea83b5aed81b3b6a9a6345b38b8.php 第 157 行.
NOTIC: [8] Undefined variable: IK_SOFT D:\APMServ5.2.6\www\htdocs\IKPHP\data\runtime\Cache\home\1575eea83b5aed81b3b6a9a6345b38b8.php 第 157 行.
NOTIC: [8] Use of undefined constant info - assumed 'info' D:\APMServ5.2.6\www\htdocs\IKPHP\data\runtime\Cache\home\1575eea83b5aed81b3b6a9a6345b38b8.php 第 157 行.
NOTIC: [8] Use of undefined constant version - assumed 'version' D:\APMServ5.2.6\www\htdocs\IKPHP\data\runtime\Cache\home\1575eea83b5aed81b3b6a9a6345b38b8.php 第 157 行.
NOTIC: [8] Undefined variable: IK_SOFT D:\APMServ5.2.6\www\htdocs\IKPHP\data\runtime\Cache\home\1575eea83b5aed81b3b6a9a6345b38b8.php 第 157 行.
NOTIC: [8] Use of undefined constant info - assumed 'info' D:\APMServ5.2.6\www\htdocs\IKPHP\data\runtime\Cache\home\1575eea83b5aed81b3b6a9a6345b38b8.php 第 157 行.
NOTIC: [8] Use of undefined constant year - assumed 'year' D:\APMServ5.2.6\www\htdocs\IKPHP\data\runtime\Cache\home\1575eea83b5aed81b3b6a9a6345b38b8.php 第 157 行.
NOTIC: [8] Undefined variable: IK_SOFT D:\APMServ5.2.6\www\htdocs\IKPHP\data\runtime\Cache\home\1575eea83b5aed81b3b6a9a6345b38b8.php 第 157 行.
NOTIC: [8] Use of undefined constant base - assumed 'base' D:\APMServ5.2.6\www\htdocs\IKPHP\data\runtime\Cache\home\1575eea83b5aed81b3b6a9a6345b38b8.php 第 157 行.
NOTIC: [8] Use of undefined constant site_icp - assumed 'site_icp' D:\APMServ5.2.6\www\htdocs\IKPHP\data\runtime\Cache\home\1575eea83b5aed81b3b6a9a6345b38b8.php 第 157 行.
NOTIC: [8] Undefined variable: IK_SITE D:\APMServ5.2.6\www\htdocs\IKPHP\data\runtime\Cache\home\1575eea83b5aed81b3b6a9a6345b38b8.php 第 157 行.
NOTIC: [8] Undefined variable: runTime D:\APMServ5.2.6\www\htdocs\IKPHP\data\runtime\Cache\home\1575eea83b5aed81b3b6a9a6345b38b8.php 第 157 行.
INFO: Run ParseTemplate Behavior [ RunTime:0.023561s ]
INFO: [ view_parse ] --END-- [ RunTime:0.023661s ]
INFO: [ view_filter ] --START--
INFO: Run ContentReplace Behavior [ RunTime:0.000473s ]
INFO: Run TokenBuild Behavior [ RunTime:0.000353s ]
INFO: Run WriteHtmlCache Behavior [ RunTime:0.000283s ]
INFO: Run ShowRuntime Behavior [ RunTime:0.000665s ]
INFO: [ view_filter ] --END-- [ RunTime:0.002061s ]
INFO: [ view_end ] --START--
INFO: Run ShowPageTrace Behavior [ RunTime:0.000358s ]
INFO: [ view_end ] --END-- [ RunTime:0.000445s ]

[ 2013-02-06T14:37:00+08:00 ] 127.0.0.1 /ikphp/index.php?m=user&a=register
INFO: [ app_begin ] --START--
INFO: Run ReadHtmlCache Behavior [ RunTime:0.001347s ]
INFO: [ app_begin ] --END-- [ RunTime:0.001476s ]
INFO: [ view_template ] --START--
INFO: Run LocationTemplate Behavior [ RunTime:0.002285s ]
INFO: [ view_template ] --END-- [ RunTime:0.002412s ]
INFO: [ view_parse ] --START--
NOTIC: [8] Undefined variable: page_seo D:\APMServ5.2.6\www\htdocs\IKPHP\data\runtime\Cache\home\1575eea83b5aed81b3b6a9a6345b38b8.php 第 5 行.
NOTIC: [8] Use of undefined constant username - assumed 'username' D:\APMServ5.2.6\www\htdocs\IKPHP\data\runtime\Cache\home\1575eea83b5aed81b3b6a9a6345b38b8.php 第 21 行.
NOTIC: [8] Undefined variable: globalUser D:\APMServ5.2.6\www\htdocs\IKPHP\data\runtime\Cache\home\1575eea83b5aed81b3b6a9a6345b38b8.php 第 21 行.
NOTIC: [8] Use of undefined constant base - assumed 'base' D:\APMServ5.2.6\www\htdocs\IKPHP\data\runtime\Cache\home\1575eea83b5aed81b3b6a9a6345b38b8.php 第 67 行.
NOTIC: [8] Use of undefined constant site_title - assumed 'site_title' D:\APMServ5.2.6\www\htdocs\IKPHP\data\runtime\Cache\home\1575eea83b5aed81b3b6a9a6345b38b8.php 第 67 行.
NOTIC: [8] Undefined variable: IK_SITE D:\APMServ5.2.6\www\htdocs\IKPHP\data\runtime\Cache\home\1575eea83b5aed81b3b6a9a6345b38b8.php 第 67 行.
NOTIC: [8] Use of undefined constant base - assumed 'base' D:\APMServ5.2.6\www\htdocs\IKPHP\data\runtime\Cache\home\1575eea83b5aed81b3b6a9a6345b38b8.php 第 67 行.
NOTIC: [8] Use of undefined constant site_title - assumed 'site_title' D:\APMServ5.2.6\www\htdocs\IKPHP\data\runtime\Cache\home\1575eea83b5aed81b3b6a9a6345b38b8.php 第 67 行.
NOTIC: [8] Undefined variable: IK_SITE D:\APMServ5.2.6\www\htdocs\IKPHP\data\runtime\Cache\home\1575eea83b5aed81b3b6a9a6345b38b8.php 第 67 行.
NOTIC: [8] Undefined variable: item D:\APMServ5.2.6\www\htdocs\IKPHP\data\runtime\Cache\home\1575eea83b5aed81b3b6a9a6345b38b8.php 第 78 行.
NOTIC: [8] Use of undefined constant info - assumed 'info' D:\APMServ5.2.6\www\htdocs\IKPHP\data\runtime\Cache\home\1575eea83b5aed81b3b6a9a6345b38b8.php 第 157 行.
NOTIC: [8] Use of undefined constant url - assumed 'url' D:\APMServ5.2.6\www\htdocs\IKPHP\data\runtime\Cache\home\1575eea83b5aed81b3b6a9a6345b38b8.php 第 157 行.
NOTIC: [8] Undefined variable: IK_SOFT D:\APMServ5.2.6\www\htdocs\IKPHP\data\runtime\Cache\home\1575eea83b5aed81b3b6a9a6345b38b8.php 第 157 行.
NOTIC: [8] Use of undefined constant info - assumed 'info' D:\APMServ5.2.6\www\htdocs\IKPHP\data\runtime\Cache\home\1575eea83b5aed81b3b6a9a6345b38b8.php 第 157 行.
NOTIC: [8] Use of undefined constant name - assumed 'name' D:\APMServ5.2.6\www\htdocs\IKPHP\data\runtime\Cache\home\1575eea83b5aed81b3b6a9a6345b38b8.php 第 157 行.
NOTIC: [8] Undefined variable: IK_SOFT D:\APMServ5.2.6\www\htdocs\IKPHP\data\runtime\Cache\home\1575eea83b5aed81b3b6a9a6345b38b8.php 第 157 行.
NOTIC: [8] Use of undefined constant info - assumed 'info' D:\APMServ5.2.6\www\htdocs\IKPHP\data\runtime\Cache\home\1575eea83b5aed81b3b6a9a6345b38b8.php 第 157 行.
NOTIC: [8] Use of undefined constant version - assumed 'version' D:\APMServ5.2.6\www\htdocs\IKPHP\data\runtime\Cache\home\1575eea83b5aed81b3b6a9a6345b38b8.php 第 157 行.
NOTIC: [8] Undefined variable: IK_SOFT D:\APMServ5.2.6\www\htdocs\IKPHP\data\runtime\Cache\home\1575eea83b5aed81b3b6a9a6345b38b8.php 第 157 行.
NOTIC: [8] Use of undefined constant info - assumed 'info' D:\APMServ5.2.6\www\htdocs\IKPHP\data\runtime\Cache\home\1575eea83b5aed81b3b6a9a6345b38b8.php 第 157 行.
NOTIC: [8] Use of undefined constant year - assumed 'year' D:\APMServ5.2.6\www\htdocs\IKPHP\data\runtime\Cache\home\1575eea83b5aed81b3b6a9a6345b38b8.php 第 157 行.
NOTIC: [8] Undefined variable: IK_SOFT D:\APMServ5.2.6\www\htdocs\IKPHP\data\runtime\Cache\home\1575eea83b5aed81b3b6a9a6345b38b8.php 第 157 行.
NOTIC: [8] Use of undefined constant base - assumed 'base' D:\APMServ5.2.6\www\htdocs\IKPHP\data\runtime\Cache\home\1575eea83b5aed81b3b6a9a6345b38b8.php 第 157 行.
NOTIC: [8] Use of undefined constant site_icp - assumed 'site_icp' D:\APMServ5.2.6\www\htdocs\IKPHP\data\runtime\Cache\home\1575eea83b5aed81b3b6a9a6345b38b8.php 第 157 行.
NOTIC: [8] Undefined variable: IK_SITE D:\APMServ5.2.6\www\htdocs\IKPHP\data\runtime\Cache\home\1575eea83b5aed81b3b6a9a6345b38b8.php 第 157 行.
NOTIC: [8] Undefined variable: runTime D:\APMServ5.2.6\www\htdocs\IKPHP\data\runtime\Cache\home\1575eea83b5aed81b3b6a9a6345b38b8.php 第 157 行.
INFO: Run ParseTemplate Behavior [ RunTime:0.026829s ]
INFO: [ view_parse ] --END-- [ RunTime:0.026931s ]
INFO: [ view_filter ] --START--
INFO: Run ContentReplace Behavior [ RunTime:0.001446s ]
INFO: Run TokenBuild Behavior [ RunTime:0.001345s ]
INFO: Run WriteHtmlCache Behavior [ RunTime:0.001301s ]
INFO: Run ShowRuntime Behavior [ RunTime:0.001360s ]
INFO: [ view_filter ] --END-- [ RunTime:0.005750s ]
INFO: [ view_end ] --START--
INFO: Run ShowPageTrace Behavior [ RunTime:0.000873s ]
INFO: [ view_end ] --END-- [ RunTime:0.000970s ]

[ 2013-02-06T15:40:25+08:00 ] ERR: (ThinkException) 无法加载模块:Index
[ 2013-02-06T15:41:24+08:00 ] ERR: (ThinkException) 模板不存在[./app/Tpl/Home/default/User/index.html]
[ 2013-02-06T15:41:58+08:00 ] 127.0.0.1 /ikphp/index.php?m=user&a=register
INFO: [ app_begin ] --START--
INFO: Run ReadHtmlCache Behavior [ RunTime:0.001301s ]
INFO: [ app_begin ] --END-- [ RunTime:0.001445s ]
INFO: [ view_template ] --START--
INFO: Run LocationTemplate Behavior [ RunTime:0.002274s ]
INFO: [ view_template ] --END-- [ RunTime:0.002448s ]
INFO: [ view_parse ] --START--
NOTIC: [8] Undefined variable: page_seo D:\APMServ5.2.6\www\htdocs\IKPHP\data\runtime\Cache\home\1575eea83b5aed81b3b6a9a6345b38b8.php 第 5 行.
NOTIC: [8] Use of undefined constant username - assumed 'username' D:\APMServ5.2.6\www\htdocs\IKPHP\data\runtime\Cache\home\1575eea83b5aed81b3b6a9a6345b38b8.php 第 21 行.
NOTIC: [8] Undefined variable: globalUser D:\APMServ5.2.6\www\htdocs\IKPHP\data\runtime\Cache\home\1575eea83b5aed81b3b6a9a6345b38b8.php 第 21 行.
NOTIC: [8] Use of undefined constant base - assumed 'base' D:\APMServ5.2.6\www\htdocs\IKPHP\data\runtime\Cache\home\1575eea83b5aed81b3b6a9a6345b38b8.php 第 67 行.
NOTIC: [8] Use of undefined constant site_title - assumed 'site_title' D:\APMServ5.2.6\www\htdocs\IKPHP\data\runtime\Cache\home\1575eea83b5aed81b3b6a9a6345b38b8.php 第 67 行.
NOTIC: [8] Undefined variable: IK_SITE D:\APMServ5.2.6\www\htdocs\IKPHP\data\runtime\Cache\home\1575eea83b5aed81b3b6a9a6345b38b8.php 第 67 行.
NOTIC: [8] Use of undefined constant base - assumed 'base' D:\APMServ5.2.6\www\htdocs\IKPHP\data\runtime\Cache\home\1575eea83b5aed81b3b6a9a6345b38b8.php 第 67 行.
NOTIC: [8] Use of undefined constant site_title - assumed 'site_title' D:\APMServ5.2.6\www\htdocs\IKPHP\data\runtime\Cache\home\1575eea83b5aed81b3b6a9a6345b38b8.php 第 67 行.
NOTIC: [8] Undefined variable: IK_SITE D:\APMServ5.2.6\www\htdocs\IKPHP\data\runtime\Cache\home\1575eea83b5aed81b3b6a9a6345b38b8.php 第 67 行.
NOTIC: [8] Undefined variable: item D:\APMServ5.2.6\www\htdocs\IKPHP\data\runtime\Cache\home\1575eea83b5aed81b3b6a9a6345b38b8.php 第 78 行.
NOTIC: [8] Use of undefined constant info - assumed 'info' D:\APMServ5.2.6\www\htdocs\IKPHP\data\runtime\Cache\home\1575eea83b5aed81b3b6a9a6345b38b8.php 第 157 行.
NOTIC: [8] Use of undefined constant url - assumed 'url' D:\APMServ5.2.6\www\htdocs\IKPHP\data\runtime\Cache\home\1575eea83b5aed81b3b6a9a6345b38b8.php 第 157 行.
NOTIC: [8] Undefined variable: IK_SOFT D:\APMServ5.2.6\www\htdocs\IKPHP\data\runtime\Cache\home\1575eea83b5aed81b3b6a9a6345b38b8.php 第 157 行.
NOTIC: [8] Use of undefined constant info - assumed 'info' D:\APMServ5.2.6\www\htdocs\IKPHP\data\runtime\Cache\home\1575eea83b5aed81b3b6a9a6345b38b8.php 第 157 行.
NOTIC: [8] Use of undefined constant name - assumed 'name' D:\APMServ5.2.6\www\htdocs\IKPHP\data\runtime\Cache\home\1575eea83b5aed81b3b6a9a6345b38b8.php 第 157 行.
NOTIC: [8] Undefined variable: IK_SOFT D:\APMServ5.2.6\www\htdocs\IKPHP\data\runtime\Cache\home\1575eea83b5aed81b3b6a9a6345b38b8.php 第 157 行.
NOTIC: [8] Use of undefined constant info - assumed 'info' D:\APMServ5.2.6\www\htdocs\IKPHP\data\runtime\Cache\home\1575eea83b5aed81b3b6a9a6345b38b8.php 第 157 行.
NOTIC: [8] Use of undefined constant version - assumed 'version' D:\APMServ5.2.6\www\htdocs\IKPHP\data\runtime\Cache\home\1575eea83b5aed81b3b6a9a6345b38b8.php 第 157 行.
NOTIC: [8] Undefined variable: IK_SOFT D:\APMServ5.2.6\www\htdocs\IKPHP\data\runtime\Cache\home\1575eea83b5aed81b3b6a9a6345b38b8.php 第 157 行.
NOTIC: [8] Use of undefined constant info - assumed 'info' D:\APMServ5.2.6\www\htdocs\IKPHP\data\runtime\Cache\home\1575eea83b5aed81b3b6a9a6345b38b8.php 第 157 行.
NOTIC: [8] Use of undefined constant year - assumed 'year' D:\APMServ5.2.6\www\htdocs\IKPHP\data\runtime\Cache\home\1575eea83b5aed81b3b6a9a6345b38b8.php 第 157 行.
NOTIC: [8] Undefined variable: IK_SOFT D:\APMServ5.2.6\www\htdocs\IKPHP\data\runtime\Cache\home\1575eea83b5aed81b3b6a9a6345b38b8.php 第 157 行.
NOTIC: [8] Use of undefined constant base - assumed 'base' D:\APMServ5.2.6\www\htdocs\IKPHP\data\runtime\Cache\home\1575eea83b5aed81b3b6a9a6345b38b8.php 第 157 行.
NOTIC: [8] Use of undefined constant site_icp - assumed 'site_icp' D:\APMServ5.2.6\www\htdocs\IKPHP\data\runtime\Cache\home\1575eea83b5aed81b3b6a9a6345b38b8.php 第 157 行.
NOTIC: [8] Undefined variable: IK_SITE D:\APMServ5.2.6\www\htdocs\IKPHP\data\runtime\Cache\home\1575eea83b5aed81b3b6a9a6345b38b8.php 第 157 行.
NOTIC: [8] Undefined variable: runTime D:\APMServ5.2.6\www\htdocs\IKPHP\data\runtime\Cache\home\1575eea83b5aed81b3b6a9a6345b38b8.php 第 157 行.
INFO: Run ParseTemplate Behavior [ RunTime:0.027073s ]
INFO: [ view_parse ] --END-- [ RunTime:0.027180s ]
INFO: [ view_filter ] --START--
INFO: Run ContentReplace Behavior [ RunTime:0.001487s ]
INFO: Run TokenBuild Behavior [ RunTime:0.001318s ]
INFO: Run WriteHtmlCache Behavior [ RunTime:0.001236s ]
INFO: Run ShowRuntime Behavior [ RunTime:0.001333s ]
INFO: [ view_filter ] --END-- [ RunTime:0.005662s ]
INFO: [ view_end ] --START--
INFO: Run ShowPageTrace Behavior [ RunTime:0.001550s ]
INFO: [ view_end ] --END-- [ RunTime:0.001659s ]

[ 2013-02-06T15:48:01+08:00 ] 127.0.0.1 /ikphp/index.php?m=user&a=register
INFO: [ app_begin ] --START--
INFO: Run ReadHtmlCache Behavior [ RunTime:0.001357s ]
INFO: [ app_begin ] --END-- [ RunTime:0.001494s ]
INFO: [ view_template ] --START--
INFO: Run LocationTemplate Behavior [ RunTime:0.002455s ]
INFO: [ view_template ] --END-- [ RunTime:0.002596s ]
INFO: [ view_parse ] --START--
NOTIC: [8] Undefined variable: page_seo D:\APMServ5.2.6\www\htdocs\IKPHP\data\runtime\Cache\home\1575eea83b5aed81b3b6a9a6345b38b8.php 第 5 行.
NOTIC: [8] Use of undefined constant username - assumed 'username' D:\APMServ5.2.6\www\htdocs\IKPHP\data\runtime\Cache\home\1575eea83b5aed81b3b6a9a6345b38b8.php 第 22 行.
NOTIC: [8] Undefined variable: globalUser D:\APMServ5.2.6\www\htdocs\IKPHP\data\runtime\Cache\home\1575eea83b5aed81b3b6a9a6345b38b8.php 第 22 行.
NOTIC: [8] Use of undefined constant base - assumed 'base' D:\APMServ5.2.6\www\htdocs\IKPHP\data\runtime\Cache\home\1575eea83b5aed81b3b6a9a6345b38b8.php 第 68 行.
NOTIC: [8] Use of undefined constant site_title - assumed 'site_title' D:\APMServ5.2.6\www\htdocs\IKPHP\data\runtime\Cache\home\1575eea83b5aed81b3b6a9a6345b38b8.php 第 68 行.
NOTIC: [8] Undefined variable: IK_SITE D:\APMServ5.2.6\www\htdocs\IKPHP\data\runtime\Cache\home\1575eea83b5aed81b3b6a9a6345b38b8.php 第 68 行.
NOTIC: [8] Use of undefined constant base - assumed 'base' D:\APMServ5.2.6\www\htdocs\IKPHP\data\runtime\Cache\home\1575eea83b5aed81b3b6a9a6345b38b8.php 第 68 行.
NOTIC: [8] Use of undefined constant site_title - assumed 'site_title' D:\APMServ5.2.6\www\htdocs\IKPHP\data\runtime\Cache\home\1575eea83b5aed81b3b6a9a6345b38b8.php 第 68 行.
NOTIC: [8] Undefined variable: IK_SITE D:\APMServ5.2.6\www\htdocs\IKPHP\data\runtime\Cache\home\1575eea83b5aed81b3b6a9a6345b38b8.php 第 68 行.
NOTIC: [8] Undefined variable: item D:\APMServ5.2.6\www\htdocs\IKPHP\data\runtime\Cache\home\1575eea83b5aed81b3b6a9a6345b38b8.php 第 79 行.
NOTIC: [8] Use of undefined constant info - assumed 'info' D:\APMServ5.2.6\www\htdocs\IKPHP\data\runtime\Cache\home\1575eea83b5aed81b3b6a9a6345b38b8.php 第 158 行.
NOTIC: [8] Use of undefined constant url - assumed 'url' D:\APMServ5.2.6\www\htdocs\IKPHP\data\runtime\Cache\home\1575eea83b5aed81b3b6a9a6345b38b8.php 第 158 行.
NOTIC: [8] Undefined variable: IK_SOFT D:\APMServ5.2.6\www\htdocs\IKPHP\data\runtime\Cache\home\1575eea83b5aed81b3b6a9a6345b38b8.php 第 158 行.
NOTIC: [8] Use of undefined constant info - assumed 'info' D:\APMServ5.2.6\www\htdocs\IKPHP\data\runtime\Cache\home\1575eea83b5aed81b3b6a9a6345b38b8.php 第 158 行.
NOTIC: [8] Use of undefined constant name - assumed 'name' D:\APMServ5.2.6\www\htdocs\IKPHP\data\runtime\Cache\home\1575eea83b5aed81b3b6a9a6345b38b8.php 第 158 行.
NOTIC: [8] Undefined variable: IK_SOFT D:\APMServ5.2.6\www\htdocs\IKPHP\data\runtime\Cache\home\1575eea83b5aed81b3b6a9a6345b38b8.php 第 158 行.
NOTIC: [8] Use of undefined constant info - assumed 'info' D:\APMServ5.2.6\www\htdocs\IKPHP\data\runtime\Cache\home\1575eea83b5aed81b3b6a9a6345b38b8.php 第 158 行.
NOTIC: [8] Use of undefined constant version - assumed 'version' D:\APMServ5.2.6\www\htdocs\IKPHP\data\runtime\Cache\home\1575eea83b5aed81b3b6a9a6345b38b8.php 第 158 行.
NOTIC: [8] Undefined variable: IK_SOFT D:\APMServ5.2.6\www\htdocs\IKPHP\data\runtime\Cache\home\1575eea83b5aed81b3b6a9a6345b38b8.php 第 158 行.
NOTIC: [8] Use of undefined constant info - assumed 'info' D:\APMServ5.2.6\www\htdocs\IKPHP\data\runtime\Cache\home\1575eea83b5aed81b3b6a9a6345b38b8.php 第 158 行.
NOTIC: [8] Use of undefined constant year - assumed 'year' D:\APMServ5.2.6\www\htdocs\IKPHP\data\runtime\Cache\home\1575eea83b5aed81b3b6a9a6345b38b8.php 第 158 行.
NOTIC: [8] Undefined variable: IK_SOFT D:\APMServ5.2.6\www\htdocs\IKPHP\data\runtime\Cache\home\1575eea83b5aed81b3b6a9a6345b38b8.php 第 158 行.
NOTIC: [8] Use of undefined constant base - assumed 'base' D:\APMServ5.2.6\www\htdocs\IKPHP\data\runtime\Cache\home\1575eea83b5aed81b3b6a9a6345b38b8.php 第 158 行.
NOTIC: [8] Use of undefined constant site_icp - assumed 'site_icp' D:\APMServ5.2.6\www\htdocs\IKPHP\data\runtime\Cache\home\1575eea83b5aed81b3b6a9a6345b38b8.php 第 158 行.
NOTIC: [8] Undefined variable: IK_SITE D:\APMServ5.2.6\www\htdocs\IKPHP\data\runtime\Cache\home\1575eea83b5aed81b3b6a9a6345b38b8.php 第 158 行.
NOTIC: [8] Undefined variable: runTime D:\APMServ5.2.6\www\htdocs\IKPHP\data\runtime\Cache\home\1575eea83b5aed81b3b6a9a6345b38b8.php 第 158 行.
INFO: Run ParseTemplate Behavior [ RunTime:0.028268s ]
INFO: [ view_parse ] --END-- [ RunTime:0.028382s ]
INFO: [ view_filter ] --START--
INFO: Run ContentReplace Behavior [ RunTime:0.001537s ]
INFO: Run TokenBuild Behavior [ RunTime:0.001322s ]
INFO: Run WriteHtmlCache Behavior [ RunTime:0.001305s ]
INFO: Run ShowRuntime Behavior [ RunTime:0.001363s ]
INFO: [ view_filter ] --END-- [ RunTime:0.005860s ]
INFO: [ view_end ] --START--
INFO: Run ShowPageTrace Behavior [ RunTime:0.001340s ]
INFO: [ view_end ] --END-- [ RunTime:0.001433s ]

