[ 2013-03-02T08:40:26+08:00 ] 127.0.0.1 /ikphp/
INFO: [ app_begin ] --START--
INFO: Run ReadHtmlCache Behavior [ RunTime:0.017583s ]
INFO: Run load_lang Behavior [ RunTime:0.030275s ]
INFO: [ app_begin ] --END-- [ RunTime:0.048087s ]
INFO: [ view_template ] --START--
INFO: Run LocationTemplate Behavior [ RunTime:0.015274s ]
INFO: [ view_template ] --END-- [ RunTime:0.015386s ]
INFO: [ view_parse ] --START--
NOTIC: [8] Use of undefined constant base - assumed 'base' D:\APMServ5.2.6\www\htdocs\IKPHP\data\runtime\Cache\Home\fd296fa28a1e3de4b4b086da2abdf505.php 第 74 行.
NOTIC: [8] Use of undefined constant site_title - assumed 'site_title' D:\APMServ5.2.6\www\htdocs\IKPHP\data\runtime\Cache\Home\fd296fa28a1e3de4b4b086da2abdf505.php 第 74 行.
NOTIC: [8] Undefined variable: IK_SITE D:\APMServ5.2.6\www\htdocs\IKPHP\data\runtime\Cache\Home\fd296fa28a1e3de4b4b086da2abdf505.php 第 74 行.
NOTIC: [8] Use of undefined constant base - assumed 'base' D:\APMServ5.2.6\www\htdocs\IKPHP\data\runtime\Cache\Home\fd296fa28a1e3de4b4b086da2abdf505.php 第 74 行.
NOTIC: [8] Use of undefined constant site_title - assumed 'site_title' D:\APMServ5.2.6\www\htdocs\IKPHP\data\runtime\Cache\Home\fd296fa28a1e3de4b4b086da2abdf505.php 第 74 行.
NOTIC: [8] Undefined variable: IK_SITE D:\APMServ5.2.6\www\htdocs\IKPHP\data\runtime\Cache\Home\fd296fa28a1e3de4b4b086da2abdf505.php 第 74 行.
NOTIC: [8] Use of undefined constant info - assumed 'info' D:\APMServ5.2.6\www\htdocs\IKPHP\data\runtime\Cache\Home\fd296fa28a1e3de4b4b086da2abdf505.php 第 107 行.
NOTIC: [8] Use of undefined constant url - assumed 'url' D:\APMServ5.2.6\www\htdocs\IKPHP\data\runtime\Cache\Home\fd296fa28a1e3de4b4b086da2abdf505.php 第 107 行.
NOTIC: [8] Undefined variable: IK_SOFT D:\APMServ5.2.6\www\htdocs\IKPHP\data\runtime\Cache\Home\fd296fa28a1e3de4b4b086da2abdf505.php 第 107 行.
NOTIC: [8] Use of undefined constant info - assumed 'info' D:\APMServ5.2.6\www\htdocs\IKPHP\data\runtime\Cache\Home\fd296fa28a1e3de4b4b086da2abdf505.php 第 107 行.
NOTIC: [8] Use of undefined constant name - assumed 'name' D:\APMServ5.2.6\www\htdocs\IKPHP\data\runtime\Cache\Home\fd296fa28a1e3de4b4b086da2abdf505.php 第 107 行.
NOTIC: [8] Undefined variable: IK_SOFT D:\APMServ5.2.6\www\htdocs\IKPHP\data\runtime\Cache\Home\fd296fa28a1e3de4b4b086da2abdf505.php 第 107 行.
NOTIC: [8] Use of undefined constant info - assumed 'info' D:\APMServ5.2.6\www\htdocs\IKPHP\data\runtime\Cache\Home\fd296fa28a1e3de4b4b086da2abdf505.php 第 107 行.
NOTIC: [8] Use of undefined constant version - assumed 'version' D:\APMServ5.2.6\www\htdocs\IKPHP\data\runtime\Cache\Home\fd296fa28a1e3de4b4b086da2abdf505.php 第 107 行.
NOTIC: [8] Undefined variable: IK_SOFT D:\APMServ5.2.6\www\htdocs\IKPHP\data\runtime\Cache\Home\fd296fa28a1e3de4b4b086da2abdf505.php 第 107 行.
NOTIC: [8] Use of undefined constant info - assumed 'info' D:\APMServ5.2.6\www\htdocs\IKPHP\data\runtime\Cache\Home\fd296fa28a1e3de4b4b086da2abdf505.php 第 107 行.
NOTIC: [8] Use of undefined constant year - assumed 'year' D:\APMServ5.2.6\www\htdocs\IKPHP\data\runtime\Cache\Home\fd296fa28a1e3de4b4b086da2abdf505.php 第 107 行.
NOTIC: [8] Undefined variable: IK_SOFT D:\APMServ5.2.6\www\htdocs\IKPHP\data\runtime\Cache\Home\fd296fa28a1e3de4b4b086da2abdf505.php 第 107 行.
NOTIC: [8] Use of undefined constant base - assumed 'base' D:\APMServ5.2.6\www\htdocs\IKPHP\data\runtime\Cache\Home\fd296fa28a1e3de4b4b086da2abdf505.php 第 107 行.
NOTIC: [8] Use of undefined constant site_icp - assumed 'site_icp' D:\APMServ5.2.6\www\htdocs\IKPHP\data\runtime\Cache\Home\fd296fa28a1e3de4b4b086da2abdf505.php 第 107 行.
NOTIC: [8] Undefined variable: IK_SITE D:\APMServ5.2.6\www\htdocs\IKPHP\data\runtime\Cache\Home\fd296fa28a1e3de4b4b086da2abdf505.php 第 107 行.
NOTIC: [8] Undefined variable: runTime D:\APMServ5.2.6\www\htdocs\IKPHP\data\runtime\Cache\Home\fd296fa28a1e3de4b4b086da2abdf505.php 第 107 行.
INFO: Run ParseTemplate Behavior [ RunTime:0.128521s ]
INFO: [ view_parse ] --END-- [ RunTime:0.128609s ]
INFO: [ view_filter ] --START--
INFO: Run ContentReplace Behavior [ RunTime:0.013381s ]
INFO: Run TokenBuild Behavior [ RunTime:0.001763s ]
INFO: Run WriteHtmlCache Behavior [ RunTime:0.010910s ]
INFO: Run ShowRuntime Behavior [ RunTime:0.005152s ]
INFO: Run content_replace Behavior [ RunTime:0.041134s ]
INFO: [ view_filter ] --END-- [ RunTime:0.072723s ]
INFO: [ view_end ] --START--
INFO: Run ShowPageTrace Behavior [ RunTime:0.010008s ]
INFO: [ view_end ] --END-- [ RunTime:0.010108s ]

[ 2013-03-02T08:44:32+08:00 ] 127.0.0.1 /ikphp/
INFO: [ app_begin ] --START--
INFO: Run ReadHtmlCache Behavior [ RunTime:0.000731s ]
INFO: Run load_lang Behavior [ RunTime:0.004309s ]
INFO: [ app_begin ] --END-- [ RunTime:0.005223s ]
INFO: [ view_template ] --START--
INFO: Run LocationTemplate Behavior [ RunTime:0.001446s ]
INFO: [ view_template ] --END-- [ RunTime:0.001541s ]
INFO: [ view_parse ] --START--
NOTIC: [8] Use of undefined constant base - assumed 'base' D:\APMServ5.2.6\www\htdocs\IKPHP\data\runtime\Cache\Home\fd296fa28a1e3de4b4b086da2abdf505.php 第 74 行.
NOTIC: [8] Use of undefined constant site_title - assumed 'site_title' D:\APMServ5.2.6\www\htdocs\IKPHP\data\runtime\Cache\Home\fd296fa28a1e3de4b4b086da2abdf505.php 第 74 行.
NOTIC: [8] Undefined variable: IK_SITE D:\APMServ5.2.6\www\htdocs\IKPHP\data\runtime\Cache\Home\fd296fa28a1e3de4b4b086da2abdf505.php 第 74 行.
NOTIC: [8] Use of undefined constant base - assumed 'base' D:\APMServ5.2.6\www\htdocs\IKPHP\data\runtime\Cache\Home\fd296fa28a1e3de4b4b086da2abdf505.php 第 74 行.
NOTIC: [8] Use of undefined constant site_title - assumed 'site_title' D:\APMServ5.2.6\www\htdocs\IKPHP\data\runtime\Cache\Home\fd296fa28a1e3de4b4b086da2abdf505.php 第 74 行.
NOTIC: [8] Undefined variable: IK_SITE D:\APMServ5.2.6\www\htdocs\IKPHP\data\runtime\Cache\Home\fd296fa28a1e3de4b4b086da2abdf505.php 第 74 行.
NOTIC: [8] Use of undefined constant info - assumed 'info' D:\APMServ5.2.6\www\htdocs\IKPHP\data\runtime\Cache\Home\fd296fa28a1e3de4b4b086da2abdf505.php 第 107 行.
NOTIC: [8] Use of undefined constant url - assumed 'url' D:\APMServ5.2.6\www\htdocs\IKPHP\data\runtime\Cache\Home\fd296fa28a1e3de4b4b086da2abdf505.php 第 107 行.
NOTIC: [8] Undefined variable: IK_SOFT D:\APMServ5.2.6\www\htdocs\IKPHP\data\runtime\Cache\Home\fd296fa28a1e3de4b4b086da2abdf505.php 第 107 行.
NOTIC: [8] Use of undefined constant info - assumed 'info' D:\APMServ5.2.6\www\htdocs\IKPHP\data\runtime\Cache\Home\fd296fa28a1e3de4b4b086da2abdf505.php 第 107 行.
NOTIC: [8] Use of undefined constant name - assumed 'name' D:\APMServ5.2.6\www\htdocs\IKPHP\data\runtime\Cache\Home\fd296fa28a1e3de4b4b086da2abdf505.php 第 107 行.
NOTIC: [8] Undefined variable: IK_SOFT D:\APMServ5.2.6\www\htdocs\IKPHP\data\runtime\Cache\Home\fd296fa28a1e3de4b4b086da2abdf505.php 第 107 行.
NOTIC: [8] Use of undefined constant info - assumed 'info' D:\APMServ5.2.6\www\htdocs\IKPHP\data\runtime\Cache\Home\fd296fa28a1e3de4b4b086da2abdf505.php 第 107 行.
NOTIC: [8] Use of undefined constant version - assumed 'version' D:\APMServ5.2.6\www\htdocs\IKPHP\data\runtime\Cache\Home\fd296fa28a1e3de4b4b086da2abdf505.php 第 107 行.
NOTIC: [8] Undefined variable: IK_SOFT D:\APMServ5.2.6\www\htdocs\IKPHP\data\runtime\Cache\Home\fd296fa28a1e3de4b4b086da2abdf505.php 第 107 行.
NOTIC: [8] Use of undefined constant info - assumed 'info' D:\APMServ5.2.6\www\htdocs\IKPHP\data\runtime\Cache\Home\fd296fa28a1e3de4b4b086da2abdf505.php 第 107 行.
NOTIC: [8] Use of undefined constant year - assumed 'year' D:\APMServ5.2.6\www\htdocs\IKPHP\data\runtime\Cache\Home\fd296fa28a1e3de4b4b086da2abdf505.php 第 107 行.
NOTIC: [8] Undefined variable: IK_SOFT D:\APMServ5.2.6\www\htdocs\IKPHP\data\runtime\Cache\Home\fd296fa28a1e3de4b4b086da2abdf505.php 第 107 行.
NOTIC: [8] Use of undefined constant base - assumed 'base' D:\APMServ5.2.6\www\htdocs\IKPHP\data\runtime\Cache\Home\fd296fa28a1e3de4b4b086da2abdf505.php 第 107 行.
NOTIC: [8] Use of undefined constant site_icp - assumed 'site_icp' D:\APMServ5.2.6\www\htdocs\IKPHP\data\runtime\Cache\Home\fd296fa28a1e3de4b4b086da2abdf505.php 第 107 行.
NOTIC: [8] Undefined variable: IK_SITE D:\APMServ5.2.6\www\htdocs\IKPHP\data\runtime\Cache\Home\fd296fa28a1e3de4b4b086da2abdf505.php 第 107 行.
NOTIC: [8] Undefined variable: runTime D:\APMServ5.2.6\www\htdocs\IKPHP\data\runtime\Cache\Home\fd296fa28a1e3de4b4b086da2abdf505.php 第 107 行.
INFO: Run ParseTemplate Behavior [ RunTime:0.017514s ]
INFO: [ view_parse ] --END-- [ RunTime:0.017595s ]
INFO: [ view_filter ] --START--
INFO: Run ContentReplace Behavior [ RunTime:0.000656s ]
INFO: Run TokenBuild Behavior [ RunTime:0.000531s ]
INFO: Run WriteHtmlCache Behavior [ RunTime:0.000666s ]
INFO: Run ShowRuntime Behavior [ RunTime:0.000558s ]
INFO: Run content_replace Behavior [ RunTime:0.001565s ]
INFO: [ view_filter ] --END-- [ RunTime:0.004161s ]
INFO: [ view_end ] --START--
INFO: Run ShowPageTrace Behavior [ RunTime:0.000532s ]
INFO: [ view_end ] --END-- [ RunTime:0.000585s ]

[ 2013-03-02T08:44:44+08:00 ] 127.0.0.1 /ikphp/index.php?g=admin&m=index&a=login
INFO: [ app_begin ] --START--
INFO: Run ReadHtmlCache Behavior [ RunTime:0.000415s ]
INFO: Run load_lang Behavior [ RunTime:0.001835s ]
INFO: [ app_begin ] --END-- [ RunTime:0.002473s ]
INFO: [ view_template ] --START--
INFO: Run LocationTemplate Behavior [ RunTime:0.019603s ]
INFO: [ view_template ] --END-- [ RunTime:0.019771s ]
INFO: [ view_parse ] --START--
INFO: Run ParseTemplate Behavior [ RunTime:0.080956s ]
INFO: [ view_parse ] --END-- [ RunTime:0.081105s ]
INFO: [ view_filter ] --START--
INFO: Run ContentReplace Behavior [ RunTime:0.001361s ]
INFO: Run TokenBuild Behavior [ RunTime:0.001107s ]
INFO: Run WriteHtmlCache Behavior [ RunTime:0.001045s ]
INFO: Run ShowRuntime Behavior [ RunTime:0.001146s ]
INFO: Run content_replace Behavior [ RunTime:0.002835s ]
INFO: [ view_filter ] --END-- [ RunTime:0.007879s ]
INFO: [ view_end ] --START--
INFO: Run ShowPageTrace Behavior [ RunTime:0.000893s ]
INFO: [ view_end ] --END-- [ RunTime:0.000981s ]

[ 2013-03-02T08:45:07+08:00 ] 127.0.0.1 /ikphp/index.php?g=admin&m=index&a=login
INFO: [ app_begin ] --START--
INFO: Run ReadHtmlCache Behavior [ RunTime:0.000458s ]
INFO: Run load_lang Behavior [ RunTime:0.019381s ]
INFO: [ app_begin ] --END-- [ RunTime:0.020074s ]
INFO: [ view_template ] --START--
INFO: Run LocationTemplate Behavior [ RunTime:0.000258s ]
INFO: [ view_template ] --END-- [ RunTime:0.000337s ]
INFO: [ view_parse ] --START--
INFO: Run ParseTemplate Behavior [ RunTime:0.005123s ]
INFO: [ view_parse ] --END-- [ RunTime:0.005217s ]
INFO: [ view_filter ] --START--
INFO: Run ContentReplace Behavior [ RunTime:0.000295s ]
INFO: Run TokenBuild Behavior [ RunTime:0.000226s ]
INFO: Run WriteHtmlCache Behavior [ RunTime:0.000186s ]
INFO: Run ShowRuntime Behavior [ RunTime:0.000244s ]
INFO: Run content_replace Behavior [ RunTime:0.001137s ]
INFO: [ view_filter ] --END-- [ RunTime:0.002299s ]
INFO: [ view_end ] --START--
INFO: Run ShowPageTrace Behavior [ RunTime:0.000222s ]
INFO: [ view_end ] --END-- [ RunTime:0.000283s ]

[ 2013-03-02T08:45:15+08:00 ] 127.0.0.1 /ikphp/index.php?g=admin&m=index&a=login
INFO: [ app_begin ] --START--
INFO: Run ReadHtmlCache Behavior [ RunTime:0.000498s ]
INFO: Run load_lang Behavior [ RunTime:0.002437s ]
INFO: [ app_begin ] --END-- [ RunTime:0.003267s ]
SQL: SHOW COLUMNS FROM `ik_admin` [ RunTime:0.036162s ]
SQL: SELECT * FROM `ik_admin` WHERE ( `email` = 'admin@admin.com' ) AND ( `status` = 1 ) LIMIT 1   [ RunTime:0.001110s ]
SQL: UPDATE `ik_admin` SET `last_time`=1362185115,`last_ip`='127.0.0.1' WHERE ( `userid` = 1 ) [ RunTime:0.000601s ]
INFO: [ view_template ] --START--
INFO: Run LocationTemplate Behavior [ RunTime:0.010343s ]
INFO: [ view_template ] --END-- [ RunTime:0.010493s ]
INFO: [ view_parse ] --START--
NOTIC: [8] Undefined variable: title D:\APMServ5.2.6\www\htdocs\IKPHP\data\runtime\Cache\Admin\6bb431f4a028a63bf561ad0010ce8253.php 第 7 行.
INFO: Run ParseTemplate Behavior [ RunTime:0.041014s ]
INFO: [ view_parse ] --END-- [ RunTime:0.041155s ]
INFO: [ view_filter ] --START--
INFO: Run ContentReplace Behavior [ RunTime:0.000527s ]
INFO: Run TokenBuild Behavior [ RunTime:0.000397s ]
INFO: Run WriteHtmlCache Behavior [ RunTime:0.000332s ]
INFO: Run ShowRuntime Behavior [ RunTime:0.000437s ]
INFO: Run content_replace Behavior [ RunTime:0.001996s ]
INFO: [ view_filter ] --END-- [ RunTime:0.004065s ]
INFO: [ view_end ] --START--
INFO: Run ShowPageTrace Behavior [ RunTime:0.000392s ]
INFO: [ view_end ] --END-- [ RunTime:0.000502s ]

[ 2013-03-02T08:45:20+08:00 ] 127.0.0.1 /ikphp/index.php?g=admin&m=index&a=index
INFO: [ app_begin ] --START--
INFO: Run ReadHtmlCache Behavior [ RunTime:0.001143s ]
INFO: Run load_lang Behavior [ RunTime:0.003173s ]
INFO: [ app_begin ] --END-- [ RunTime:0.004558s ]
INFO: [ view_template ] --START--
INFO: Run LocationTemplate Behavior [ RunTime:0.000932s ]
INFO: [ view_template ] --END-- [ RunTime:0.000999s ]
INFO: [ view_parse ] --START--
INFO: Run ParseTemplate Behavior [ RunTime:0.030967s ]
INFO: [ view_parse ] --END-- [ RunTime:0.031049s ]
INFO: [ view_filter ] --START--
INFO: Run ContentReplace Behavior [ RunTime:0.000626s ]
INFO: Run TokenBuild Behavior [ RunTime:0.000523s ]
INFO: Run WriteHtmlCache Behavior [ RunTime:0.000803s ]
INFO: Run ShowRuntime Behavior [ RunTime:0.000638s ]
INFO: Run content_replace Behavior [ RunTime:0.001430s ]
INFO: [ view_filter ] --END-- [ RunTime:0.004224s ]
INFO: [ view_end ] --START--
INFO: Run ShowPageTrace Behavior [ RunTime:0.000576s ]
INFO: [ view_end ] --END-- [ RunTime:0.000634s ]

[ 2013-03-02T08:45:20+08:00 ] 127.0.0.1 /ikphp/index.php?g=admin&m=index&a=main
INFO: [ app_begin ] --START--
INFO: Run ReadHtmlCache Behavior [ RunTime:0.000229s ]
INFO: Run load_lang Behavior [ RunTime:0.001234s ]
INFO: [ app_begin ] --END-- [ RunTime:0.001631s ]
NOTIC: [8] Use of undefined constant gd_info - assumed 'gd_info' D:\APMServ5.2.6\www\htdocs\IKPHP\app\Lib\Action\admin\IndexAction.class.php 第 51 行.
NOTIC: [2] mysql_get_server_info() [<a href='function.mysql-get-server-info'>function.mysql-get-server-info</a>]: Access denied for user 'ODBC'@'localhost' (using password: NO) D:\APMServ5.2.6\www\htdocs\IKPHP\app\Lib\Action\admin\IndexAction.class.php 第 62 行.
NOTIC: [2] mysql_get_server_info() [<a href='function.mysql-get-server-info'>function.mysql-get-server-info</a>]: A link to the server could not be established D:\APMServ5.2.6\www\htdocs\IKPHP\app\Lib\Action\admin\IndexAction.class.php 第 62 行.
NOTIC: [8] Use of undefined constant HTTP_ACCEPT_LANGUAGE - assumed 'HTTP_ACCEPT_LANGUAGE' D:\APMServ5.2.6\www\htdocs\IKPHP\app\Lib\Action\admin\IndexAction.class.php 第 63 行.
NOTIC: [8] Use of undefined constant DOCUMENT_ROOT - assumed 'DOCUMENT_ROOT' D:\APMServ5.2.6\www\htdocs\IKPHP\app\Lib\Action\admin\IndexAction.class.php 第 65 行.
NOTIC: [8] Use of undefined constant HTTP_ACCEPT_ENCODING - assumed 'HTTP_ACCEPT_ENCODING' D:\APMServ5.2.6\www\htdocs\IKPHP\app\Lib\Action\admin\IndexAction.class.php 第 69 行.
INFO: [ view_template ] --START--
INFO: Run LocationTemplate Behavior [ RunTime:0.000704s ]
INFO: [ view_template ] --END-- [ RunTime:0.000771s ]
INFO: [ view_parse ] --START--
NOTIC: [8] Undefined variable: title D:\APMServ5.2.6\www\htdocs\IKPHP\data\runtime\Cache\Admin\09cfd597500331521c0d6961c76c90af.php 第 7 行.
INFO: Run ParseTemplate Behavior [ RunTime:0.047027s ]
INFO: [ view_parse ] --END-- [ RunTime:0.047101s ]
INFO: [ view_filter ] --START--
INFO: Run ContentReplace Behavior [ RunTime:0.000231s ]
INFO: Run TokenBuild Behavior [ RunTime:0.000183s ]
INFO: Run WriteHtmlCache Behavior [ RunTime:0.000148s ]
INFO: Run ShowRuntime Behavior [ RunTime:0.000202s ]
INFO: Run content_replace Behavior [ RunTime:0.000897s ]
INFO: [ view_filter ] --END-- [ RunTime:0.001833s ]
INFO: [ view_end ] --START--
INFO: Run ShowPageTrace Behavior [ RunTime:0.000181s ]
INFO: [ view_end ] --END-- [ RunTime:0.000232s ]

[ 2013-03-02T08:45:20+08:00 ] 127.0.0.1 /ikphp/index.php?g=admin&m=index&a=left
INFO: [ app_begin ] --START--
INFO: Run ReadHtmlCache Behavior [ RunTime:0.000257s ]
INFO: Run load_lang Behavior [ RunTime:0.001127s ]
INFO: [ app_begin ] --END-- [ RunTime:0.001542s ]
INFO: [ view_template ] --START--
INFO: Run LocationTemplate Behavior [ RunTime:0.000637s ]
INFO: [ view_template ] --END-- [ RunTime:0.000721s ]
INFO: [ view_parse ] --START--
INFO: Run ParseTemplate Behavior [ RunTime:0.036715s ]
INFO: [ view_parse ] --END-- [ RunTime:0.036802s ]
INFO: [ view_filter ] --START--
INFO: Run ContentReplace Behavior [ RunTime:0.001176s ]
INFO: Run TokenBuild Behavior [ RunTime:0.000214s ]
INFO: Run WriteHtmlCache Behavior [ RunTime:0.000159s ]
INFO: Run ShowRuntime Behavior [ RunTime:0.000207s ]
INFO: Run content_replace Behavior [ RunTime:0.001018s ]
INFO: [ view_filter ] --END-- [ RunTime:0.002972s ]
INFO: [ view_end ] --START--
INFO: Run ShowPageTrace Behavior [ RunTime:0.000202s ]
INFO: [ view_end ] --END-- [ RunTime:0.000251s ]

[ 2013-03-02T08:45:31+08:00 ] 127.0.0.1 /ikphp/index.php?g=admin&m=index&a=left&ik=setting
INFO: [ app_begin ] --START--
INFO: Run ReadHtmlCache Behavior [ RunTime:0.000540s ]
INFO: Run load_lang Behavior [ RunTime:0.001442s ]
INFO: [ app_begin ] --END-- [ RunTime:0.002096s ]
INFO: [ view_template ] --START--
INFO: Run LocationTemplate Behavior [ RunTime:0.001010s ]
INFO: [ view_template ] --END-- [ RunTime:0.001076s ]
INFO: [ view_parse ] --START--
INFO: Run ParseTemplate Behavior [ RunTime:0.012236s ]
INFO: [ view_parse ] --END-- [ RunTime:0.012316s ]
INFO: [ view_filter ] --START--
INFO: Run ContentReplace Behavior [ RunTime:0.000602s ]
INFO: Run TokenBuild Behavior [ RunTime:0.000509s ]
INFO: Run WriteHtmlCache Behavior [ RunTime:0.000473s ]
INFO: Run ShowRuntime Behavior [ RunTime:0.000525s ]
INFO: Run content_replace Behavior [ RunTime:0.001733s ]
INFO: [ view_filter ] --END-- [ RunTime:0.004062s ]
INFO: [ view_end ] --START--
INFO: Run ShowPageTrace Behavior [ RunTime:0.000551s ]
INFO: [ view_end ] --END-- [ RunTime:0.000605s ]

[ 2013-03-02T08:45:31+08:00 ] 127.0.0.1 /ikphp/index.php?g=admin&m=setting&a=index
INFO: [ app_begin ] --START--
INFO: Run ReadHtmlCache Behavior [ RunTime:0.000214s ]
INFO: Run load_lang Behavior [ RunTime:0.001133s ]
INFO: [ app_begin ] --END-- [ RunTime:0.001470s ]
INFO: [ view_template ] --START--
INFO: Run LocationTemplate Behavior [ RunTime:0.000665s ]
INFO: [ view_template ] --END-- [ RunTime:0.000739s ]
INFO: [ view_parse ] --START--
NOTIC: [8] Use of undefined constant site_title - assumed 'site_title' D:\APMServ5.2.6\www\htdocs\IKPHP\data\runtime\Cache\Admin\c7511b44fc817d8eb28ef4db727bb6ea.php 第 22 行.
NOTIC: [8] Undefined variable: strOption D:\APMServ5.2.6\www\htdocs\IKPHP\data\runtime\Cache\Admin\c7511b44fc817d8eb28ef4db727bb6ea.php 第 22 行.
NOTIC: [8] Use of undefined constant site_subtitle - assumed 'site_subtitle' D:\APMServ5.2.6\www\htdocs\IKPHP\data\runtime\Cache\Admin\c7511b44fc817d8eb28ef4db727bb6ea.php 第 27 行.
NOTIC: [8] Undefined variable: strOption D:\APMServ5.2.6\www\htdocs\IKPHP\data\runtime\Cache\Admin\c7511b44fc817d8eb28ef4db727bb6ea.php 第 27 行.
NOTIC: [8] Use of undefined constant site_key - assumed 'site_key' D:\APMServ5.2.6\www\htdocs\IKPHP\data\runtime\Cache\Admin\c7511b44fc817d8eb28ef4db727bb6ea.php 第 33 行.
NOTIC: [8] Undefined variable: strOption D:\APMServ5.2.6\www\htdocs\IKPHP\data\runtime\Cache\Admin\c7511b44fc817d8eb28ef4db727bb6ea.php 第 33 行.
NOTIC: [8] Use of undefined constant site_desc - assumed 'site_desc' D:\APMServ5.2.6\www\htdocs\IKPHP\data\runtime\Cache\Admin\c7511b44fc817d8eb28ef4db727bb6ea.php 第 39 行.
NOTIC: [8] Undefined variable: strOption D:\APMServ5.2.6\www\htdocs\IKPHP\data\runtime\Cache\Admin\c7511b44fc817d8eb28ef4db727bb6ea.php 第 39 行.
NOTIC: [8] Use of undefined constant site_url - assumed 'site_url' D:\APMServ5.2.6\www\htdocs\IKPHP\data\runtime\Cache\Admin\c7511b44fc817d8eb28ef4db727bb6ea.php 第 46 行.
NOTIC: [8] Undefined variable: strOption D:\APMServ5.2.6\www\htdocs\IKPHP\data\runtime\Cache\Admin\c7511b44fc817d8eb28ef4db727bb6ea.php 第 46 行.
NOTIC: [8] Use of undefined constant charset - assumed 'charset' D:\APMServ5.2.6\www\htdocs\IKPHP\data\runtime\Cache\Admin\c7511b44fc817d8eb28ef4db727bb6ea.php 第 51 行.
NOTIC: [8] Undefined variable: strOption D:\APMServ5.2.6\www\htdocs\IKPHP\data\runtime\Cache\Admin\c7511b44fc817d8eb28ef4db727bb6ea.php 第 51 行.
NOTIC: [8] Use of undefined constant site_email - assumed 'site_email' D:\APMServ5.2.6\www\htdocs\IKPHP\data\runtime\Cache\Admin\c7511b44fc817d8eb28ef4db727bb6ea.php 第 56 行.
NOTIC: [8] Undefined variable: strOption D:\APMServ5.2.6\www\htdocs\IKPHP\data\runtime\Cache\Admin\c7511b44fc817d8eb28ef4db727bb6ea.php 第 56 行.
NOTIC: [8] Use of undefined constant site_icp - assumed 'site_icp' D:\APMServ5.2.6\www\htdocs\IKPHP\data\runtime\Cache\Admin\c7511b44fc817d8eb28ef4db727bb6ea.php 第 62 行.
NOTIC: [8] Undefined variable: strOption D:\APMServ5.2.6\www\htdocs\IKPHP\data\runtime\Cache\Admin\c7511b44fc817d8eb28ef4db727bb6ea.php 第 62 行.
NOTIC: [8] Undefined variable: key D:\APMServ5.2.6\www\htdocs\IKPHP\data\runtime\Cache\Admin\c7511b44fc817d8eb28ef4db727bb6ea.php 第 85 行.
NOTIC: [8] Undefined variable: item D:\APMServ5.2.6\www\htdocs\IKPHP\data\runtime\Cache\Admin\c7511b44fc817d8eb28ef4db727bb6ea.php 第 85 行.
NOTIC: [8] Use of undefined constant thumbwidth - assumed 'thumbwidth' D:\APMServ5.2.6\www\htdocs\IKPHP\data\runtime\Cache\Admin\c7511b44fc817d8eb28ef4db727bb6ea.php 第 97 行.
NOTIC: [8] Undefined variable: strOption D:\APMServ5.2.6\www\htdocs\IKPHP\data\runtime\Cache\Admin\c7511b44fc817d8eb28ef4db727bb6ea.php 第 97 行.
NOTIC: [8] Use of undefined constant thumbheight - assumed 'thumbheight' D:\APMServ5.2.6\www\htdocs\IKPHP\data\runtime\Cache\Admin\c7511b44fc817d8eb28ef4db727bb6ea.php 第 102 行.
NOTIC: [8] Undefined variable: strOption D:\APMServ5.2.6\www\htdocs\IKPHP\data\runtime\Cache\Admin\c7511b44fc817d8eb28ef4db727bb6ea.php 第 102 行.
NOTIC: [8] Use of undefined constant attachmentdir - assumed 'attachmentdir' D:\APMServ5.2.6\www\htdocs\IKPHP\data\runtime\Cache\Admin\c7511b44fc817d8eb28ef4db727bb6ea.php 第 112 行.
NOTIC: [8] Undefined variable: strOption D:\APMServ5.2.6\www\htdocs\IKPHP\data\runtime\Cache\Admin\c7511b44fc817d8eb28ef4db727bb6ea.php 第 112 行.
INFO: Run ParseTemplate Behavior [ RunTime:0.022647s ]
INFO: [ view_parse ] --END-- [ RunTime:0.022747s ]
INFO: [ view_filter ] --START--
INFO: Run ContentReplace Behavior [ RunTime:0.000333s ]
INFO: Run TokenBuild Behavior [ RunTime:0.000195s ]
INFO: Run WriteHtmlCache Behavior [ RunTime:0.000179s ]
INFO: Run ShowRuntime Behavior [ RunTime:0.000201s ]
INFO: Run content_replace Behavior [ RunTime:0.000929s ]
INFO: [ view_filter ] --END-- [ RunTime:0.002122s ]
INFO: [ view_end ] --START--
INFO: Run ShowPageTrace Behavior [ RunTime:0.000182s ]
INFO: [ view_end ] --END-- [ RunTime:0.000234s ]

[ 2013-03-02T08:45:32+08:00 ] 127.0.0.1 /ikphp/index.php?g=admin&m=index&a=left&ik=user
INFO: [ app_begin ] --START--
INFO: Run ReadHtmlCache Behavior [ RunTime:0.000456s ]
INFO: Run load_lang Behavior [ RunTime:0.002167s ]
INFO: [ app_begin ] --END-- [ RunTime:0.002853s ]
INFO: [ view_template ] --START--
INFO: Run LocationTemplate Behavior [ RunTime:0.000466s ]
INFO: [ view_template ] --END-- [ RunTime:0.000589s ]
INFO: [ view_parse ] --START--
INFO: Run ParseTemplate Behavior [ RunTime:0.010888s ]
INFO: [ view_parse ] --END-- [ RunTime:0.011024s ]
INFO: [ view_filter ] --START--
INFO: Run ContentReplace Behavior [ RunTime:0.000466s ]
INFO: Run TokenBuild Behavior [ RunTime:0.000402s ]
INFO: Run WriteHtmlCache Behavior [ RunTime:0.000316s ]
INFO: Run ShowRuntime Behavior [ RunTime:0.000461s ]
INFO: Run content_replace Behavior [ RunTime:0.001029s ]
INFO: [ view_filter ] --END-- [ RunTime:0.002949s ]
INFO: [ view_end ] --START--
INFO: Run ShowPageTrace Behavior [ RunTime:0.000201s ]
INFO: [ view_end ] --END-- [ RunTime:0.000248s ]

[ 2013-03-02T08:45:32+08:00 ] ERR: (ThinkException) 无法加载模块:User
[ 2013-03-02T08:45:33+08:00 ] 127.0.0.1 /ikphp/index.php?g=admin&m=index&a=left&ik=setting
INFO: [ app_begin ] --START--
INFO: Run ReadHtmlCache Behavior [ RunTime:0.000419s ]
INFO: Run load_lang Behavior [ RunTime:0.002023s ]
INFO: [ app_begin ] --END-- [ RunTime:0.002656s ]
INFO: [ view_template ] --START--
INFO: Run LocationTemplate Behavior [ RunTime:0.000435s ]
INFO: [ view_template ] --END-- [ RunTime:0.000549s ]
INFO: [ view_parse ] --START--
INFO: Run ParseTemplate Behavior [ RunTime:0.010506s ]
INFO: [ view_parse ] --END-- [ RunTime:0.010614s ]
INFO: [ view_filter ] --START--
INFO: Run ContentReplace Behavior [ RunTime:0.000295s ]
INFO: Run TokenBuild Behavior [ RunTime:0.000186s ]
INFO: Run WriteHtmlCache Behavior [ RunTime:0.000153s ]
INFO: Run ShowRuntime Behavior [ RunTime:0.000239s ]
INFO: Run content_replace Behavior [ RunTime:0.001093s ]
INFO: [ view_filter ] --END-- [ RunTime:0.002135s ]
INFO: [ view_end ] --START--
INFO: Run ShowPageTrace Behavior [ RunTime:0.000187s ]
INFO: [ view_end ] --END-- [ RunTime:0.000232s ]

[ 2013-03-02T08:45:33+08:00 ] 127.0.0.1 /ikphp/index.php?g=admin&m=setting&a=index
INFO: [ app_begin ] --START--
INFO: Run ReadHtmlCache Behavior [ RunTime:0.000205s ]
INFO: Run load_lang Behavior [ RunTime:0.001051s ]
INFO: [ app_begin ] --END-- [ RunTime:0.001375s ]
INFO: [ view_template ] --START--
INFO: Run LocationTemplate Behavior [ RunTime:0.000199s ]
INFO: [ view_template ] --END-- [ RunTime:0.000257s ]
INFO: [ view_parse ] --START--
NOTIC: [8] Use of undefined constant site_title - assumed 'site_title' D:\APMServ5.2.6\www\htdocs\IKPHP\data\runtime\Cache\Admin\c7511b44fc817d8eb28ef4db727bb6ea.php 第 22 行.
NOTIC: [8] Undefined variable: strOption D:\APMServ5.2.6\www\htdocs\IKPHP\data\runtime\Cache\Admin\c7511b44fc817d8eb28ef4db727bb6ea.php 第 22 行.
NOTIC: [8] Use of undefined constant site_subtitle - assumed 'site_subtitle' D:\APMServ5.2.6\www\htdocs\IKPHP\data\runtime\Cache\Admin\c7511b44fc817d8eb28ef4db727bb6ea.php 第 27 行.
NOTIC: [8] Undefined variable: strOption D:\APMServ5.2.6\www\htdocs\IKPHP\data\runtime\Cache\Admin\c7511b44fc817d8eb28ef4db727bb6ea.php 第 27 行.
NOTIC: [8] Use of undefined constant site_key - assumed 'site_key' D:\APMServ5.2.6\www\htdocs\IKPHP\data\runtime\Cache\Admin\c7511b44fc817d8eb28ef4db727bb6ea.php 第 33 行.
NOTIC: [8] Undefined variable: strOption D:\APMServ5.2.6\www\htdocs\IKPHP\data\runtime\Cache\Admin\c7511b44fc817d8eb28ef4db727bb6ea.php 第 33 行.
NOTIC: [8] Use of undefined constant site_desc - assumed 'site_desc' D:\APMServ5.2.6\www\htdocs\IKPHP\data\runtime\Cache\Admin\c7511b44fc817d8eb28ef4db727bb6ea.php 第 39 行.
NOTIC: [8] Undefined variable: strOption D:\APMServ5.2.6\www\htdocs\IKPHP\data\runtime\Cache\Admin\c7511b44fc817d8eb28ef4db727bb6ea.php 第 39 行.
NOTIC: [8] Use of undefined constant site_url - assumed 'site_url' D:\APMServ5.2.6\www\htdocs\IKPHP\data\runtime\Cache\Admin\c7511b44fc817d8eb28ef4db727bb6ea.php 第 46 行.
NOTIC: [8] Undefined variable: strOption D:\APMServ5.2.6\www\htdocs\IKPHP\data\runtime\Cache\Admin\c7511b44fc817d8eb28ef4db727bb6ea.php 第 46 行.
NOTIC: [8] Use of undefined constant charset - assumed 'charset' D:\APMServ5.2.6\www\htdocs\IKPHP\data\runtime\Cache\Admin\c7511b44fc817d8eb28ef4db727bb6ea.php 第 51 行.
NOTIC: [8] Undefined variable: strOption D:\APMServ5.2.6\www\htdocs\IKPHP\data\runtime\Cache\Admin\c7511b44fc817d8eb28ef4db727bb6ea.php 第 51 行.
NOTIC: [8] Use of undefined constant site_email - assumed 'site_email' D:\APMServ5.2.6\www\htdocs\IKPHP\data\runtime\Cache\Admin\c7511b44fc817d8eb28ef4db727bb6ea.php 第 56 行.
NOTIC: [8] Undefined variable: strOption D:\APMServ5.2.6\www\htdocs\IKPHP\data\runtime\Cache\Admin\c7511b44fc817d8eb28ef4db727bb6ea.php 第 56 行.
NOTIC: [8] Use of undefined constant site_icp - assumed 'site_icp' D:\APMServ5.2.6\www\htdocs\IKPHP\data\runtime\Cache\Admin\c7511b44fc817d8eb28ef4db727bb6ea.php 第 62 行.
NOTIC: [8] Undefined variable: strOption D:\APMServ5.2.6\www\htdocs\IKPHP\data\runtime\Cache\Admin\c7511b44fc817d8eb28ef4db727bb6ea.php 第 62 行.
NOTIC: [8] Undefined variable: key D:\APMServ5.2.6\www\htdocs\IKPHP\data\runtime\Cache\Admin\c7511b44fc817d8eb28ef4db727bb6ea.php 第 85 行.
NOTIC: [8] Undefined variable: item D:\APMServ5.2.6\www\htdocs\IKPHP\data\runtime\Cache\Admin\c7511b44fc817d8eb28ef4db727bb6ea.php 第 85 行.
NOTIC: [8] Use of undefined constant thumbwidth - assumed 'thumbwidth' D:\APMServ5.2.6\www\htdocs\IKPHP\data\runtime\Cache\Admin\c7511b44fc817d8eb28ef4db727bb6ea.php 第 97 行.
NOTIC: [8] Undefined variable: strOption D:\APMServ5.2.6\www\htdocs\IKPHP\data\runtime\Cache\Admin\c7511b44fc817d8eb28ef4db727bb6ea.php 第 97 行.
NOTIC: [8] Use of undefined constant thumbheight - assumed 'thumbheight' D:\APMServ5.2.6\www\htdocs\IKPHP\data\runtime\Cache\Admin\c7511b44fc817d8eb28ef4db727bb6ea.php 第 102 行.
NOTIC: [8] Undefined variable: strOption D:\APMServ5.2.6\www\htdocs\IKPHP\data\runtime\Cache\Admin\c7511b44fc817d8eb28ef4db727bb6ea.php 第 102 行.
NOTIC: [8] Use of undefined constant attachmentdir - assumed 'attachmentdir' D:\APMServ5.2.6\www\htdocs\IKPHP\data\runtime\Cache\Admin\c7511b44fc817d8eb28ef4db727bb6ea.php 第 112 行.
NOTIC: [8] Undefined variable: strOption D:\APMServ5.2.6\www\htdocs\IKPHP\data\runtime\Cache\Admin\c7511b44fc817d8eb28ef4db727bb6ea.php 第 112 行.
INFO: Run ParseTemplate Behavior [ RunTime:0.008446s ]
INFO: [ view_parse ] --END-- [ RunTime:0.008523s ]
INFO: [ view_filter ] --START--
INFO: Run ContentReplace Behavior [ RunTime:0.000323s ]
INFO: Run TokenBuild Behavior [ RunTime:0.000222s ]
INFO: Run WriteHtmlCache Behavior [ RunTime:0.000164s ]
INFO: Run ShowRuntime Behavior [ RunTime:0.000218s ]
INFO: Run content_replace Behavior [ RunTime:0.001205s ]
INFO: [ view_filter ] --END-- [ RunTime:0.002354s ]
INFO: [ view_end ] --START--
INFO: Run ShowPageTrace Behavior [ RunTime:0.000208s ]
INFO: [ view_end ] --END-- [ RunTime:0.000260s ]

[ 2013-03-02T08:51:50+08:00 ] 127.0.0.1 /ikphp/index.php?g=admin&m=setting&a=url
INFO: [ app_begin ] --START--
INFO: Run ReadHtmlCache Behavior [ RunTime:0.001216s ]
INFO: Run load_lang Behavior [ RunTime:0.003142s ]
INFO: [ app_begin ] --END-- [ RunTime:0.004612s ]
INFO: [ view_template ] --START--
INFO: Run LocationTemplate Behavior [ RunTime:0.000582s ]
INFO: [ view_template ] --END-- [ RunTime:0.000659s ]
INFO: [ view_parse ] --START--
NOTIC: [8] Undefined variable: title D:\APMServ5.2.6\www\htdocs\IKPHP\data\runtime\Cache\Admin\61f4b7f843ca7cab7598b3ded80d7a22.php 第 7 行.
NOTIC: [8] Undefined variable: system D:\APMServ5.2.6\www\htdocs\IKPHP\data\runtime\Cache\Admin\61f4b7f843ca7cab7598b3ded80d7a22.php 第 43 行.
NOTIC: [8] Undefined variable: system D:\APMServ5.2.6\www\htdocs\IKPHP\data\runtime\Cache\Admin\61f4b7f843ca7cab7598b3ded80d7a22.php 第 44 行.
NOTIC: [8] Undefined variable: system D:\APMServ5.2.6\www\htdocs\IKPHP\data\runtime\Cache\Admin\61f4b7f843ca7cab7598b3ded80d7a22.php 第 45 行.
NOTIC: [8] Undefined variable: system D:\APMServ5.2.6\www\htdocs\IKPHP\data\runtime\Cache\Admin\61f4b7f843ca7cab7598b3ded80d7a22.php 第 46 行.
NOTIC: [8] Undefined variable: system D:\APMServ5.2.6\www\htdocs\IKPHP\data\runtime\Cache\Admin\61f4b7f843ca7cab7598b3ded80d7a22.php 第 47 行.
NOTIC: [8] Undefined variable: system D:\APMServ5.2.6\www\htdocs\IKPHP\data\runtime\Cache\Admin\61f4b7f843ca7cab7598b3ded80d7a22.php 第 48 行.
NOTIC: [8] Undefined variable: system D:\APMServ5.2.6\www\htdocs\IKPHP\data\runtime\Cache\Admin\61f4b7f843ca7cab7598b3ded80d7a22.php 第 49 行.
NOTIC: [8] Undefined variable: system D:\APMServ5.2.6\www\htdocs\IKPHP\data\runtime\Cache\Admin\61f4b7f843ca7cab7598b3ded80d7a22.php 第 50 行.
NOTIC: [8] Undefined variable: system D:\APMServ5.2.6\www\htdocs\IKPHP\data\runtime\Cache\Admin\61f4b7f843ca7cab7598b3ded80d7a22.php 第 51 行.
NOTIC: [8] Undefined variable: system D:\APMServ5.2.6\www\htdocs\IKPHP\data\runtime\Cache\Admin\61f4b7f843ca7cab7598b3ded80d7a22.php 第 52 行.
NOTIC: [8] Undefined variable: system D:\APMServ5.2.6\www\htdocs\IKPHP\data\runtime\Cache\Admin\61f4b7f843ca7cab7598b3ded80d7a22.php 第 53 行.
NOTIC: [8] Undefined variable: system D:\APMServ5.2.6\www\htdocs\IKPHP\data\runtime\Cache\Admin\61f4b7f843ca7cab7598b3ded80d7a22.php 第 54 行.
INFO: Run ParseTemplate Behavior [ RunTime:0.017588s ]
INFO: [ view_parse ] --END-- [ RunTime:0.017664s ]
INFO: [ view_filter ] --START--
INFO: Run ContentReplace Behavior [ RunTime:0.000552s ]
INFO: Run TokenBuild Behavior [ RunTime:0.000544s ]
INFO: Run WriteHtmlCache Behavior [ RunTime:0.000474s ]
INFO: Run ShowRuntime Behavior [ RunTime:0.000547s ]
INFO: Run content_replace Behavior [ RunTime:0.001388s ]
INFO: [ view_filter ] --END-- [ RunTime:0.003689s ]
INFO: [ view_end ] --START--
INFO: Run ShowPageTrace Behavior [ RunTime:0.000505s ]
INFO: [ view_end ] --END-- [ RunTime:0.000556s ]

[ 2013-03-02T08:51:53+08:00 ] 127.0.0.1 /ikphp/index.php?g=admin&m=setting&a=index
INFO: [ app_begin ] --START--
INFO: Run ReadHtmlCache Behavior [ RunTime:0.000502s ]
INFO: Run load_lang Behavior [ RunTime:0.002000s ]
INFO: [ app_begin ] --END-- [ RunTime:0.002750s ]
INFO: [ view_template ] --START--
INFO: Run LocationTemplate Behavior [ RunTime:0.001404s ]
INFO: [ view_template ] --END-- [ RunTime:0.001552s ]
INFO: [ view_parse ] --START--
NOTIC: [8] Use of undefined constant site_title - assumed 'site_title' D:\APMServ5.2.6\www\htdocs\IKPHP\data\runtime\Cache\Admin\c7511b44fc817d8eb28ef4db727bb6ea.php 第 22 行.
NOTIC: [8] Undefined variable: strOption D:\APMServ5.2.6\www\htdocs\IKPHP\data\runtime\Cache\Admin\c7511b44fc817d8eb28ef4db727bb6ea.php 第 22 行.
NOTIC: [8] Use of undefined constant site_subtitle - assumed 'site_subtitle' D:\APMServ5.2.6\www\htdocs\IKPHP\data\runtime\Cache\Admin\c7511b44fc817d8eb28ef4db727bb6ea.php 第 27 行.
NOTIC: [8] Undefined variable: strOption D:\APMServ5.2.6\www\htdocs\IKPHP\data\runtime\Cache\Admin\c7511b44fc817d8eb28ef4db727bb6ea.php 第 27 行.
NOTIC: [8] Use of undefined constant site_key - assumed 'site_key' D:\APMServ5.2.6\www\htdocs\IKPHP\data\runtime\Cache\Admin\c7511b44fc817d8eb28ef4db727bb6ea.php 第 33 行.
NOTIC: [8] Undefined variable: strOption D:\APMServ5.2.6\www\htdocs\IKPHP\data\runtime\Cache\Admin\c7511b44fc817d8eb28ef4db727bb6ea.php 第 33 行.
NOTIC: [8] Use of undefined constant site_desc - assumed 'site_desc' D:\APMServ5.2.6\www\htdocs\IKPHP\data\runtime\Cache\Admin\c7511b44fc817d8eb28ef4db727bb6ea.php 第 39 行.
NOTIC: [8] Undefined variable: strOption D:\APMServ5.2.6\www\htdocs\IKPHP\data\runtime\Cache\Admin\c7511b44fc817d8eb28ef4db727bb6ea.php 第 39 行.
NOTIC: [8] Use of undefined constant site_url - assumed 'site_url' D:\APMServ5.2.6\www\htdocs\IKPHP\data\runtime\Cache\Admin\c7511b44fc817d8eb28ef4db727bb6ea.php 第 46 行.
NOTIC: [8] Undefined variable: strOption D:\APMServ5.2.6\www\htdocs\IKPHP\data\runtime\Cache\Admin\c7511b44fc817d8eb28ef4db727bb6ea.php 第 46 行.
NOTIC: [8] Use of undefined constant charset - assumed 'charset' D:\APMServ5.2.6\www\htdocs\IKPHP\data\runtime\Cache\Admin\c7511b44fc817d8eb28ef4db727bb6ea.php 第 51 行.
NOTIC: [8] Undefined variable: strOption D:\APMServ5.2.6\www\htdocs\IKPHP\data\runtime\Cache\Admin\c7511b44fc817d8eb28ef4db727bb6ea.php 第 51 行.
NOTIC: [8] Use of undefined constant site_email - assumed 'site_email' D:\APMServ5.2.6\www\htdocs\IKPHP\data\runtime\Cache\Admin\c7511b44fc817d8eb28ef4db727bb6ea.php 第 56 行.
NOTIC: [8] Undefined variable: strOption D:\APMServ5.2.6\www\htdocs\IKPHP\data\runtime\Cache\Admin\c7511b44fc817d8eb28ef4db727bb6ea.php 第 56 行.
NOTIC: [8] Use of undefined constant site_icp - assumed 'site_icp' D:\APMServ5.2.6\www\htdocs\IKPHP\data\runtime\Cache\Admin\c7511b44fc817d8eb28ef4db727bb6ea.php 第 62 行.
NOTIC: [8] Undefined variable: strOption D:\APMServ5.2.6\www\htdocs\IKPHP\data\runtime\Cache\Admin\c7511b44fc817d8eb28ef4db727bb6ea.php 第 62 行.
NOTIC: [8] Undefined variable: key D:\APMServ5.2.6\www\htdocs\IKPHP\data\runtime\Cache\Admin\c7511b44fc817d8eb28ef4db727bb6ea.php 第 85 行.
NOTIC: [8] Undefined variable: item D:\APMServ5.2.6\www\htdocs\IKPHP\data\runtime\Cache\Admin\c7511b44fc817d8eb28ef4db727bb6ea.php 第 85 行.
NOTIC: [8] Use of undefined constant thumbwidth - assumed 'thumbwidth' D:\APMServ5.2.6\www\htdocs\IKPHP\data\runtime\Cache\Admin\c7511b44fc817d8eb28ef4db727bb6ea.php 第 97 行.
NOTIC: [8] Undefined variable: strOption D:\APMServ5.2.6\www\htdocs\IKPHP\data\runtime\Cache\Admin\c7511b44fc817d8eb28ef4db727bb6ea.php 第 97 行.
NOTIC: [8] Use of undefined constant thumbheight - assumed 'thumbheight' D:\APMServ5.2.6\www\htdocs\IKPHP\data\runtime\Cache\Admin\c7511b44fc817d8eb28ef4db727bb6ea.php 第 102 行.
NOTIC: [8] Undefined variable: strOption D:\APMServ5.2.6\www\htdocs\IKPHP\data\runtime\Cache\Admin\c7511b44fc817d8eb28ef4db727bb6ea.php 第 102 行.
NOTIC: [8] Use of undefined constant attachmentdir - assumed 'attachmentdir' D:\APMServ5.2.6\www\htdocs\IKPHP\data\runtime\Cache\Admin\c7511b44fc817d8eb28ef4db727bb6ea.php 第 112 行.
NOTIC: [8] Undefined variable: strOption D:\APMServ5.2.6\www\htdocs\IKPHP\data\runtime\Cache\Admin\c7511b44fc817d8eb28ef4db727bb6ea.php 第 112 行.
INFO: Run ParseTemplate Behavior [ RunTime:0.014803s ]
INFO: [ view_parse ] --END-- [ RunTime:0.014901s ]
INFO: [ view_filter ] --START--
INFO: Run ContentReplace Behavior [ RunTime:0.000263s ]
INFO: Run TokenBuild Behavior [ RunTime:0.000182s ]
INFO: Run WriteHtmlCache Behavior [ RunTime:0.000148s ]
INFO: Run ShowRuntime Behavior [ RunTime:0.000217s ]
INFO: Run content_replace Behavior [ RunTime:0.000906s ]
INFO: [ view_filter ] --END-- [ RunTime:0.001886s ]
INFO: [ view_end ] --START--
INFO: Run ShowPageTrace Behavior [ RunTime:0.000181s ]
INFO: [ view_end ] --END-- [ RunTime:0.000231s ]

[ 2013-03-02T08:55:51+08:00 ] 127.0.0.1 /ikphp/index.php?g=admin&m=index&a=left&ik=user
INFO: [ app_begin ] --START--
INFO: Run ReadHtmlCache Behavior [ RunTime:0.000619s ]
INFO: Run load_lang Behavior [ RunTime:0.002775s ]
INFO: [ app_begin ] --END-- [ RunTime:0.003547s ]
INFO: [ view_template ] --START--
INFO: Run LocationTemplate Behavior [ RunTime:0.001066s ]
INFO: [ view_template ] --END-- [ RunTime:0.001146s ]
INFO: [ view_parse ] --START--
INFO: Run ParseTemplate Behavior [ RunTime:0.008759s ]
INFO: [ view_parse ] --END-- [ RunTime:0.008845s ]
INFO: [ view_filter ] --START--
INFO: Run ContentReplace Behavior [ RunTime:0.000694s ]
INFO: Run TokenBuild Behavior [ RunTime:0.000575s ]
INFO: Run WriteHtmlCache Behavior [ RunTime:0.000540s ]
INFO: Run ShowRuntime Behavior [ RunTime:0.000593s ]
INFO: Run content_replace Behavior [ RunTime:0.001641s ]
INFO: [ view_filter ] --END-- [ RunTime:0.004237s ]
INFO: [ view_end ] --START--
INFO: Run ShowPageTrace Behavior [ RunTime:0.000598s ]
INFO: [ view_end ] --END-- [ RunTime:0.000654s ]

[ 2013-03-02T08:55:51+08:00 ] ERR: (ThinkException) 无法加载模块:User
[ 2013-03-02T08:55:52+08:00 ] 127.0.0.1 /ikphp/index.php?g=admin&m=index&a=left&ik=setting
INFO: [ app_begin ] --START--
INFO: Run ReadHtmlCache Behavior [ RunTime:0.000411s ]
INFO: Run load_lang Behavior [ RunTime:0.001333s ]
INFO: [ app_begin ] --END-- [ RunTime:0.001934s ]
INFO: [ view_template ] --START--
INFO: Run LocationTemplate Behavior [ RunTime:0.000326s ]
INFO: [ view_template ] --END-- [ RunTime:0.000431s ]
INFO: [ view_parse ] --START--
INFO: Run ParseTemplate Behavior [ RunTime:0.007441s ]
INFO: [ view_parse ] --END-- [ RunTime:0.007545s ]
INFO: [ view_filter ] --START--
INFO: Run ContentReplace Behavior [ RunTime:0.000408s ]
INFO: Run TokenBuild Behavior [ RunTime:0.000244s ]
INFO: Run WriteHtmlCache Behavior [ RunTime:0.000194s ]
INFO: Run ShowRuntime Behavior [ RunTime:0.000263s ]
INFO: Run content_replace Behavior [ RunTime:0.001242s ]
INFO: [ view_filter ] --END-- [ RunTime:0.002567s ]
INFO: [ view_end ] --START--
INFO: Run ShowPageTrace Behavior [ RunTime:0.000235s ]
INFO: [ view_end ] --END-- [ RunTime:0.000293s ]

[ 2013-03-02T08:55:52+08:00 ] 127.0.0.1 /ikphp/index.php?g=admin&m=setting&a=index
INFO: [ app_begin ] --START--
INFO: Run ReadHtmlCache Behavior [ RunTime:0.000255s ]
INFO: Run load_lang Behavior [ RunTime:0.001343s ]
INFO: [ app_begin ] --END-- [ RunTime:0.001751s ]
INFO: [ view_template ] --START--
INFO: Run LocationTemplate Behavior [ RunTime:0.001600s ]
INFO: [ view_template ] --END-- [ RunTime:0.001737s ]
INFO: [ view_parse ] --START--
NOTIC: [8] Use of undefined constant site_title - assumed 'site_title' D:\APMServ5.2.6\www\htdocs\IKPHP\data\runtime\Cache\Admin\c7511b44fc817d8eb28ef4db727bb6ea.php 第 22 行.
NOTIC: [8] Undefined variable: strOption D:\APMServ5.2.6\www\htdocs\IKPHP\data\runtime\Cache\Admin\c7511b44fc817d8eb28ef4db727bb6ea.php 第 22 行.
NOTIC: [8] Use of undefined constant site_subtitle - assumed 'site_subtitle' D:\APMServ5.2.6\www\htdocs\IKPHP\data\runtime\Cache\Admin\c7511b44fc817d8eb28ef4db727bb6ea.php 第 27 行.
NOTIC: [8] Undefined variable: strOption D:\APMServ5.2.6\www\htdocs\IKPHP\data\runtime\Cache\Admin\c7511b44fc817d8eb28ef4db727bb6ea.php 第 27 行.
NOTIC: [8] Use of undefined constant site_key - assumed 'site_key' D:\APMServ5.2.6\www\htdocs\IKPHP\data\runtime\Cache\Admin\c7511b44fc817d8eb28ef4db727bb6ea.php 第 33 行.
NOTIC: [8] Undefined variable: strOption D:\APMServ5.2.6\www\htdocs\IKPHP\data\runtime\Cache\Admin\c7511b44fc817d8eb28ef4db727bb6ea.php 第 33 行.
NOTIC: [8] Use of undefined constant site_desc - assumed 'site_desc' D:\APMServ5.2.6\www\htdocs\IKPHP\data\runtime\Cache\Admin\c7511b44fc817d8eb28ef4db727bb6ea.php 第 39 行.
NOTIC: [8] Undefined variable: strOption D:\APMServ5.2.6\www\htdocs\IKPHP\data\runtime\Cache\Admin\c7511b44fc817d8eb28ef4db727bb6ea.php 第 39 行.
NOTIC: [8] Use of undefined constant site_url - assumed 'site_url' D:\APMServ5.2.6\www\htdocs\IKPHP\data\runtime\Cache\Admin\c7511b44fc817d8eb28ef4db727bb6ea.php 第 46 行.
NOTIC: [8] Undefined variable: strOption D:\APMServ5.2.6\www\htdocs\IKPHP\data\runtime\Cache\Admin\c7511b44fc817d8eb28ef4db727bb6ea.php 第 46 行.
NOTIC: [8] Use of undefined constant charset - assumed 'charset' D:\APMServ5.2.6\www\htdocs\IKPHP\data\runtime\Cache\Admin\c7511b44fc817d8eb28ef4db727bb6ea.php 第 51 行.
NOTIC: [8] Undefined variable: strOption D:\APMServ5.2.6\www\htdocs\IKPHP\data\runtime\Cache\Admin\c7511b44fc817d8eb28ef4db727bb6ea.php 第 51 行.
NOTIC: [8] Use of undefined constant site_email - assumed 'site_email' D:\APMServ5.2.6\www\htdocs\IKPHP\data\runtime\Cache\Admin\c7511b44fc817d8eb28ef4db727bb6ea.php 第 56 行.
NOTIC: [8] Undefined variable: strOption D:\APMServ5.2.6\www\htdocs\IKPHP\data\runtime\Cache\Admin\c7511b44fc817d8eb28ef4db727bb6ea.php 第 56 行.
NOTIC: [8] Use of undefined constant site_icp - assumed 'site_icp' D:\APMServ5.2.6\www\htdocs\IKPHP\data\runtime\Cache\Admin\c7511b44fc817d8eb28ef4db727bb6ea.php 第 62 行.
NOTIC: [8] Undefined variable: strOption D:\APMServ5.2.6\www\htdocs\IKPHP\data\runtime\Cache\Admin\c7511b44fc817d8eb28ef4db727bb6ea.php 第 62 行.
NOTIC: [8] Undefined variable: key D:\APMServ5.2.6\www\htdocs\IKPHP\data\runtime\Cache\Admin\c7511b44fc817d8eb28ef4db727bb6ea.php 第 85 行.
NOTIC: [8] Undefined variable: item D:\APMServ5.2.6\www\htdocs\IKPHP\data\runtime\Cache\Admin\c7511b44fc817d8eb28ef4db727bb6ea.php 第 85 行.
NOTIC: [8] Use of undefined constant thumbwidth - assumed 'thumbwidth' D:\APMServ5.2.6\www\htdocs\IKPHP\data\runtime\Cache\Admin\c7511b44fc817d8eb28ef4db727bb6ea.php 第 97 行.
NOTIC: [8] Undefined variable: strOption D:\APMServ5.2.6\www\htdocs\IKPHP\data\runtime\Cache\Admin\c7511b44fc817d8eb28ef4db727bb6ea.php 第 97 行.
NOTIC: [8] Use of undefined constant thumbheight - assumed 'thumbheight' D:\APMServ5.2.6\www\htdocs\IKPHP\data\runtime\Cache\Admin\c7511b44fc817d8eb28ef4db727bb6ea.php 第 102 行.
NOTIC: [8] Undefined variable: strOption D:\APMServ5.2.6\www\htdocs\IKPHP\data\runtime\Cache\Admin\c7511b44fc817d8eb28ef4db727bb6ea.php 第 102 行.
NOTIC: [8] Use of undefined constant attachmentdir - assumed 'attachmentdir' D:\APMServ5.2.6\www\htdocs\IKPHP\data\runtime\Cache\Admin\c7511b44fc817d8eb28ef4db727bb6ea.php 第 112 行.
NOTIC: [8] Undefined variable: strOption D:\APMServ5.2.6\www\htdocs\IKPHP\data\runtime\Cache\Admin\c7511b44fc817d8eb28ef4db727bb6ea.php 第 112 行.
INFO: Run ParseTemplate Behavior [ RunTime:0.008976s ]
INFO: [ view_parse ] --END-- [ RunTime:0.009053s ]
INFO: [ view_filter ] --START--
INFO: Run ContentReplace Behavior [ RunTime:0.000407s ]
INFO: Run TokenBuild Behavior [ RunTime:0.000189s ]
INFO: Run WriteHtmlCache Behavior [ RunTime:0.000169s ]
INFO: Run ShowRuntime Behavior [ RunTime:0.000197s ]
INFO: Run content_replace Behavior [ RunTime:0.000910s ]
INFO: [ view_filter ] --END-- [ RunTime:0.002053s ]
INFO: [ view_end ] --START--
INFO: Run ShowPageTrace Behavior [ RunTime:0.000180s ]
INFO: [ view_end ] --END-- [ RunTime:0.000231s ]

[ 2013-03-02T09:00:28+08:00 ] 127.0.0.1 /ikphp/index.php?g=admin&m=setting&a=index
INFO: [ app_begin ] --START--
INFO: Run ReadHtmlCache Behavior [ RunTime:0.001030s ]
INFO: Run load_lang Behavior [ RunTime:0.002588s ]
INFO: [ app_begin ] --END-- [ RunTime:0.003839s ]
INFO: [ view_template ] --START--
INFO: Run LocationTemplate Behavior [ RunTime:0.001015s ]
INFO: [ view_template ] --END-- [ RunTime:0.001093s ]
INFO: [ view_parse ] --START--
NOTIC: [8] Use of undefined constant site_title - assumed 'site_title' D:\APMServ5.2.6\www\htdocs\IKPHP\data\runtime\Cache\Admin\c7511b44fc817d8eb28ef4db727bb6ea.php 第 22 行.
NOTIC: [8] Undefined variable: strOption D:\APMServ5.2.6\www\htdocs\IKPHP\data\runtime\Cache\Admin\c7511b44fc817d8eb28ef4db727bb6ea.php 第 22 行.
NOTIC: [8] Use of undefined constant site_subtitle - assumed 'site_subtitle' D:\APMServ5.2.6\www\htdocs\IKPHP\data\runtime\Cache\Admin\c7511b44fc817d8eb28ef4db727bb6ea.php 第 27 行.
NOTIC: [8] Undefined variable: strOption D:\APMServ5.2.6\www\htdocs\IKPHP\data\runtime\Cache\Admin\c7511b44fc817d8eb28ef4db727bb6ea.php 第 27 行.
NOTIC: [8] Use of undefined constant site_key - assumed 'site_key' D:\APMServ5.2.6\www\htdocs\IKPHP\data\runtime\Cache\Admin\c7511b44fc817d8eb28ef4db727bb6ea.php 第 33 行.
NOTIC: [8] Undefined variable: strOption D:\APMServ5.2.6\www\htdocs\IKPHP\data\runtime\Cache\Admin\c7511b44fc817d8eb28ef4db727bb6ea.php 第 33 行.
NOTIC: [8] Use of undefined constant site_desc - assumed 'site_desc' D:\APMServ5.2.6\www\htdocs\IKPHP\data\runtime\Cache\Admin\c7511b44fc817d8eb28ef4db727bb6ea.php 第 39 行.
NOTIC: [8] Undefined variable: strOption D:\APMServ5.2.6\www\htdocs\IKPHP\data\runtime\Cache\Admin\c7511b44fc817d8eb28ef4db727bb6ea.php 第 39 行.
NOTIC: [8] Use of undefined constant site_url - assumed 'site_url' D:\APMServ5.2.6\www\htdocs\IKPHP\data\runtime\Cache\Admin\c7511b44fc817d8eb28ef4db727bb6ea.php 第 46 行.
NOTIC: [8] Undefined variable: strOption D:\APMServ5.2.6\www\htdocs\IKPHP\data\runtime\Cache\Admin\c7511b44fc817d8eb28ef4db727bb6ea.php 第 46 行.
NOTIC: [8] Use of undefined constant charset - assumed 'charset' D:\APMServ5.2.6\www\htdocs\IKPHP\data\runtime\Cache\Admin\c7511b44fc817d8eb28ef4db727bb6ea.php 第 51 行.
NOTIC: [8] Undefined variable: strOption D:\APMServ5.2.6\www\htdocs\IKPHP\data\runtime\Cache\Admin\c7511b44fc817d8eb28ef4db727bb6ea.php 第 51 行.
NOTIC: [8] Use of undefined constant site_email - assumed 'site_email' D:\APMServ5.2.6\www\htdocs\IKPHP\data\runtime\Cache\Admin\c7511b44fc817d8eb28ef4db727bb6ea.php 第 56 行.
NOTIC: [8] Undefined variable: strOption D:\APMServ5.2.6\www\htdocs\IKPHP\data\runtime\Cache\Admin\c7511b44fc817d8eb28ef4db727bb6ea.php 第 56 行.
NOTIC: [8] Use of undefined constant site_icp - assumed 'site_icp' D:\APMServ5.2.6\www\htdocs\IKPHP\data\runtime\Cache\Admin\c7511b44fc817d8eb28ef4db727bb6ea.php 第 62 行.
NOTIC: [8] Undefined variable: strOption D:\APMServ5.2.6\www\htdocs\IKPHP\data\runtime\Cache\Admin\c7511b44fc817d8eb28ef4db727bb6ea.php 第 62 行.
NOTIC: [8] Undefined variable: key D:\APMServ5.2.6\www\htdocs\IKPHP\data\runtime\Cache\Admin\c7511b44fc817d8eb28ef4db727bb6ea.php 第 85 行.
NOTIC: [8] Undefined variable: item D:\APMServ5.2.6\www\htdocs\IKPHP\data\runtime\Cache\Admin\c7511b44fc817d8eb28ef4db727bb6ea.php 第 85 行.
INFO: Run ParseTemplate Behavior [ RunTime:0.010031s ]
INFO: [ view_parse ] --END-- [ RunTime:0.010101s ]
INFO: [ view_filter ] --START--
INFO: Run ContentReplace Behavior [ RunTime:0.000584s ]
INFO: Run TokenBuild Behavior [ RunTime:0.000491s ]
INFO: Run WriteHtmlCache Behavior [ RunTime:0.000509s ]
INFO: Run ShowRuntime Behavior [ RunTime:0.000508s ]
INFO: Run content_replace Behavior [ RunTime:0.001360s ]
INFO: [ view_filter ] --END-- [ RunTime:0.003629s ]
INFO: [ view_end ] --START--
INFO: Run ShowPageTrace Behavior [ RunTime:0.000489s ]
INFO: [ view_end ] --END-- [ RunTime:0.000540s ]

[ 2013-03-02T09:00:28+08:00 ] 127.0.0.1 /ikphp/index.php?g=admin&m=setting&a=index
INFO: [ app_begin ] --START--
INFO: Run ReadHtmlCache Behavior [ RunTime:0.000414s ]
INFO: Run load_lang Behavior [ RunTime:0.001669s ]
INFO: [ app_begin ] --END-- [ RunTime:0.002297s ]
INFO: [ view_template ] --START--
INFO: Run LocationTemplate Behavior [ RunTime:0.000219s ]
INFO: [ view_template ] --END-- [ RunTime:0.000289s ]
INFO: [ view_parse ] --START--
NOTIC: [8] Use of undefined constant site_title - assumed 'site_title' D:\APMServ5.2.6\www\htdocs\IKPHP\data\runtime\Cache\Admin\c7511b44fc817d8eb28ef4db727bb6ea.php 第 22 行.
NOTIC: [8] Undefined variable: strOption D:\APMServ5.2.6\www\htdocs\IKPHP\data\runtime\Cache\Admin\c7511b44fc817d8eb28ef4db727bb6ea.php 第 22 行.
NOTIC: [8] Use of undefined constant site_subtitle - assumed 'site_subtitle' D:\APMServ5.2.6\www\htdocs\IKPHP\data\runtime\Cache\Admin\c7511b44fc817d8eb28ef4db727bb6ea.php 第 27 行.
NOTIC: [8] Undefined variable: strOption D:\APMServ5.2.6\www\htdocs\IKPHP\data\runtime\Cache\Admin\c7511b44fc817d8eb28ef4db727bb6ea.php 第 27 行.
NOTIC: [8] Use of undefined constant site_key - assumed 'site_key' D:\APMServ5.2.6\www\htdocs\IKPHP\data\runtime\Cache\Admin\c7511b44fc817d8eb28ef4db727bb6ea.php 第 33 行.
NOTIC: [8] Undefined variable: strOption D:\APMServ5.2.6\www\htdocs\IKPHP\data\runtime\Cache\Admin\c7511b44fc817d8eb28ef4db727bb6ea.php 第 33 行.
NOTIC: [8] Use of undefined constant site_desc - assumed 'site_desc' D:\APMServ5.2.6\www\htdocs\IKPHP\data\runtime\Cache\Admin\c7511b44fc817d8eb28ef4db727bb6ea.php 第 39 行.
NOTIC: [8] Undefined variable: strOption D:\APMServ5.2.6\www\htdocs\IKPHP\data\runtime\Cache\Admin\c7511b44fc817d8eb28ef4db727bb6ea.php 第 39 行.
NOTIC: [8] Use of undefined constant site_url - assumed 'site_url' D:\APMServ5.2.6\www\htdocs\IKPHP\data\runtime\Cache\Admin\c7511b44fc817d8eb28ef4db727bb6ea.php 第 46 行.
NOTIC: [8] Undefined variable: strOption D:\APMServ5.2.6\www\htdocs\IKPHP\data\runtime\Cache\Admin\c7511b44fc817d8eb28ef4db727bb6ea.php 第 46 行.
NOTIC: [8] Use of undefined constant charset - assumed 'charset' D:\APMServ5.2.6\www\htdocs\IKPHP\data\runtime\Cache\Admin\c7511b44fc817d8eb28ef4db727bb6ea.php 第 51 行.
NOTIC: [8] Undefined variable: strOption D:\APMServ5.2.6\www\htdocs\IKPHP\data\runtime\Cache\Admin\c7511b44fc817d8eb28ef4db727bb6ea.php 第 51 行.
NOTIC: [8] Use of undefined constant site_email - assumed 'site_email' D:\APMServ5.2.6\www\htdocs\IKPHP\data\runtime\Cache\Admin\c7511b44fc817d8eb28ef4db727bb6ea.php 第 56 行.
NOTIC: [8] Undefined variable: strOption D:\APMServ5.2.6\www\htdocs\IKPHP\data\runtime\Cache\Admin\c7511b44fc817d8eb28ef4db727bb6ea.php 第 56 行.
NOTIC: [8] Use of undefined constant site_icp - assumed 'site_icp' D:\APMServ5.2.6\www\htdocs\IKPHP\data\runtime\Cache\Admin\c7511b44fc817d8eb28ef4db727bb6ea.php 第 62 行.
NOTIC: [8] Undefined variable: strOption D:\APMServ5.2.6\www\htdocs\IKPHP\data\runtime\Cache\Admin\c7511b44fc817d8eb28ef4db727bb6ea.php 第 62 行.
NOTIC: [8] Undefined variable: key D:\APMServ5.2.6\www\htdocs\IKPHP\data\runtime\Cache\Admin\c7511b44fc817d8eb28ef4db727bb6ea.php 第 85 行.
NOTIC: [8] Undefined variable: item D:\APMServ5.2.6\www\htdocs\IKPHP\data\runtime\Cache\Admin\c7511b44fc817d8eb28ef4db727bb6ea.php 第 85 行.
INFO: Run ParseTemplate Behavior [ RunTime:0.005656s ]
INFO: [ view_parse ] --END-- [ RunTime:0.005724s ]
INFO: [ view_filter ] --START--
INFO: Run ContentReplace Behavior [ RunTime:0.000226s ]
INFO: Run TokenBuild Behavior [ RunTime:0.000188s ]
INFO: Run WriteHtmlCache Behavior [ RunTime:0.000155s ]
INFO: Run ShowRuntime Behavior [ RunTime:0.000207s ]
INFO: Run content_replace Behavior [ RunTime:0.001077s ]
INFO: [ view_filter ] --END-- [ RunTime:0.002041s ]
INFO: [ view_end ] --START--
INFO: Run ShowPageTrace Behavior [ RunTime:0.000248s ]
INFO: [ view_end ] --END-- [ RunTime:0.000301s ]

[ 2013-03-02T09:00:29+08:00 ] 127.0.0.1 /ikphp/index.php?g=admin&m=setting&a=index
INFO: [ app_begin ] --START--
INFO: Run ReadHtmlCache Behavior [ RunTime:0.000407s ]
INFO: Run load_lang Behavior [ RunTime:0.002857s ]
INFO: [ app_begin ] --END-- [ RunTime:0.003510s ]
INFO: [ view_template ] --START--
INFO: Run LocationTemplate Behavior [ RunTime:0.000429s ]
INFO: [ view_template ] --END-- [ RunTime:0.000561s ]
INFO: [ view_parse ] --START--
NOTIC: [8] Use of undefined constant site_title - assumed 'site_title' D:\APMServ5.2.6\www\htdocs\IKPHP\data\runtime\Cache\Admin\c7511b44fc817d8eb28ef4db727bb6ea.php 第 22 行.
NOTIC: [8] Undefined variable: strOption D:\APMServ5.2.6\www\htdocs\IKPHP\data\runtime\Cache\Admin\c7511b44fc817d8eb28ef4db727bb6ea.php 第 22 行.
NOTIC: [8] Use of undefined constant site_subtitle - assumed 'site_subtitle' D:\APMServ5.2.6\www\htdocs\IKPHP\data\runtime\Cache\Admin\c7511b44fc817d8eb28ef4db727bb6ea.php 第 27 行.
NOTIC: [8] Undefined variable: strOption D:\APMServ5.2.6\www\htdocs\IKPHP\data\runtime\Cache\Admin\c7511b44fc817d8eb28ef4db727bb6ea.php 第 27 行.
NOTIC: [8] Use of undefined constant site_key - assumed 'site_key' D:\APMServ5.2.6\www\htdocs\IKPHP\data\runtime\Cache\Admin\c7511b44fc817d8eb28ef4db727bb6ea.php 第 33 行.
NOTIC: [8] Undefined variable: strOption D:\APMServ5.2.6\www\htdocs\IKPHP\data\runtime\Cache\Admin\c7511b44fc817d8eb28ef4db727bb6ea.php 第 33 行.
NOTIC: [8] Use of undefined constant site_desc - assumed 'site_desc' D:\APMServ5.2.6\www\htdocs\IKPHP\data\runtime\Cache\Admin\c7511b44fc817d8eb28ef4db727bb6ea.php 第 39 行.
NOTIC: [8] Undefined variable: strOption D:\APMServ5.2.6\www\htdocs\IKPHP\data\runtime\Cache\Admin\c7511b44fc817d8eb28ef4db727bb6ea.php 第 39 行.
NOTIC: [8] Use of undefined constant site_url - assumed 'site_url' D:\APMServ5.2.6\www\htdocs\IKPHP\data\runtime\Cache\Admin\c7511b44fc817d8eb28ef4db727bb6ea.php 第 46 行.
NOTIC: [8] Undefined variable: strOption D:\APMServ5.2.6\www\htdocs\IKPHP\data\runtime\Cache\Admin\c7511b44fc817d8eb28ef4db727bb6ea.php 第 46 行.
NOTIC: [8] Use of undefined constant charset - assumed 'charset' D:\APMServ5.2.6\www\htdocs\IKPHP\data\runtime\Cache\Admin\c7511b44fc817d8eb28ef4db727bb6ea.php 第 51 行.
NOTIC: [8] Undefined variable: strOption D:\APMServ5.2.6\www\htdocs\IKPHP\data\runtime\Cache\Admin\c7511b44fc817d8eb28ef4db727bb6ea.php 第 51 行.
NOTIC: [8] Use of undefined constant site_email - assumed 'site_email' D:\APMServ5.2.6\www\htdocs\IKPHP\data\runtime\Cache\Admin\c7511b44fc817d8eb28ef4db727bb6ea.php 第 56 行.
NOTIC: [8] Undefined variable: strOption D:\APMServ5.2.6\www\htdocs\IKPHP\data\runtime\Cache\Admin\c7511b44fc817d8eb28ef4db727bb6ea.php 第 56 行.
NOTIC: [8] Use of undefined constant site_icp - assumed 'site_icp' D:\APMServ5.2.6\www\htdocs\IKPHP\data\runtime\Cache\Admin\c7511b44fc817d8eb28ef4db727bb6ea.php 第 62 行.
NOTIC: [8] Undefined variable: strOption D:\APMServ5.2.6\www\htdocs\IKPHP\data\runtime\Cache\Admin\c7511b44fc817d8eb28ef4db727bb6ea.php 第 62 行.
NOTIC: [8] Undefined variable: key D:\APMServ5.2.6\www\htdocs\IKPHP\data\runtime\Cache\Admin\c7511b44fc817d8eb28ef4db727bb6ea.php 第 85 行.
NOTIC: [8] Undefined variable: item D:\APMServ5.2.6\www\htdocs\IKPHP\data\runtime\Cache\Admin\c7511b44fc817d8eb28ef4db727bb6ea.php 第 85 行.
INFO: Run ParseTemplate Behavior [ RunTime:0.014555s ]
INFO: [ view_parse ] --END-- [ RunTime:0.014684s ]
INFO: [ view_filter ] --START--
INFO: Run ContentReplace Behavior [ RunTime:0.000478s ]
INFO: Run TokenBuild Behavior [ RunTime:0.000379s ]
INFO: Run WriteHtmlCache Behavior [ RunTime:0.000307s ]
INFO: Run ShowRuntime Behavior [ RunTime:0.000410s ]
INFO: Run content_replace Behavior [ RunTime:0.001851s ]
INFO: [ view_filter ] --END-- [ RunTime:0.003791s ]
INFO: [ view_end ] --START--
INFO: Run ShowPageTrace Behavior [ RunTime:0.000454s ]
INFO: [ view_end ] --END-- [ RunTime:0.000567s ]

[ 2013-03-02T09:00:37+08:00 ] 127.0.0.1 /ikphp/index.php?g=admin&m=setting&a=index
INFO: [ app_begin ] --START--
INFO: Run ReadHtmlCache Behavior [ RunTime:0.000508s ]
INFO: Run load_lang Behavior [ RunTime:0.002010s ]
INFO: [ app_begin ] --END-- [ RunTime:0.002795s ]
SQL: SHOW COLUMNS FROM `ik_setting` [ RunTime:0.025062s ]
INFO: [ view_template ] --START--
INFO: Run LocationTemplate Behavior [ RunTime:0.000296s ]
INFO: [ view_template ] --END-- [ RunTime:0.000356s ]
INFO: [ view_parse ] --START--
NOTIC: [8] Use of undefined constant site_title - assumed 'site_title' D:\APMServ5.2.6\www\htdocs\IKPHP\data\runtime\Cache\Admin\c7511b44fc817d8eb28ef4db727bb6ea.php 第 22 行.
NOTIC: [8] Undefined variable: strOption D:\APMServ5.2.6\www\htdocs\IKPHP\data\runtime\Cache\Admin\c7511b44fc817d8eb28ef4db727bb6ea.php 第 22 行.
NOTIC: [8] Use of undefined constant site_subtitle - assumed 'site_subtitle' D:\APMServ5.2.6\www\htdocs\IKPHP\data\runtime\Cache\Admin\c7511b44fc817d8eb28ef4db727bb6ea.php 第 27 行.
NOTIC: [8] Undefined variable: strOption D:\APMServ5.2.6\www\htdocs\IKPHP\data\runtime\Cache\Admin\c7511b44fc817d8eb28ef4db727bb6ea.php 第 27 行.
NOTIC: [8] Use of undefined constant site_key - assumed 'site_key' D:\APMServ5.2.6\www\htdocs\IKPHP\data\runtime\Cache\Admin\c7511b44fc817d8eb28ef4db727bb6ea.php 第 33 行.
NOTIC: [8] Undefined variable: strOption D:\APMServ5.2.6\www\htdocs\IKPHP\data\runtime\Cache\Admin\c7511b44fc817d8eb28ef4db727bb6ea.php 第 33 行.
NOTIC: [8] Use of undefined constant site_desc - assumed 'site_desc' D:\APMServ5.2.6\www\htdocs\IKPHP\data\runtime\Cache\Admin\c7511b44fc817d8eb28ef4db727bb6ea.php 第 39 行.
NOTIC: [8] Undefined variable: strOption D:\APMServ5.2.6\www\htdocs\IKPHP\data\runtime\Cache\Admin\c7511b44fc817d8eb28ef4db727bb6ea.php 第 39 行.
NOTIC: [8] Use of undefined constant site_url - assumed 'site_url' D:\APMServ5.2.6\www\htdocs\IKPHP\data\runtime\Cache\Admin\c7511b44fc817d8eb28ef4db727bb6ea.php 第 46 行.
NOTIC: [8] Undefined variable: strOption D:\APMServ5.2.6\www\htdocs\IKPHP\data\runtime\Cache\Admin\c7511b44fc817d8eb28ef4db727bb6ea.php 第 46 行.
NOTIC: [8] Use of undefined constant charset - assumed 'charset' D:\APMServ5.2.6\www\htdocs\IKPHP\data\runtime\Cache\Admin\c7511b44fc817d8eb28ef4db727bb6ea.php 第 51 行.
NOTIC: [8] Undefined variable: strOption D:\APMServ5.2.6\www\htdocs\IKPHP\data\runtime\Cache\Admin\c7511b44fc817d8eb28ef4db727bb6ea.php 第 51 行.
NOTIC: [8] Use of undefined constant site_email - assumed 'site_email' D:\APMServ5.2.6\www\htdocs\IKPHP\data\runtime\Cache\Admin\c7511b44fc817d8eb28ef4db727bb6ea.php 第 56 行.
NOTIC: [8] Undefined variable: strOption D:\APMServ5.2.6\www\htdocs\IKPHP\data\runtime\Cache\Admin\c7511b44fc817d8eb28ef4db727bb6ea.php 第 56 行.
NOTIC: [8] Use of undefined constant site_icp - assumed 'site_icp' D:\APMServ5.2.6\www\htdocs\IKPHP\data\runtime\Cache\Admin\c7511b44fc817d8eb28ef4db727bb6ea.php 第 62 行.
NOTIC: [8] Undefined variable: strOption D:\APMServ5.2.6\www\htdocs\IKPHP\data\runtime\Cache\Admin\c7511b44fc817d8eb28ef4db727bb6ea.php 第 62 行.
NOTIC: [8] Undefined variable: key D:\APMServ5.2.6\www\htdocs\IKPHP\data\runtime\Cache\Admin\c7511b44fc817d8eb28ef4db727bb6ea.php 第 85 行.
NOTIC: [8] Undefined variable: item D:\APMServ5.2.6\www\htdocs\IKPHP\data\runtime\Cache\Admin\c7511b44fc817d8eb28ef4db727bb6ea.php 第 85 行.
INFO: Run ParseTemplate Behavior [ RunTime:0.007856s ]
INFO: [ view_parse ] --END-- [ RunTime:0.007928s ]
INFO: [ view_filter ] --START--
INFO: Run ContentReplace Behavior [ RunTime:0.000261s ]
INFO: Run TokenBuild Behavior [ RunTime:0.000193s ]
INFO: Run WriteHtmlCache Behavior [ RunTime:0.000156s ]
INFO: Run ShowRuntime Behavior [ RunTime:0.000209s ]
INFO: Run content_replace Behavior [ RunTime:0.000944s ]
INFO: [ view_filter ] --END-- [ RunTime:0.001946s ]
INFO: [ view_end ] --START--
INFO: Run ShowPageTrace Behavior [ RunTime:0.000190s ]
INFO: [ view_end ] --END-- [ RunTime:0.000245s ]

[ 2013-03-02T09:04:01+08:00 ] 127.0.0.1 /ikphp/index.php?g=admin&m=setting&a=index
INFO: [ app_begin ] --START--
INFO: Run ReadHtmlCache Behavior [ RunTime:0.001107s ]
INFO: Run load_lang Behavior [ RunTime:0.002915s ]
INFO: [ app_begin ] --END-- [ RunTime:0.004268s ]
SQL: SHOW COLUMNS FROM `ik_setting` [ RunTime:0.004264s ]
INFO: [ view_template ] --START--
INFO: Run LocationTemplate Behavior [ RunTime:0.001107s ]
INFO: [ view_template ] --END-- [ RunTime:0.001193s ]
INFO: [ view_parse ] --START--
NOTIC: [8] Use of undefined constant site_title - assumed 'site_title' D:\APMServ5.2.6\www\htdocs\IKPHP\data\runtime\Cache\Admin\c7511b44fc817d8eb28ef4db727bb6ea.php 第 22 行.
NOTIC: [8] Undefined variable: strOption D:\APMServ5.2.6\www\htdocs\IKPHP\data\runtime\Cache\Admin\c7511b44fc817d8eb28ef4db727bb6ea.php 第 22 行.
NOTIC: [8] Use of undefined constant site_key - assumed 'site_key' D:\APMServ5.2.6\www\htdocs\IKPHP\data\runtime\Cache\Admin\c7511b44fc817d8eb28ef4db727bb6ea.php 第 33 行.
NOTIC: [8] Undefined variable: strOption D:\APMServ5.2.6\www\htdocs\IKPHP\data\runtime\Cache\Admin\c7511b44fc817d8eb28ef4db727bb6ea.php 第 33 行.
NOTIC: [8] Use of undefined constant site_desc - assumed 'site_desc' D:\APMServ5.2.6\www\htdocs\IKPHP\data\runtime\Cache\Admin\c7511b44fc817d8eb28ef4db727bb6ea.php 第 39 行.
NOTIC: [8] Undefined variable: strOption D:\APMServ5.2.6\www\htdocs\IKPHP\data\runtime\Cache\Admin\c7511b44fc817d8eb28ef4db727bb6ea.php 第 39 行.
NOTIC: [8] Use of undefined constant site_url - assumed 'site_url' D:\APMServ5.2.6\www\htdocs\IKPHP\data\runtime\Cache\Admin\c7511b44fc817d8eb28ef4db727bb6ea.php 第 46 行.
NOTIC: [8] Undefined variable: strOption D:\APMServ5.2.6\www\htdocs\IKPHP\data\runtime\Cache\Admin\c7511b44fc817d8eb28ef4db727bb6ea.php 第 46 行.
NOTIC: [8] Use of undefined constant charset - assumed 'charset' D:\APMServ5.2.6\www\htdocs\IKPHP\data\runtime\Cache\Admin\c7511b44fc817d8eb28ef4db727bb6ea.php 第 51 行.
NOTIC: [8] Undefined variable: strOption D:\APMServ5.2.6\www\htdocs\IKPHP\data\runtime\Cache\Admin\c7511b44fc817d8eb28ef4db727bb6ea.php 第 51 行.
NOTIC: [8] Use of undefined constant site_email - assumed 'site_email' D:\APMServ5.2.6\www\htdocs\IKPHP\data\runtime\Cache\Admin\c7511b44fc817d8eb28ef4db727bb6ea.php 第 56 行.
NOTIC: [8] Undefined variable: strOption D:\APMServ5.2.6\www\htdocs\IKPHP\data\runtime\Cache\Admin\c7511b44fc817d8eb28ef4db727bb6ea.php 第 56 行.
NOTIC: [8] Use of undefined constant site_icp - assumed 'site_icp' D:\APMServ5.2.6\www\htdocs\IKPHP\data\runtime\Cache\Admin\c7511b44fc817d8eb28ef4db727bb6ea.php 第 62 行.
NOTIC: [8] Undefined variable: strOption D:\APMServ5.2.6\www\htdocs\IKPHP\data\runtime\Cache\Admin\c7511b44fc817d8eb28ef4db727bb6ea.php 第 62 行.
NOTIC: [8] Undefined variable: key D:\APMServ5.2.6\www\htdocs\IKPHP\data\runtime\Cache\Admin\c7511b44fc817d8eb28ef4db727bb6ea.php 第 85 行.
NOTIC: [8] Undefined variable: item D:\APMServ5.2.6\www\htdocs\IKPHP\data\runtime\Cache\Admin\c7511b44fc817d8eb28ef4db727bb6ea.php 第 85 行.
INFO: Run ParseTemplate Behavior [ RunTime:0.008696s ]
INFO: [ view_parse ] --END-- [ RunTime:0.008769s ]
INFO: [ view_filter ] --START--
INFO: Run ContentReplace Behavior [ RunTime:0.000601s ]
INFO: Run TokenBuild Behavior [ RunTime:0.000508s ]
INFO: Run WriteHtmlCache Behavior [ RunTime:0.000539s ]
INFO: Run ShowRuntime Behavior [ RunTime:0.000631s ]
INFO: Run content_replace Behavior [ RunTime:0.001490s ]
INFO: [ view_filter ] --END-- [ RunTime:0.003977s ]
INFO: [ view_end ] --START--
INFO: Run ShowPageTrace Behavior [ RunTime:0.000513s ]
INFO: [ view_end ] --END-- [ RunTime:0.000569s ]

[ 2013-03-02T09:04:03+08:00 ] 127.0.0.1 /ikphp/index.php?g=admin&m=setting&a=index
INFO: [ app_begin ] --START--
INFO: Run ReadHtmlCache Behavior [ RunTime:0.000500s ]
INFO: Run load_lang Behavior [ RunTime:0.002188s ]
INFO: [ app_begin ] --END-- [ RunTime:0.002924s ]
SQL: SHOW COLUMNS FROM `ik_setting` [ RunTime:0.005378s ]
INFO: [ view_template ] --START--
INFO: Run LocationTemplate Behavior [ RunTime:0.000587s ]
INFO: [ view_template ] --END-- [ RunTime:0.000715s ]
INFO: [ view_parse ] --START--
NOTIC: [8] Use of undefined constant site_title - assumed 'site_title' D:\APMServ5.2.6\www\htdocs\IKPHP\data\runtime\Cache\Admin\c7511b44fc817d8eb28ef4db727bb6ea.php 第 22 行.
NOTIC: [8] Undefined variable: strOption D:\APMServ5.2.6\www\htdocs\IKPHP\data\runtime\Cache\Admin\c7511b44fc817d8eb28ef4db727bb6ea.php 第 22 行.
NOTIC: [8] Use of undefined constant site_key - assumed 'site_key' D:\APMServ5.2.6\www\htdocs\IKPHP\data\runtime\Cache\Admin\c7511b44fc817d8eb28ef4db727bb6ea.php 第 33 行.
NOTIC: [8] Undefined variable: strOption D:\APMServ5.2.6\www\htdocs\IKPHP\data\runtime\Cache\Admin\c7511b44fc817d8eb28ef4db727bb6ea.php 第 33 行.
NOTIC: [8] Use of undefined constant site_desc - assumed 'site_desc' D:\APMServ5.2.6\www\htdocs\IKPHP\data\runtime\Cache\Admin\c7511b44fc817d8eb28ef4db727bb6ea.php 第 39 行.
NOTIC: [8] Undefined variable: strOption D:\APMServ5.2.6\www\htdocs\IKPHP\data\runtime\Cache\Admin\c7511b44fc817d8eb28ef4db727bb6ea.php 第 39 行.
NOTIC: [8] Use of undefined constant site_url - assumed 'site_url' D:\APMServ5.2.6\www\htdocs\IKPHP\data\runtime\Cache\Admin\c7511b44fc817d8eb28ef4db727bb6ea.php 第 46 行.
NOTIC: [8] Undefined variable: strOption D:\APMServ5.2.6\www\htdocs\IKPHP\data\runtime\Cache\Admin\c7511b44fc817d8eb28ef4db727bb6ea.php 第 46 行.
NOTIC: [8] Use of undefined constant charset - assumed 'charset' D:\APMServ5.2.6\www\htdocs\IKPHP\data\runtime\Cache\Admin\c7511b44fc817d8eb28ef4db727bb6ea.php 第 51 行.
NOTIC: [8] Undefined variable: strOption D:\APMServ5.2.6\www\htdocs\IKPHP\data\runtime\Cache\Admin\c7511b44fc817d8eb28ef4db727bb6ea.php 第 51 行.
NOTIC: [8] Use of undefined constant site_email - assumed 'site_email' D:\APMServ5.2.6\www\htdocs\IKPHP\data\runtime\Cache\Admin\c7511b44fc817d8eb28ef4db727bb6ea.php 第 56 行.
NOTIC: [8] Undefined variable: strOption D:\APMServ5.2.6\www\htdocs\IKPHP\data\runtime\Cache\Admin\c7511b44fc817d8eb28ef4db727bb6ea.php 第 56 行.
NOTIC: [8] Use of undefined constant site_icp - assumed 'site_icp' D:\APMServ5.2.6\www\htdocs\IKPHP\data\runtime\Cache\Admin\c7511b44fc817d8eb28ef4db727bb6ea.php 第 62 行.
NOTIC: [8] Undefined variable: strOption D:\APMServ5.2.6\www\htdocs\IKPHP\data\runtime\Cache\Admin\c7511b44fc817d8eb28ef4db727bb6ea.php 第 62 行.
NOTIC: [8] Undefined variable: key D:\APMServ5.2.6\www\htdocs\IKPHP\data\runtime\Cache\Admin\c7511b44fc817d8eb28ef4db727bb6ea.php 第 85 行.
NOTIC: [8] Undefined variable: item D:\APMServ5.2.6\www\htdocs\IKPHP\data\runtime\Cache\Admin\c7511b44fc817d8eb28ef4db727bb6ea.php 第 85 行.
INFO: Run ParseTemplate Behavior [ RunTime:0.013270s ]
INFO: [ view_parse ] --END-- [ RunTime:0.013376s ]
INFO: [ view_filter ] --START--
INFO: Run ContentReplace Behavior [ RunTime:0.000310s ]
INFO: Run TokenBuild Behavior [ RunTime:0.000228s ]
INFO: Run WriteHtmlCache Behavior [ RunTime:0.000184s ]
INFO: Run ShowRuntime Behavior [ RunTime:0.000332s ]
INFO: Run content_replace Behavior [ RunTime:0.001217s ]
INFO: [ view_filter ] --END-- [ RunTime:0.002503s ]
INFO: [ view_end ] --START--
INFO: Run ShowPageTrace Behavior [ RunTime:0.000230s ]
INFO: [ view_end ] --END-- [ RunTime:0.000297s ]

[ 2013-03-02T09:04:26+08:00 ] 127.0.0.1 /ikphp/index.php?g=admin&m=setting&a=index
INFO: [ app_begin ] --START--
INFO: Run ReadHtmlCache Behavior [ RunTime:0.000445s ]
INFO: Run load_lang Behavior [ RunTime:0.002079s ]
INFO: [ app_begin ] --END-- [ RunTime:0.002748s ]
SQL: SHOW COLUMNS FROM `ik_setting` [ RunTime:0.001857s ]
INFO: [ view_template ] --START--
INFO: Run LocationTemplate Behavior [ RunTime:0.000309s ]
INFO: [ view_template ] --END-- [ RunTime:0.000376s ]
INFO: [ view_parse ] --START--
NOTIC: [8] Use of undefined constant site_key - assumed 'site_key' D:\APMServ5.2.6\www\htdocs\IKPHP\data\runtime\Cache\Admin\c7511b44fc817d8eb28ef4db727bb6ea.php 第 33 行.
NOTIC: [8] Undefined variable: strOption D:\APMServ5.2.6\www\htdocs\IKPHP\data\runtime\Cache\Admin\c7511b44fc817d8eb28ef4db727bb6ea.php 第 33 行.
NOTIC: [8] Use of undefined constant site_desc - assumed 'site_desc' D:\APMServ5.2.6\www\htdocs\IKPHP\data\runtime\Cache\Admin\c7511b44fc817d8eb28ef4db727bb6ea.php 第 39 行.
NOTIC: [8] Undefined variable: strOption D:\APMServ5.2.6\www\htdocs\IKPHP\data\runtime\Cache\Admin\c7511b44fc817d8eb28ef4db727bb6ea.php 第 39 行.
NOTIC: [8] Use of undefined constant site_url - assumed 'site_url' D:\APMServ5.2.6\www\htdocs\IKPHP\data\runtime\Cache\Admin\c7511b44fc817d8eb28ef4db727bb6ea.php 第 46 行.
NOTIC: [8] Undefined variable: strOption D:\APMServ5.2.6\www\htdocs\IKPHP\data\runtime\Cache\Admin\c7511b44fc817d8eb28ef4db727bb6ea.php 第 46 行.
NOTIC: [8] Use of undefined constant charset - assumed 'charset' D:\APMServ5.2.6\www\htdocs\IKPHP\data\runtime\Cache\Admin\c7511b44fc817d8eb28ef4db727bb6ea.php 第 51 行.
NOTIC: [8] Undefined variable: strOption D:\APMServ5.2.6\www\htdocs\IKPHP\data\runtime\Cache\Admin\c7511b44fc817d8eb28ef4db727bb6ea.php 第 51 行.
NOTIC: [8] Use of undefined constant site_email - assumed 'site_email' D:\APMServ5.2.6\www\htdocs\IKPHP\data\runtime\Cache\Admin\c7511b44fc817d8eb28ef4db727bb6ea.php 第 56 行.
NOTIC: [8] Undefined variable: strOption D:\APMServ5.2.6\www\htdocs\IKPHP\data\runtime\Cache\Admin\c7511b44fc817d8eb28ef4db727bb6ea.php 第 56 行.
NOTIC: [8] Use of undefined constant site_icp - assumed 'site_icp' D:\APMServ5.2.6\www\htdocs\IKPHP\data\runtime\Cache\Admin\c7511b44fc817d8eb28ef4db727bb6ea.php 第 62 行.
NOTIC: [8] Undefined variable: strOption D:\APMServ5.2.6\www\htdocs\IKPHP\data\runtime\Cache\Admin\c7511b44fc817d8eb28ef4db727bb6ea.php 第 62 行.
NOTIC: [8] Undefined variable: key D:\APMServ5.2.6\www\htdocs\IKPHP\data\runtime\Cache\Admin\c7511b44fc817d8eb28ef4db727bb6ea.php 第 85 行.
NOTIC: [8] Undefined variable: item D:\APMServ5.2.6\www\htdocs\IKPHP\data\runtime\Cache\Admin\c7511b44fc817d8eb28ef4db727bb6ea.php 第 85 行.
INFO: Run ParseTemplate Behavior [ RunTime:0.008140s ]
INFO: [ view_parse ] --END-- [ RunTime:0.008222s ]
INFO: [ view_filter ] --START--
INFO: Run ContentReplace Behavior [ RunTime:0.000349s ]
INFO: Run TokenBuild Behavior [ RunTime:0.000215s ]
INFO: Run WriteHtmlCache Behavior [ RunTime:0.000170s ]
INFO: Run ShowRuntime Behavior [ RunTime:0.000226s ]
INFO: Run content_replace Behavior [ RunTime:0.001493s ]
INFO: [ view_filter ] --END-- [ RunTime:0.002675s ]
INFO: [ view_end ] --START--
INFO: Run ShowPageTrace Behavior [ RunTime:0.000211s ]
INFO: [ view_end ] --END-- [ RunTime:0.000273s ]

[ 2013-03-02T09:04:27+08:00 ] 127.0.0.1 /ikphp/index.php?g=admin&m=setting&a=index
INFO: [ app_begin ] --START--
INFO: Run ReadHtmlCache Behavior [ RunTime:0.000257s ]
INFO: Run load_lang Behavior [ RunTime:0.000981s ]
INFO: [ app_begin ] --END-- [ RunTime:0.001374s ]
SQL: SHOW COLUMNS FROM `ik_setting` [ RunTime:0.001710s ]
INFO: [ view_template ] --START--
INFO: Run LocationTemplate Behavior [ RunTime:0.000279s ]
INFO: [ view_template ] --END-- [ RunTime:0.000337s ]
INFO: [ view_parse ] --START--
NOTIC: [8] Use of undefined constant site_key - assumed 'site_key' D:\APMServ5.2.6\www\htdocs\IKPHP\data\runtime\Cache\Admin\c7511b44fc817d8eb28ef4db727bb6ea.php 第 33 行.
NOTIC: [8] Undefined variable: strOption D:\APMServ5.2.6\www\htdocs\IKPHP\data\runtime\Cache\Admin\c7511b44fc817d8eb28ef4db727bb6ea.php 第 33 行.
NOTIC: [8] Use of undefined constant site_desc - assumed 'site_desc' D:\APMServ5.2.6\www\htdocs\IKPHP\data\runtime\Cache\Admin\c7511b44fc817d8eb28ef4db727bb6ea.php 第 39 行.
NOTIC: [8] Undefined variable: strOption D:\APMServ5.2.6\www\htdocs\IKPHP\data\runtime\Cache\Admin\c7511b44fc817d8eb28ef4db727bb6ea.php 第 39 行.
NOTIC: [8] Use of undefined constant site_url - assumed 'site_url' D:\APMServ5.2.6\www\htdocs\IKPHP\data\runtime\Cache\Admin\c7511b44fc817d8eb28ef4db727bb6ea.php 第 46 行.
NOTIC: [8] Undefined variable: strOption D:\APMServ5.2.6\www\htdocs\IKPHP\data\runtime\Cache\Admin\c7511b44fc817d8eb28ef4db727bb6ea.php 第 46 行.
NOTIC: [8] Use of undefined constant charset - assumed 'charset' D:\APMServ5.2.6\www\htdocs\IKPHP\data\runtime\Cache\Admin\c7511b44fc817d8eb28ef4db727bb6ea.php 第 51 行.
NOTIC: [8] Undefined variable: strOption D:\APMServ5.2.6\www\htdocs\IKPHP\data\runtime\Cache\Admin\c7511b44fc817d8eb28ef4db727bb6ea.php 第 51 行.
NOTIC: [8] Use of undefined constant site_email - assumed 'site_email' D:\APMServ5.2.6\www\htdocs\IKPHP\data\runtime\Cache\Admin\c7511b44fc817d8eb28ef4db727bb6ea.php 第 56 行.
NOTIC: [8] Undefined variable: strOption D:\APMServ5.2.6\www\htdocs\IKPHP\data\runtime\Cache\Admin\c7511b44fc817d8eb28ef4db727bb6ea.php 第 56 行.
NOTIC: [8] Use of undefined constant site_icp - assumed 'site_icp' D:\APMServ5.2.6\www\htdocs\IKPHP\data\runtime\Cache\Admin\c7511b44fc817d8eb28ef4db727bb6ea.php 第 62 行.
NOTIC: [8] Undefined variable: strOption D:\APMServ5.2.6\www\htdocs\IKPHP\data\runtime\Cache\Admin\c7511b44fc817d8eb28ef4db727bb6ea.php 第 62 行.
NOTIC: [8] Undefined variable: key D:\APMServ5.2.6\www\htdocs\IKPHP\data\runtime\Cache\Admin\c7511b44fc817d8eb28ef4db727bb6ea.php 第 85 行.
NOTIC: [8] Undefined variable: item D:\APMServ5.2.6\www\htdocs\IKPHP\data\runtime\Cache\Admin\c7511b44fc817d8eb28ef4db727bb6ea.php 第 85 行.
INFO: Run ParseTemplate Behavior [ RunTime:0.008462s ]
INFO: [ view_parse ] --END-- [ RunTime:0.008531s ]
INFO: [ view_filter ] --START--
INFO: Run ContentReplace Behavior [ RunTime:0.000255s ]
INFO: Run TokenBuild Behavior [ RunTime:0.000181s ]
INFO: Run WriteHtmlCache Behavior [ RunTime:0.000147s ]
INFO: Run ShowRuntime Behavior [ RunTime:0.000197s ]
INFO: Run content_replace Behavior [ RunTime:0.000892s ]
INFO: [ view_filter ] --END-- [ RunTime:0.001842s ]
INFO: [ view_end ] --START--
INFO: Run ShowPageTrace Behavior [ RunTime:0.000180s ]
INFO: [ view_end ] --END-- [ RunTime:0.000232s ]

[ 2013-03-02T09:05:18+08:00 ] 127.0.0.1 /ikphp/index.php?g=admin&m=setting&a=index
INFO: [ app_begin ] --START--
INFO: Run ReadHtmlCache Behavior [ RunTime:0.000441s ]
INFO: Run load_lang Behavior [ RunTime:0.002052s ]
INFO: [ app_begin ] --END-- [ RunTime:0.002729s ]
SQL: SHOW COLUMNS FROM `ik_setting` [ RunTime:0.003201s ]
INFO: [ view_template ] --START--
INFO: Run LocationTemplate Behavior [ RunTime:0.000573s ]
INFO: [ view_template ] --END-- [ RunTime:0.000712s ]
INFO: [ view_parse ] --START--
NOTIC: [8] Use of undefined constant site_desc - assumed 'site_desc' D:\APMServ5.2.6\www\htdocs\IKPHP\data\runtime\Cache\Admin\c7511b44fc817d8eb28ef4db727bb6ea.php 第 39 行.
NOTIC: [8] Undefined variable: strOption D:\APMServ5.2.6\www\htdocs\IKPHP\data\runtime\Cache\Admin\c7511b44fc817d8eb28ef4db727bb6ea.php 第 39 行.
NOTIC: [8] Use of undefined constant site_url - assumed 'site_url' D:\APMServ5.2.6\www\htdocs\IKPHP\data\runtime\Cache\Admin\c7511b44fc817d8eb28ef4db727bb6ea.php 第 46 行.
NOTIC: [8] Undefined variable: strOption D:\APMServ5.2.6\www\htdocs\IKPHP\data\runtime\Cache\Admin\c7511b44fc817d8eb28ef4db727bb6ea.php 第 46 行.
NOTIC: [8] Use of undefined constant charset - assumed 'charset' D:\APMServ5.2.6\www\htdocs\IKPHP\data\runtime\Cache\Admin\c7511b44fc817d8eb28ef4db727bb6ea.php 第 51 行.
NOTIC: [8] Undefined variable: strOption D:\APMServ5.2.6\www\htdocs\IKPHP\data\runtime\Cache\Admin\c7511b44fc817d8eb28ef4db727bb6ea.php 第 51 行.
NOTIC: [8] Use of undefined constant site_email - assumed 'site_email' D:\APMServ5.2.6\www\htdocs\IKPHP\data\runtime\Cache\Admin\c7511b44fc817d8eb28ef4db727bb6ea.php 第 56 行.
NOTIC: [8] Undefined variable: strOption D:\APMServ5.2.6\www\htdocs\IKPHP\data\runtime\Cache\Admin\c7511b44fc817d8eb28ef4db727bb6ea.php 第 56 行.
NOTIC: [8] Use of undefined constant site_icp - assumed 'site_icp' D:\APMServ5.2.6\www\htdocs\IKPHP\data\runtime\Cache\Admin\c7511b44fc817d8eb28ef4db727bb6ea.php 第 62 行.
NOTIC: [8] Undefined variable: strOption D:\APMServ5.2.6\www\htdocs\IKPHP\data\runtime\Cache\Admin\c7511b44fc817d8eb28ef4db727bb6ea.php 第 62 行.
NOTIC: [8] Undefined variable: key D:\APMServ5.2.6\www\htdocs\IKPHP\data\runtime\Cache\Admin\c7511b44fc817d8eb28ef4db727bb6ea.php 第 85 行.
NOTIC: [8] Undefined variable: item D:\APMServ5.2.6\www\htdocs\IKPHP\data\runtime\Cache\Admin\c7511b44fc817d8eb28ef4db727bb6ea.php 第 85 行.
INFO: Run ParseTemplate Behavior [ RunTime:0.014960s ]
INFO: [ view_parse ] --END-- [ RunTime:0.015091s ]
INFO: [ view_filter ] --START--
INFO: Run ContentReplace Behavior [ RunTime:0.000488s ]
INFO: Run TokenBuild Behavior [ RunTime:0.000392s ]
INFO: Run WriteHtmlCache Behavior [ RunTime:0.000319s ]
INFO: Run ShowRuntime Behavior [ RunTime:0.000531s ]
INFO: Run content_replace Behavior [ RunTime:0.001652s ]
INFO: [ view_filter ] --END-- [ RunTime:0.003734s ]
INFO: [ view_end ] --START--
INFO: Run ShowPageTrace Behavior [ RunTime:0.000218s ]
INFO: [ view_end ] --END-- [ RunTime:0.000275s ]

[ 2013-03-02T09:08:20+08:00 ] 127.0.0.1 /ikphp/index.php?g=admin&m=setting&a=index
INFO: [ app_begin ] --START--
INFO: Run ReadHtmlCache Behavior [ RunTime:0.000847s ]
INFO: Run load_lang Behavior [ RunTime:0.001414s ]
INFO: [ app_begin ] --END-- [ RunTime:0.002556s ]
SQL: SHOW COLUMNS FROM `ik_setting` [ RunTime:0.002018s ]
INFO: [ view_template ] --START--
INFO: Run LocationTemplate Behavior [ RunTime:0.001019s ]
INFO: [ view_template ] --END-- [ RunTime:0.001101s ]
INFO: [ view_parse ] --START--
NOTIC: [8] Use of undefined constant site_icp - assumed 'site_icp' D:\APMServ5.2.6\www\htdocs\IKPHP\data\runtime\Cache\Admin\c7511b44fc817d8eb28ef4db727bb6ea.php 第 62 行.
NOTIC: [8] Undefined variable: strOption D:\APMServ5.2.6\www\htdocs\IKPHP\data\runtime\Cache\Admin\c7511b44fc817d8eb28ef4db727bb6ea.php 第 62 行.
NOTIC: [8] Undefined variable: key D:\APMServ5.2.6\www\htdocs\IKPHP\data\runtime\Cache\Admin\c7511b44fc817d8eb28ef4db727bb6ea.php 第 85 行.
NOTIC: [8] Undefined variable: item D:\APMServ5.2.6\www\htdocs\IKPHP\data\runtime\Cache\Admin\c7511b44fc817d8eb28ef4db727bb6ea.php 第 85 行.
INFO: Run ParseTemplate Behavior [ RunTime:0.009283s ]
INFO: [ view_parse ] --END-- [ RunTime:0.009358s ]
INFO: [ view_filter ] --START--
INFO: Run ContentReplace Behavior [ RunTime:0.000586s ]
INFO: Run TokenBuild Behavior [ RunTime:0.000492s ]
INFO: Run WriteHtmlCache Behavior [ RunTime:0.000456s ]
INFO: Run ShowRuntime Behavior [ RunTime:0.000505s ]
INFO: Run content_replace Behavior [ RunTime:0.001358s ]
INFO: [ view_filter ] --END-- [ RunTime:0.003574s ]
INFO: [ view_end ] --START--
INFO: Run ShowPageTrace Behavior [ RunTime:0.000487s ]
INFO: [ view_end ] --END-- [ RunTime:0.000538s ]

[ 2013-03-02T10:31:04+08:00 ] 127.0.0.1 /ikphp/index.php?g=admin&m=setting&a=index
INFO: [ app_begin ] --START--
INFO: Run ReadHtmlCache Behavior [ RunTime:0.000873s ]
INFO: Run load_lang Behavior [ RunTime:0.001536s ]
INFO: [ app_begin ] --END-- [ RunTime:0.002571s ]
SQL: SHOW COLUMNS FROM `ik_setting` [ RunTime:0.002829s ]
INFO: [ view_template ] --START--
INFO: Run LocationTemplate Behavior [ RunTime:0.001036s ]
INFO: [ view_template ] --END-- [ RunTime:0.001101s ]
INFO: [ view_parse ] --START--
NOTIC: [8] Undefined variable: key D:\APMServ5.2.6\www\htdocs\IKPHP\data\runtime\Cache\Admin\c7511b44fc817d8eb28ef4db727bb6ea.php 第 85 行.
NOTIC: [8] Undefined variable: item D:\APMServ5.2.6\www\htdocs\IKPHP\data\runtime\Cache\Admin\c7511b44fc817d8eb28ef4db727bb6ea.php 第 85 行.
INFO: Run ParseTemplate Behavior [ RunTime:0.055881s ]
INFO: [ view_parse ] --END-- [ RunTime:0.055958s ]
INFO: [ view_filter ] --START--
INFO: Run ContentReplace Behavior [ RunTime:0.000617s ]
INFO: Run TokenBuild Behavior [ RunTime:0.000523s ]
INFO: Run WriteHtmlCache Behavior [ RunTime:0.000487s ]
INFO: Run ShowRuntime Behavior [ RunTime:0.000623s ]
INFO: Run content_replace Behavior [ RunTime:0.001448s ]
INFO: [ view_filter ] --END-- [ RunTime:0.003889s ]
INFO: [ view_end ] --START--
INFO: Run ShowPageTrace Behavior [ RunTime:0.000521s ]
INFO: [ view_end ] --END-- [ RunTime:0.000580s ]

[ 2013-03-02T10:32:51+08:00 ] 127.0.0.1 /ikphp/index.php?g=admin&m=setting&a=index
INFO: [ app_begin ] --START--
INFO: Run ReadHtmlCache Behavior [ RunTime:0.000455s ]
INFO: Run load_lang Behavior [ RunTime:0.002415s ]
INFO: [ app_begin ] --END-- [ RunTime:0.003125s ]
SQL: SHOW COLUMNS FROM `ik_setting` [ RunTime:0.003945s ]
INFO: [ view_template ] --START--
INFO: Run LocationTemplate Behavior [ RunTime:0.000537s ]
INFO: [ view_template ] --END-- [ RunTime:0.000653s ]
INFO: [ view_parse ] --START--
NOTIC: [8] Undefined variable: key D:\APMServ5.2.6\www\htdocs\IKPHP\data\runtime\Cache\Admin\c7511b44fc817d8eb28ef4db727bb6ea.php 第 85 行.
NOTIC: [8] Undefined variable: item D:\APMServ5.2.6\www\htdocs\IKPHP\data\runtime\Cache\Admin\c7511b44fc817d8eb28ef4db727bb6ea.php 第 85 行.
INFO: Run ParseTemplate Behavior [ RunTime:0.009561s ]
INFO: [ view_parse ] --END-- [ RunTime:0.009659s ]
INFO: [ view_filter ] --START--
INFO: Run ContentReplace Behavior [ RunTime:0.000251s ]
INFO: Run TokenBuild Behavior [ RunTime:0.000184s ]
INFO: Run WriteHtmlCache Behavior [ RunTime:0.000149s ]
INFO: Run ShowRuntime Behavior [ RunTime:0.000199s ]
INFO: Run content_replace Behavior [ RunTime:0.000899s ]
INFO: [ view_filter ] --END-- [ RunTime:0.001855s ]
INFO: [ view_end ] --START--
INFO: Run ShowPageTrace Behavior [ RunTime:0.000181s ]
INFO: [ view_end ] --END-- [ RunTime:0.000230s ]

[ 2013-03-02T10:32:52+08:00 ] 127.0.0.1 /ikphp/index.php?g=admin&m=setting&a=index
INFO: [ app_begin ] --START--
INFO: Run ReadHtmlCache Behavior [ RunTime:0.000407s ]
INFO: Run load_lang Behavior [ RunTime:0.001922s ]
INFO: [ app_begin ] --END-- [ RunTime:0.002551s ]
SQL: SHOW COLUMNS FROM `ik_setting` [ RunTime:0.003866s ]
INFO: [ view_template ] --START--
INFO: Run LocationTemplate Behavior [ RunTime:0.000531s ]
INFO: [ view_template ] --END-- [ RunTime:0.000648s ]
INFO: [ view_parse ] --START--
NOTIC: [8] Undefined variable: key D:\APMServ5.2.6\www\htdocs\IKPHP\data\runtime\Cache\Admin\c7511b44fc817d8eb28ef4db727bb6ea.php 第 85 行.
NOTIC: [8] Undefined variable: item D:\APMServ5.2.6\www\htdocs\IKPHP\data\runtime\Cache\Admin\c7511b44fc817d8eb28ef4db727bb6ea.php 第 85 行.
INFO: Run ParseTemplate Behavior [ RunTime:0.013579s ]
INFO: [ view_parse ] --END-- [ RunTime:0.013677s ]
INFO: [ view_filter ] --START--
INFO: Run ContentReplace Behavior [ RunTime:0.000280s ]
INFO: Run TokenBuild Behavior [ RunTime:0.000193s ]
INFO: Run WriteHtmlCache Behavior [ RunTime:0.000153s ]
INFO: Run ShowRuntime Behavior [ RunTime:0.000198s ]
INFO: Run content_replace Behavior [ RunTime:0.000903s ]
INFO: [ view_filter ] --END-- [ RunTime:0.001904s ]
INFO: [ view_end ] --START--
INFO: Run ShowPageTrace Behavior [ RunTime:0.000182s ]
INFO: [ view_end ] --END-- [ RunTime:0.000230s ]

[ 2013-03-02T10:34:04+08:00 ] 127.0.0.1 /ikphp/index.php?g=admin&m=setting&a=index
INFO: [ app_begin ] --START--
INFO: Run ReadHtmlCache Behavior [ RunTime:0.001123s ]
INFO: Run load_lang Behavior [ RunTime:0.003043s ]
INFO: [ app_begin ] --END-- [ RunTime:0.004403s ]
SQL: SHOW COLUMNS FROM `ik_setting` [ RunTime:0.001984s ]
INFO: [ view_template ] --START--
INFO: Run LocationTemplate Behavior [ RunTime:0.000997s ]
INFO: [ view_template ] --END-- [ RunTime:0.001058s ]
INFO: [ view_parse ] --START--
NOTIC: [8] Undefined variable: key D:\APMServ5.2.6\www\htdocs\IKPHP\data\runtime\Cache\Admin\c7511b44fc817d8eb28ef4db727bb6ea.php 第 85 行.
NOTIC: [8] Undefined variable: item D:\APMServ5.2.6\www\htdocs\IKPHP\data\runtime\Cache\Admin\c7511b44fc817d8eb28ef4db727bb6ea.php 第 85 行.
INFO: Run ParseTemplate Behavior [ RunTime:0.009541s ]
INFO: [ view_parse ] --END-- [ RunTime:0.009614s ]
INFO: [ view_filter ] --START--
INFO: Run ContentReplace Behavior [ RunTime:0.000623s ]
INFO: Run TokenBuild Behavior [ RunTime:0.000495s ]
INFO: Run WriteHtmlCache Behavior [ RunTime:0.000459s ]
INFO: Run ShowRuntime Behavior [ RunTime:0.000507s ]
INFO: Run content_replace Behavior [ RunTime:0.001321s ]
INFO: [ view_filter ] --END-- [ RunTime:0.003581s ]
INFO: [ view_end ] --START--
INFO: Run ShowPageTrace Behavior [ RunTime:0.000487s ]
INFO: [ view_end ] --END-- [ RunTime:0.000538s ]

[ 2013-03-02T10:36:12+08:00 ] 127.0.0.1 /ikphp/index.php?g=admin&m=setting&a=index
INFO: [ app_begin ] --START--
INFO: Run ReadHtmlCache Behavior [ RunTime:0.000653s ]
INFO: Run load_lang Behavior [ RunTime:0.002595s ]
INFO: [ app_begin ] --END-- [ RunTime:0.003838s ]
SQL: SHOW COLUMNS FROM `ik_setting` [ RunTime:0.001977s ]
INFO: [ view_template ] --START--
INFO: Run LocationTemplate Behavior [ RunTime:0.000974s ]
INFO: [ view_template ] --END-- [ RunTime:0.001036s ]
INFO: [ view_parse ] --START--
NOTIC: [8] Undefined variable: key D:\APMServ5.2.6\www\htdocs\IKPHP\data\runtime\Cache\Admin\c7511b44fc817d8eb28ef4db727bb6ea.php 第 85 行.
NOTIC: [8] Undefined variable: item D:\APMServ5.2.6\www\htdocs\IKPHP\data\runtime\Cache\Admin\c7511b44fc817d8eb28ef4db727bb6ea.php 第 85 行.
INFO: Run ParseTemplate Behavior [ RunTime:0.013143s ]
INFO: [ view_parse ] --END-- [ RunTime:0.013218s ]
INFO: [ view_filter ] --START--
INFO: Run ContentReplace Behavior [ RunTime:0.000583s ]
INFO: Run TokenBuild Behavior [ RunTime:0.000495s ]
INFO: Run WriteHtmlCache Behavior [ RunTime:0.000457s ]
INFO: Run ShowRuntime Behavior [ RunTime:0.000508s ]
INFO: Run content_replace Behavior [ RunTime:0.001325s ]
INFO: [ view_filter ] --END-- [ RunTime:0.003548s ]
INFO: [ view_end ] --START--
INFO: Run ShowPageTrace Behavior [ RunTime:0.000489s ]
INFO: [ view_end ] --END-- [ RunTime:0.000541s ]

